/Users/amane/Downloads/research/sawada/thesis/tipping_points/predictability_tipping_lab/tipping_element/amazon.py:874: MatplotlibDeprecationWarning: The get_cmap function was deprecated in Matplotlib 3.7 and will be removed two minor releases later. Use ``matplotlib.colormaps[name]`` or ``matplotlib.colormaps.get_cmap(obj)`` instead.
  cm = plt.cm.get_cmap('RdYlBu')
obs_num:40
T_start:32.9
Tth:34.7
dTex:0.8
Te:34
dtex:350
r:0.008910891089108933
s:0.004
s_num:1000
start simulation
make obs data
temperature noise :0.2
likelihood sd:0.025
obs_noise:0.025
temperature noise :0.2
temperature noise :0.2
smoothing steps:0
the number of observation is 40
start time devlop
write graphs
num of tipping particles:1000
num of tipping particles2:1000
num of tipping particles3:968
 
[2180. 2131. 2284. 2267. 2171. 2140. 2224. 2156. 2174. 2167. 2173. 2193.
 2171. 2162. 2193. 2147. 2212. 2194. 2181. 2395. 2201. 2206. 2145. 2144.
 2148. 2143. 2157. 2195. 2171. 2154. 2173. 2201. 2383. 2292. 2343. 2185.
 2223. 2213. 2112. 2216. 2417. 2153. 2132. 2203. 2149. 2167. 2131. 2215.
 2199. 2206. 2167. 2173. 2275. 2192. 2218. 2216. 2233. 2200. 2173. 2212.
 2193. 2267. 2143. 2402. 2179. 2152. 2147. 2215. 2155. 2209. 2247. 2154.
 2222. 2184. 2125. 2239. 2222. 2191. 2428. 2184. 2153. 2274. 2409. 2265.
 2180. 2220. 2149. 2495. 2230. 2190. 2250. 2179. 2155. 2299. 2422. 2174.
 2177. 2120. 2173. 2285. 2283. 2173. 2191. 2157. 2143. 2125. 2196. 2209.
 2162. 2194. 2181. 2353. 2155. 2147. 2422. 2239. 2212. 2158. 2235. 2160.
 2156. 2318. 2208. 2209. 2168. 2168. 2209. 2231. 2141. 2409. 2318. 2340.
 2224. 2268. 2196. 2242. 2143. 2153. 2346. 2180. 2177. 2189. 2295. 2146.
 2242. 2277. 2271. 2341. 2225. 2294. 2146. 2242. 2183. 2251. 2172. 2387.
 2200. 2134. 2141. 2339. 2142. 2187. 2165. 2408. 2294. 2211. 2175. 2248.
 2275. 2181. 2148. 2185. 2190. 2157. 2195. 2209. 2168. 2196. 2177. 2233.
 2168. 2165. 2181. 2252. 2251. 2190. 2151. 2256. 2188. 2182. 2265. 2229.
 2260. 2425. 2196. 2175. 2155. 2184. 2209. 2155. 2430. 2162. 2303. 2151.
 2164. 2202. 2158. 2185. 2227. 2189. 2179. 2251. 2165. 2170. 2149. 2178.
 2138. 2165. 2244. 2193. 2149. 2171. 2149. 2193. 2322. 2359. 2158. 2223.
 2134. 2236. 2266. 2158. 2147. 2236. 2222. 2153. 2240. 2415. 2177. 2174.
 2214. 2141. 2237. 2155. 2108. 2213. 2195. 2184. 2145. 2330. 2201. 2398.
 2220. 2203. 2176. 2174. 2196. 2147. 2230. 2157. 2168. 2224. 2179. 2156.
 2296. 2162. 2176. 2157. 2240. 2342. 2204. 2244. 2404. 2232. 2332. 2186.
 2228. 2193. 2149. 2211. 2303. 2428. 2421. 2427. 2228. 2194. 2257. 2201.
 2143. 2189. 2161. 2234. 2174. 2255. 2153. 2287. 2162. 2129. 2147. 2185.
 2192. 2196. 2227. 2180. 2180. 2265. 2146. 2406. 2223. 2124. 2186. 2237.
 2414. 2408. 2417. 2238. 2215. 2186. 2156. 2143. 2385. 2164. 2259. 2160.
 2159. 2155. 2256. 2188. 2225. 2126. 2388. 2354. 2155. 2168. 2228. 2126.
 2251. 2306. 2392. 2210. 2237. 2163. 2210. 2195. 2268. 2227. 2222. 2157.
 2236. 2238. 2170. 2215. 2174. 2223. 2192. 2156. 2174. 2264. 2239. 2224.
 2132. 2179. 2247. 2172. 2236. 2256. 2153. 2227. 2222. 2195. 2184. 2266.
 2202. 2196. 2481. 2170. 2230. 2190. 2170. 2146. 2326. 2250. 2186. 2255.
 2174. 2265. 2216. 2215. 2380. 2232. 2223. 2278. 2238. 2177. 2242. 2207.
 2226. 2210. 2126. 2212. 2142. 2329. 2160. 2176. 2179. 2171. 2248. 2253.
 2173. 2182. 2275. 2147. 2294. 2171. 2427. 2284. 2170. 2174. 2290. 2232.
 2130. 2170. 2174. 2185. 2261. 2257. 2200. 2206. 2173. 2162. 2271. 2162.
 2375. 2157. 2131. 2161. 2247. 2219. 2190. 2170. 2192. 2195. 2263. 2160.
 2180. 2157. 2213. 2239. 2176. 2168. 2196. 2243. 2222. 2284. 2186. 2428.
 2206. 2170. 2175. 2141. 2197. 2232. 2422. 2235. 2182. 2147. 2224. 2148.
 2180. 2236. 2195. 2239. 2265. 2188. 2250. 2178. 2192. 2152. 2217. 2158.
 2192. 2170. 2116. 2253. 2165. 2207. 2128. 2128. 2165. 2189. 2180. 2173.
 2193. 2438. 2415. 2164. 2192. 2186. 2252. 2193. 2114. 2177. 2272. 2126.
 2154. 2193. 2236. 2407. 2177. 2225. 2155. 2180. 2207. 2159. 2148. 2168.
 2226. 2240. 2201. 2432. 2178. 2179. 2291. 2432. 2180. 2272. 2146. 2167.
 2239. 2177. 2139. 2168. 2174. 2115. 2231. 2146. 2196. 2128. 2406. 2199.
 2410. 2199. 2174. 2231. 2163. 2233. 2146. 2228. 2165. 2257. 2224. 2185.
 2237. 2144. 2272. 2257. 2195. 2163. 2177. 2196. 2131. 2313. 2221. 2144.
 2206. 2149. 2224. 2176. 2390. 2154. 2189. 2161. 2147. 2154. 2420. 2387.
 2183. 2179. 2237. 2203. 2177. 2245. 2246. 2124. 2155. 2174. 2173. 2193.
 2180. 2193. 2131. 2426. 2151. 2177. 2153. 2234. 2146. 2199. 2159. 2249.
 2145. 2355. 2220. 2165. 2146. 2240. 2269. 2210. 2206. 2122. 2431. 2223.
 2410. 2409. 2481. 2137. 2278. 2378. 2114. 2199. 2254. 2147. 2232. 2202.
 2109. 2222. 2156. 2181. 2203. 2260. 2396. 2161. 2184. 2143. 2153. 2219.
 2171. 2249. 2174. 2203. 2172. 2191. 2189. 2221. 2202. 2316. 2385. 2212.
 2174. 2404. 2270. 2171. 2245. 2160. 2165. 2409. 2229. 2260. 2188. 2209.
 2123. 2304. 2302. 2211. 2162. 2144. 2186. 2205. 2196. 2174. 2174. 2143.
 2248. 2237. 2207. 2121. 2234. 2177. 2232. 2154. 2392. 2177. 2165. 2371.
 2147. 2145. 2350. 2191. 2205. 2149. 2157. 2168. 2396. 2154. 2151. 2201.
 2156. 2151. 2230. 2160. 2139. 2248. 2250. 2205. 2183. 2240. 2161. 2483.
 2156. 2146. 2180. 2165. 2437. 2226. 2151. 2219. 2320. 2196. 2137. 2301.
 2119. 2167. 2193. 2140. 2427. 2154. 2278. 2167. 2184. 2192. 2243. 2173.
 2191. 2170. 2211. 2133. 2229. 2160. 2361. 2158. 2208. 2168. 2260. 2227.
 2182. 2422. 2205. 2132. 2149. 2406. 2149. 2156. 2272. 2230. 2211. 2176.
 2230. 2189. 2260. 2234. 2422. 2212. 2175. 2229. 2205. 2426. 2208. 2222.
 2211. 2287. 2215. 2156. 2138. 2267. 2176. 2185. 2161. 2196. 2159. 2159.
 2201. 2161. 2126. 2201. 2239. 2152. 2201. 2306. 2146. 2246. 2208. 2282.
 2189. 2182. 2171. 2199. 2435. 2152. 2151. 2415. 2162. 2314. 2195. 2233.
 2150. 2128. 2160. 2424. 2229. 2137. 2240. 2157. 2233. 2251. 2193. 2225.
 2194. 2251. 2189. 2261. 2151. 2196. 2190. 2183. 2438. 2234. 2247. 2389.
 2154. 2263. 2128. 2155. 2188. 2182. 2149. 2255. 2218. 2222. 2185. 2193.
 2338. 2259. 2205. 2159. 2170. 2143. 2146. 2147. 2209. 2141. 2240. 2210.
 2181. 2260. 2216. 2194. 2238. 2243. 2167. 2386. 2153. 2240. 2161. 2161.
 2289. 2155. 2143. 2139. 2246. 2153. 2427. 2226. 2197. 2196. 2222. 2231.
 2414. 2165. 2217. 2181. 2195. 2166. 2153. 2170. 2182. 2168. 2337. 2232.
 2173. 2193. 2165. 2147. 2218. 2269. 2248. 2181. 2266. 2419. 2248. 2156.
 2266. 2404. 2274. 2197. 2151. 2191. 2153. 2152. 2384. 2240. 2306. 2163.
 2133. 2146. 2202. 2447. 2140. 2200. 2175. 2146. 2342. 2284. 2333. 2229.
 2189. 2162. 2182. 2264. 2194. 2198. 2312. 2233. 2222. 2406. 2146. 2258.
 2223. 2107. 2433. 2409. 2484. 2206. 2227. 2193. 2221. 2298. 2128. 2246.
 2130. 2143. 2255. 2174. 2207. 2186. 2165. 2175. 2260. 2117. 2153. 2251.
 2196. 2203. 2167. 2175. 2367. 2163. 2235. 2215. 2229. 2189. 2205. 2186.
 2161. 2155. 2292. 2185. 2163. 2164. 2236. 2165. 2170. 2185. 2194. 2252.
 2243. 2417. 2172. 2228. 2449. 2414. 2216. 2168. 2202. 2182. 2194. 2256.
 2185. 2298. 2163. 2246.]
/Users/amane/Downloads/research/sawada/thesis/tipping_points/predictability_tipping_lab/tipping_element/amazon.py:910: MatplotlibDeprecationWarning: The get_cmap function was deprecated in Matplotlib 3.7 and will be removed two minor releases later. Use ``matplotlib.colormaps[name]`` or ``matplotlib.colormaps.get_cmap(obj)`` instead.
  cm = plt.cm.get_cmap('RdYlBu')
/Users/amane/Downloads/research/sawada/thesis/tipping_points/predictability_tipping_lab/tipping_element/amazon.py:946: MatplotlibDeprecationWarning: The get_cmap function was deprecated in Matplotlib 3.7 and will be removed two minor releases later. Use ``matplotlib.colormaps[name]`` or ``matplotlib.colormaps.get_cmap(obj)`` instead.
  cm = plt.cm.get_cmap('RdYlBu')
/Users/amane/Downloads/research/sawada/thesis/tipping_points/predictability_tipping_lab/tipping_element/amazon.py:238: RuntimeWarning: divide by zero encountered in log
  Hprior=(-1)*np.sum(np.where(pri_bin_count <=0,0,pri_bin_count/n_particles*np.log(pri_bin_count/n_particles)))
/Users/amane/Downloads/research/sawada/thesis/tipping_points/predictability_tipping_lab/tipping_element/amazon.py:238: RuntimeWarning: invalid value encountered in multiply
  Hprior=(-1)*np.sum(np.where(pri_bin_count <=0,0,pri_bin_count/n_particles*np.log(pri_bin_count/n_particles)))
/Users/amane/Downloads/research/sawada/thesis/tipping_points/predictability_tipping_lab/tipping_element/amazon.py:239: RuntimeWarning: divide by zero encountered in log
  Hpost=(-1)*np.sum(np.where(post_bin_count<=0,0,post_bin_count/n_particles*np.log(post_bin_count/n_particles)))
/Users/amane/Downloads/research/sawada/thesis/tipping_points/predictability_tipping_lab/tipping_element/amazon.py:239: RuntimeWarning: invalid value encountered in multiply
  Hpost=(-1)*np.sum(np.where(post_bin_count<=0,0,post_bin_count/n_particles*np.log(post_bin_count/n_particles)))
[2263. 2227. 2309. 2306. 2255. 2229. 2287. 2246. 2259. 2252. 2258. 2267.
 2256. 2251. 2270. 2237. 2281. 2269. 2261. 2344. 2274. 2278. 2234. 2237.
 2237. 2234. 2249. 2271. 2256. 2243. 2260. 2274. 2326. 2309. 2318. 2264.
 2283. 2278. 2207. 2285. 2350. 2240. 2225. 2277. 2239. 2252. 2225. 2280.
 2273. 2277. 2251. 2259. 2306. 2267. 2284. 2283. 2290. 2273. 2255. 2281.
 2267. 2307. 2230. 2336. 2261. 2236. 2235. 2282. 2243. 2281. 2299. 2242.
 2284. 2262. 2215. 2294. 2288. 2268. 2366. 2262. 2245. 2312. 2345. 2305.
 2260. 2285. 2241. 2536. 2292. 2266. 2300. 2261. 2246. 2311. 2356. 2258.
 2260. 2216. 2260. 2308. 2307. 2257. 2267. 2248. 2231. 2220. 2270. 2278.
 2251. 2269. 2261. 2332. 2245. 2239. 2355. 2296. 2280. 2247. 2289. 2250.
 2246. 2316. 2275. 2276. 2255. 2255. 2275. 2292. 2232. 2342. 2317. 2328.
 2290. 2306. 2272. 2293. 2232. 2242. 2329. 2262. 2261. 2263. 2309. 2241.
 2296. 2310. 2305. 2320. 2284. 2312. 2234. 2297. 2264. 2300. 2254. 2329.
 2275. 2226. 2233. 2317. 2230. 2267. 2250. 2338. 2310. 2283. 2260. 2297.
 2310. 2262. 2236. 2266. 2267. 2244. 2271. 2279. 2255. 2274. 2261. 2291.
 2254. 2251. 2262. 2302. 2300. 2267. 2245. 2301. 2266. 2263. 2306. 2288.
 2302. 2359. 2271. 2260. 2249. 2263. 2277. 2245. 2367. 2251. 2311. 2237.
 2251. 2274. 2251. 2266. 2288. 2265. 2262. 2301. 2254. 2254. 2233. 2259.
 2228. 2251. 2300. 2271. 2241. 2256. 2243. 2266. 2324. 2322. 2251. 2285.
 2221. 2293. 2306. 2247. 2234. 2290. 2285. 2243. 2294. 2354. 2259. 2259.
 2284. 2233. 2294. 2243. 2198. 2280. 2268. 2262. 2236. 2316. 2277. 2345.
 2283. 2275. 2261. 2260. 2270. 2234. 2289. 2249. 2254. 2284. 2263. 2245.
 2311. 2249. 2260. 2243. 2296. 2317. 2277. 2294. 2335. 2291. 2316. 2266.
 2291. 2269. 2236. 2282. 2322. 2364. 2354. 2363. 2291. 2270. 2302. 2275.
 2232. 2268. 2245. 2293. 2260. 2301. 2244. 2310. 2249. 2220. 2236. 2264.
 2269. 2271. 2290. 2265. 2260. 2305. 2239. 2345. 2284. 2218. 2266. 2296.
 2347. 2347. 2348. 2293. 2279. 2268. 2249. 2234. 2339. 2250. 2306. 2251.
 2246. 2248. 2303. 2265. 2285. 2224. 2340. 2329. 2248. 2256. 2292. 2218.
 2300. 2316. 2342. 2278. 2293. 2249. 2278. 2271. 2303. 2288. 2285. 2245.
 2292. 2293. 2256. 2283. 2260. 2285. 2268. 2243. 2258. 2305. 2294. 2288.
 2225. 2262. 2299. 2260. 2294. 2301. 2242. 2288. 2287. 2271. 2264. 2304.
 2275. 2271. 2486. 2254. 2289. 2267. 2255. 2239. 2317. 2300. 2265. 2301.
 2255. 2305. 2282. 2284. 2339. 2293. 2284. 2310. 2293. 2260. 2296. 2278.
 2289. 2277. 2220. 2282. 2235. 2316. 2247. 2262. 2261. 2258. 2298. 2298.
 2259. 2262. 2306. 2235. 2312. 2257. 2363. 2308. 2258. 2255. 2309. 2293.
 2229. 2255. 2261. 2266. 2302. 2302. 2275. 2276. 2256. 2249. 2308. 2248.
 2334. 2246. 2227. 2249. 2299. 2283. 2267. 2251. 2265. 2270. 2305. 2248.
 2260. 2245. 2280. 2296. 2261. 2255. 2271. 2297. 2283. 2311. 2264. 2365.
 2277. 2255. 2260. 2231. 2271. 2290. 2354. 2293. 2262. 2237. 2286. 2237.
 2266. 2296. 2271. 2293. 2307. 2267. 2297. 2261. 2268. 2243. 2282. 2245.
 2268. 2254. 2208. 2301. 2251. 2277. 2224. 2217. 2253. 2268. 2262. 2260.
 2268. 2379. 2348. 2249. 2270. 2265. 2300. 2267. 2209. 2262. 2307. 2220.
 2241. 2269. 2293. 2341. 2260. 2286. 2246. 2262. 2278. 2251. 2241. 2251.
 2289. 2296. 2275. 2369. 2261. 2262. 2309. 2369. 2263. 2305. 2237. 2251.
 2292. 2261. 2230. 2251. 2258. 2214. 2288. 2233. 2269. 2224. 2345. 2274.
 2342. 2271. 2259. 2292. 2249. 2293. 2235. 2288. 2252. 2303. 2288. 2265.
 2294. 2235. 2305. 2303. 2270. 2253. 2260. 2274. 2230. 2313. 2284. 2235.
 2277. 2239. 2288. 2258. 2334. 2246. 2268. 2251. 2241. 2245. 2357. 2326.
 2262. 2260. 2293. 2276. 2260. 2299. 2297. 2222. 2245. 2259. 2256. 2273.
 2261. 2269. 2221. 2364. 2243. 2261. 2245. 2293. 2235. 2273. 2246. 2298.
 2235. 2332. 2285. 2250. 2241. 2295. 2305. 2282. 2278. 2219. 2368. 2285.
 2349. 2342. 2501. 2230. 2311. 2336. 2208. 2271. 2302. 2242. 2292. 2274.
 2202. 2283. 2244. 2265. 2275. 2305. 2338. 2253. 2266. 2233. 2244. 2282.
 2256. 2299. 2259. 2276. 2260. 2267. 2266. 2283. 2274. 2317. 2333. 2283.
 2256. 2340. 2307. 2256. 2298. 2248. 2252. 2344. 2289. 2307. 2268. 2282.
 2220. 2315. 2311. 2280. 2247. 2237. 2267. 2275. 2273. 2258. 2257. 2232.
 2298. 2293. 2277. 2216. 2290. 2258. 2291. 2247. 2342. 2262. 2251. 2321.
 2237. 2233. 2330. 2271. 2274. 2242. 2249. 2255. 2337. 2242. 2243. 2273.
 2247. 2241. 2290. 2248. 2231. 2297. 2299. 2275. 2265. 2296. 2247. 2485.
 2243. 2238. 2261. 2251. 2376. 2286. 2239. 2285. 2314. 2269. 2231. 2310.
 2210. 2253. 2267. 2233. 2365. 2248. 2311. 2255. 2265. 2269. 2298. 2260.
 2267. 2255. 2280. 2224. 2292. 2249. 2333. 2250. 2278. 2255. 2301. 2286.
 2263. 2357. 2278. 2226. 2239. 2342. 2241. 2243. 2306. 2289. 2278. 2258.
 2289. 2267. 2307. 2293. 2358. 2281. 2257. 2288. 2275. 2361. 2278. 2284.
 2278. 2307. 2283. 2244. 2228. 2308. 2257. 2264. 2247. 2271. 2251. 2247.
 2273. 2249. 2220. 2277. 2295. 2243. 2275. 2315. 2234. 2298. 2277. 2307.
 2268. 2264. 2255. 2273. 2374. 2242. 2242. 2348. 2249. 2311. 2271. 2291.
 2242. 2220. 2246. 2359. 2289. 2226. 2294. 2249. 2292. 2297. 2267. 2288.
 2269. 2302. 2266. 2305. 2239. 2274. 2265. 2265. 2378. 2296. 2299. 2327.
 2239. 2306. 2225. 2245. 2267. 2264. 2237. 2303. 2283. 2283. 2264. 2266.
 2319. 2300. 2277. 2245. 2255. 2235. 2237. 2236. 2282. 2234. 2294. 2278.
 2260. 2305. 2282. 2271. 2293. 2296. 2253. 2326. 2245. 2293. 2248. 2253.
 2308. 2240. 2235. 2232. 2296. 2240. 2364. 2288. 2270. 2273. 2286. 2289.
 2344. 2251. 2283. 2263. 2273. 2254. 2242. 2255. 2266. 2254. 2325. 2292.
 2260. 2271. 2251. 2237. 2282. 2307. 2298. 2262. 2305. 2350. 2300. 2247.
 2303. 2340. 2306. 2274. 2239. 2269. 2245. 2239. 2333. 2292. 2315. 2246.
 2228. 2233. 2273. 2407. 2229. 2275. 2262. 2234. 2317. 2308. 2316. 2292.
 2268. 2246. 2263. 2303. 2270. 2271. 2316. 2290. 2289. 2340. 2239. 2303.
 2287. 2200. 2371. 2345. 2493. 2277. 2289. 2271. 2285. 2311. 2224. 2298.
 2224. 2233. 2302. 2260. 2275. 2265. 2251. 2261. 2304. 2209. 2246. 2301.
 2271. 2275. 2254. 2260. 2327. 2250. 2291. 2283. 2290. 2268. 2277. 2265.
 2250. 2242. 2309. 2267. 2250. 2251. 2294. 2251. 2258. 2265. 2270. 2303.
 2297. 2354. 2257. 2289. 2404. 2344. 2282. 2251. 2277. 2263. 2268. 2300.
 2266. 2311. 2252. 2295.]
v range:(0,1.0)
g0 range:(25,35.0)
Topt range:(1.0,3.0)
v range:(0,1.0)
g0 range:(25,35.0)
Topt range:(1.0,3.0)
v range:(0,1.0)
g0 range:(25,35.0)
Topt range:(1.0,3.0)
v range:(0,1.0)
g0 range:(25,35.0)
Topt range:(1.0,3.0)
v range:(0,1.0)
g0 range:(25,35.0)
Topt range:(1.0,3.0)
v range:(0,1.0)
g0 range:(25,35.0)
Topt range:(1.0,3.0)
v range:(0,1.0)
g0 range:(25,35.0)
Topt range:(1.0,3.0)
v range:(0,1.0)
g0 range:(25,35.0)
Topt range:(1.0,3.0)
v range:(0,1.0)
g0 range:(25,35.0)
Topt range:(1.0,3.0)
v range:(0,1.0)
g0 range:(25,35.0)
Topt range:(1.0,3.0)
v range:(0,1.0)
g0 range:(25,35.0)
Topt range:(1.0,3.0)
v range:(0,1.0)
g0 range:(25,35.0)
Topt range:(1.0,3.0)
v range:(0,1.0)
g0 range:(25,35.0)
Topt range:(1.0,3.0)
v range:(0,1.0)
g0 range:(25,35.0)
Topt range:(1.0,3.0)
v range:(0,1.0)
g0 range:(25,35.0)
Topt range:(1.0,3.0)
v range:(0,1.0)
g0 range:(25,35.0)
Topt range:(1.0,3.0)
v range:(0,1.0)
g0 range:(25,35.0)
Topt range:(1.0,3.0)
v range:(0,1.0)
g0 range:(25,35.0)
Topt range:(1.0,3.0)
v range:(0,1.0)
g0 range:(25,35.0)
Topt range:(1.0,3.0)
v range:(0,1.0)
g0 range:(25,35.0)
Topt range:(1.0,3.0)
v range:(0,1.0)
g0 range:(25,35.0)
Topt range:(1.0,3.0)
v range:(0,1.0)
g0 range:(25,35.0)
Topt range:(1.0,3.0)
v range:(0,1.0)
g0 range:(25,35.0)
Topt range:(1.0,3.0)
v range:(0,1.0)
g0 range:(25,35.0)
Topt range:(1.0,3.0)
v range:(0,1.0)
g0 range:(25,35.0)
Topt range:(1.0,3.0)
v range:(0,1.0)
g0 range:(25,35.0)
Topt range:(1.0,3.0)
v range:(0,1.0)
g0 range:(25,35.0)
Topt range:(1.0,3.0)
v range:(0,1.0)
g0 range:(25,35.0)
Topt range:(1.0,3.0)
v range:(0,1.0)
g0 range:(25,35.0)
Topt range:(1.0,3.0)
v range:(0,1.0)
g0 range:(25,35.0)
Topt range:(1.0,3.0)
v range:(0,1.0)
g0 range:(25,35.0)
Topt range:(1.0,3.0)
v range:(0,1.0)
g0 range:(25,35.0)
Topt range:(1.0,3.0)
v range:(0,1.0)
g0 range:(25,35.0)
Topt range:(1.0,3.0)
v range:(0,1.0)
g0 range:(25,35.0)
Topt range:(1.0,3.0)
v range:(0,1.0)
g0 range:(25,35.0)
Topt range:(1.0,3.0)
v range:(0,1.0)
g0 range:(25,35.0)
Topt range:(1.0,3.0)
v range:(0,1.0)
g0 range:(25,35.0)
Topt range:(1.0,3.0)
v range:(0,1.0)
g0 range:(25,35.0)
Topt range:(1.0,3.0)
v range:(0,1.0)
g0 range:(25,35.0)
Topt range:(1.0,3.0)
v range:(0,1.0)
g0 range:(25,35.0)
Topt range:(1.0,3.0)
v range:(0,1.0)
g0 range:(25,35.0)
Topt range:(1.0,3.0)
v range:(0,1.0)
g0 range:(25,35.0)
Topt range:(1.0,3.0)
v range:(0,1.0)
g0 range:(25,35.0)
Topt range:(1.0,3.0)
v range:(0,1.0)
g0 range:(25,35.0)
Topt range:(1.0,3.0)
v range:(0,1.0)
g0 range:(25,35.0)
Topt range:(1.0,3.0)
v range:(0,1.0)
g0 range:(25,35.0)
Topt range:(1.0,3.0)
v range:(0,1.0)
g0 range:(25,35.0)
Topt range:(1.0,3.0)
v range:(0,1.0)
g0 range:(25,35.0)
Topt range:(1.0,3.0)
v range:(0,0.9999999999999999)
g0 range:(25,35.0)
Topt range:(1.0,3.0)
v range:(0,1.0)
g0 range:(25,35.0)
Topt range:(1.0,3.0)
v range:(0,1.0)
g0 range:(25,35.0)
Topt range:(1.0,3.0)
v range:(0,1.0)
g0 range:(25,35.0)
Topt range:(1.0,3.0)
v range:(0,1.0)
g0 range:(25,35.0)
Topt range:(1.0,3.0)
v range:(0,1.0)
g0 range:(25,35.0)
Topt range:(1.0,3.0)
v range:(0,1.0)
g0 range:(25,35.0)
Topt range:(1.0,3.0)
v range:(0,1.0)
g0 range:(25,35.0)
Topt range:(1.0,3.0)
v range:(0,1.0)
g0 range:(25,35.0)
Topt range:(1.0,3.0)
v range:(0,1.0)
g0 range:(25,35.0)
Topt range:(1.0,3.0)
v range:(0,1.0)
g0 range:(25,35.0)
Topt range:(1.0,3.0)
v range:(0,1.0)
g0 range:(25,35.0)
Topt range:(1.0,3.0)
v range:(0,1.0)
g0 range:(25,35.0)
Topt range:(1.0,3.0)
v range:(0,1.0)
g0 range:(25,35.0)
Topt range:(1.0,3.0)
v range:(0,1.0)
g0 range:(25,35.0)
Topt range:(1.0,3.0)
v range:(0,1.0)
g0 range:(25,35.0)
Topt range:(1.0,3.0)
v range:(0,1.0)
g0 range:(25,35.0)
Topt range:(1.0,3.0)
v range:(0,1.0)
g0 range:(25,35.0)
Topt range:(1.0,3.0)
v range:(0,1.0)
g0 range:(25,35.0)
Topt range:(1.0,3.0)
v range:(0,1.0)
g0 range:(25,35.0)
Topt range:(1.0,3.0)
v range:(0,1.0)
g0 range:(25,35.0)
Topt range:(1.0,3.0)
v range:(0,1.0)
g0 range:(25,35.0)
Topt range:(1.0,3.0)
