/Users/amane/Downloads/research/sawada/thesis/tipping_points/predictability_tipping_lab/tipping_element/amazon.py:932: MatplotlibDeprecationWarning: The get_cmap function was deprecated in Matplotlib 3.7 and will be removed two minor releases later. Use ``matplotlib.colormaps[name]`` or ``matplotlib.colormaps.get_cmap(obj)`` instead.
  cm = plt.cm.get_cmap('RdYlBu')
obs_num:40
T_start:32.9
Tth:34.7
dTex:0.8
Te:34
dtex:350
r:0.008910891089108933
s:0.004
s_num:1000
start simulation
make obs data
temperature noise :0.0
likelihood sd:0.025
obs_noise:0.025
temperature noise :0.0
temperature noise :0.0
smoothing steps:0
the number of observation is 40
start time devlop
write graphs
num of tipping particles:1000
num of tipping particles2:970
num of tipping particles3:514
 
[2273. 2451. 2389. 2207. 2341. 2182. 2189. 2278. 2204. 2377. 2362. 2215.
 2345. 2330. 2212. 2216. 2349. 2205. 2309. 2356. 2372. 2196. 2245. 2470.
 2098. 2418. 2409. 2271. 2457. 2303. 2353. 2208. 2287. 2223. 2203. 2359.
 2233. 2348. 2244. 2213. 2585. 2568. 2244. 2250. 2231. 2479. 2382. 2159.
 2483. 2378. 2309. 2340. 2246. 2275. 2423. 2147. 2357. 2184. 2354. 2283.
 2470. 2412. 2293. 2582. 2184. 2252. 2268. 2312. 2298. 2339. 2273. 2403.
 2309. 2435. 2490. 2369. 2139. 2178. 2412. 2242. 2378. 2247. 2454. 2228.
 2355. 2299. 2224. 2235. 2321. 2299. 2309. 2102. 2250. 2485. 2249. 2308.
 2392. 2260. 2227. 2150. 2182. 2245. 2221. 2233. 2446. 2647. 2237. 2257.
 2208. 2480. 2374. 2345. 2391. 2161. 2432. 2257. 2247. 2503. 2333. 2320.
 2324. 2453. 2320. 2225. 2312. 2339. 2489. 2267. 2298. 2294. 2302. 2534.
 2286. 2275. 2129. 2229. 2410. 2345. 2175. 2270. 2343. 2354. 2211. 2403.
 2270. 2325. 2276. 2226. 2357. 2209. 2516. 2375. 2566. 2382. 2389. 2327.
 2238. 2354. 2232. 2526. 2193. 2229. 2122. 2314. 2136. 2471. 2371. 2335.
 2181. 2361. 2458. 2388. 2303. 2373. 2132. 2237. 2377. 2364. 2275. 2223.
 2355. 2190. 2372. 2411. 2297. 2325. 2204. 2237. 2295. 2569. 2559. 2323.
 2398. 2369. 2272. 2432. 2360. 2273. 2381. 2256. 2505. 2445. 2390. 2360.
 2379. 2321. 2348. 2203. 2486. 2158. 2170. 2471. 2203. 2291. 2507. 2207.
 2212. 2282. 2345. 2505. 2321. 2443. 2303. 2318. 2285. 2334. 2399. 2248.
 2204. 2214. 2388. 2170. 2404. 2210. 2227. 2345. 2188. 2257. 2254. 2269.
 2230. 2314. 2204. 2234. 2224. 2360. 2483. 2456. 2334. 2291. 2322. 2103.
 2269. 2388. 2227. 2349. 2304. 2517. 2286. 2163. 2315. 2419. 2206. 2563.
 2240. 2259. 2306. 2119. 2400. 2264. 2373. 2225. 2171. 2414. 2208. 2482.
 2320. 2245. 2359. 2313. 2279. 2296. 2319. 2372. 2233. 2356. 2313. 2167.
 2382. 2323. 2260. 2499. 2244. 2403. 2179. 2314. 2258. 2283. 2286. 2342.
 2228. 2476. 2296. 2368. 2282. 2305. 2228. 2343. 2353. 2349. 2497. 2201.
 2289. 2304. 2481. 2178. 2496. 2181. 2280. 2306. 2303. 2730. 2236. 2298.
 2448. 2193. 2427. 2329. 2270. 2520. 2358. 2348. 2281. 2169. 2402. 2440.
 2215. 2365. 2507. 2225. 2257. 2193. 2504. 2121. 2337. 2403. 2411. 2336.
 2400. 2286. 2381. 2346. 2307. 2194. 2180. 2312. 2275. 2403. 2619. 2232.
 2296. 2183. 2213. 2229. 2197. 2430. 2359. 2223. 2187. 2406. 2273. 2342.
 2354. 2410. 2141. 2395. 2551. 2480. 2298. 2413. 2310. 2514. 2253. 2320.
 2242. 2393. 2372. 2181. 2435. 2290. 2199. 2225. 2157. 2452. 2137. 2499.
 2367. 2437. 2209. 2197. 2511. 2235. 2225. 2370. 2169. 2310. 2287. 2193.
 2266. 2230. 2288. 2203. 2437. 2316. 2356. 2478. 2207. 2284. 2386. 2254.
 2263. 2284. 2469. 2271. 2394. 2230. 2340. 2255. 2255. 2259. 2194. 2467.
 2295. 2314. 2571. 2238. 2462. 2316. 2311. 2228. 2397. 2277. 2170. 2216.
 2210. 2390. 2315. 2342. 2154. 2323. 2212. 2329. 2378. 2478. 2338. 2410.
 2255. 2302. 2445. 2209. 2285. 2182. 2373. 2269. 2307. 2283. 2223. 2273.
 2320. 2500. 2475. 2469. 2221. 2160. 2253. 2292. 2329. 2348. 2456. 2136.
 2412. 2407. 2316. 2211. 2226. 2432. 2281. 2362. 2104. 2260. 2326. 2494.
 2197. 2235. 2229. 2226. 2423. 2339. 2148. 2172. 2367. 2354. 2250. 2323.
 2232. 2226. 2493. 2273. 2432. 2444. 2264. 2313. 2158. 2449. 2206. 2234.
 2407. 2288. 2520. 2205. 2301. 2284. 2491. 2287. 2327. 2223. 2286. 2368.
 2176. 2201. 2285. 2392. 2472. 2207. 2298. 2400. 2361. 2126. 2352. 2196.
 2193. 2389. 2335. 2397. 2302. 2295. 2258. 2191. 2180. 2229. 2358. 2216.
 2317. 2206. 2236. 2148. 2228. 2222. 2173. 2283. 2270. 2350. 2406. 2224.
 2330. 2237. 2353. 2364. 2345. 2292. 2317. 2140. 2444. 2513. 2295. 2171.
 2317. 2333. 2242. 2374. 2227. 2205. 2277. 2204. 2261. 2386. 2328. 2380.
 2123. 2275. 2288. 2280. 2181. 2361. 2233. 2283. 2324. 2480. 2321. 2284.
 2192. 2462. 2380. 2150. 2404. 2509. 2291. 2350. 2279. 2227. 2218. 2493.
 2423. 2449. 2293. 2324. 2293. 2302. 2410. 2343. 2248. 2507. 2190. 2477.
 2205. 2371. 2238. 2374. 2400. 2532. 2234. 2258. 2161. 2342. 2218. 2356.
 2234. 2241. 2231. 2282. 2259. 2202. 2181. 2404. 2264. 2402. 2208. 2178.
 2341. 2200. 2328. 2379. 2407. 2232. 2297. 2285. 2276. 2348. 2160. 2149.
 2281. 2240. 2316. 2573. 2307. 2380. 2191. 2314. 2252. 2313. 2250. 2484.
 2334. 2363. 2243. 2195. 2255. 2428. 2242. 2386. 2181. 2268. 2355. 2361.
 2291. 2282. 2298. 2250. 2285. 2326. 2412. 2165. 2233. 2357. 2355. 2159.
 2246. 2402. 2254. 2200. 2285. 2227. 2167. 2515. 2479. 2424. 2240. 2163.
 2952. 2292. 2358. 2194. 2233. 2138. 2475. 2265. 2225. 2348. 2279. 2145.
 2315. 2187. 2363. 2398. 2340. 2294. 2473. 2601. 2240. 2374. 2216. 2142.
 2462. 2401. 2329. 2258. 2304. 2464. 2301. 2202. 2256. 2355. 2268. 2290.
 2209. 2587. 2275. 2424. 2295. 2397. 2253. 2316. 2231. 2277. 2371. 2242.
 2197. 2203. 2255. 2382. 2295. 2251. 2317. 2367. 2174. 2526. 2292. 2202.
 2507. 2429. 2400. 2440. 2242. 2267. 2359. 2496. 2182. 2288. 2457. 2141.
 2134. 2123. 2344. 2338. 2237. 2262. 2270. 2158. 2280. 2295. 2212. 2291.
 2219. 2281. 2265. 2169. 2373. 2533. 2223. 2209. 2399. 2458. 2409. 2623.
 2373. 2228. 2296. 2184. 2163. 2362. 2340. 2425. 2254. 2251. 2201. 2271.
 2353. 2338. 2216. 2298. 2192. 2252. 2336. 2196. 2720. 2295. 2264. 2362.
 2452. 2359. 2245. 2276. 2327. 2233. 2196. 2475. 2239. 2242. 2290. 2240.
 2260. 2390. 2323. 2277. 2205. 2233. 2223. 2288. 2330. 2415. 2214. 2248.
 2206. 2171. 2364. 2379. 2115. 2224. 2197. 2170. 2309. 2401. 2213. 2196.
 2359. 2478. 2192. 2238. 2260. 2229. 2264. 2201. 2216. 2241. 2362. 2289.
 2232. 2336. 2224. 2318. 2473. 2288. 2400. 2301. 2199. 2213. 2493. 2375.
 2235. 2525. 2208. 2254. 2279. 2223. 2163. 2270. 2125. 2520. 2331. 2713.
 2186. 2227. 2402. 2295. 2206. 2474. 2368. 2177. 2293. 2125. 2244. 2201.
 2388. 2234. 2262. 2505. 2248. 2416. 2412. 2220. 2400. 2216. 2456. 2222.
 2331. 2495. 2315. 2378. 2218. 2163. 2161. 2357. 2270. 2398. 2431. 2368.
 2233. 2199. 2222. 2418. 2310. 2270. 2212. 2347. 2377. 2143. 2325. 2763.
 2294. 2297. 2255. 2487. 2333. 2282. 2265. 2371. 2261. 2274. 2270. 2356.
 2254. 2228. 2411. 2236. 2284. 2212. 2720. 2200. 2155. 2224. 2337. 2338.
 2305. 2204. 2254. 2255. 2298. 2183. 2173. 2340. 2264. 2320. 2358. 2263.
 2172. 2339. 2249. 2342. 2381. 2435. 2419. 2244. 2487. 2249. 2533. 2250.
 2260. 2324. 2284. 2254.]
/Users/amane/Downloads/research/sawada/thesis/tipping_points/predictability_tipping_lab/tipping_element/amazon.py:968: MatplotlibDeprecationWarning: The get_cmap function was deprecated in Matplotlib 3.7 and will be removed two minor releases later. Use ``matplotlib.colormaps[name]`` or ``matplotlib.colormaps.get_cmap(obj)`` instead.
  cm = plt.cm.get_cmap('RdYlBu')
/Users/amane/Downloads/research/sawada/thesis/tipping_points/predictability_tipping_lab/tipping_element/amazon.py:1004: MatplotlibDeprecationWarning: The get_cmap function was deprecated in Matplotlib 3.7 and will be removed two minor releases later. Use ``matplotlib.colormaps[name]`` or ``matplotlib.colormaps.get_cmap(obj)`` instead.
  cm = plt.cm.get_cmap('RdYlBu')
/Users/amane/Downloads/research/sawada/thesis/tipping_points/predictability_tipping_lab/tipping_element/amazon.py:238: RuntimeWarning: divide by zero encountered in log
  Hprior=(-1)*np.sum(np.where(pri_bin_count <=0,0,pri_bin_count/n_particles*np.log(pri_bin_count/n_particles)))
/Users/amane/Downloads/research/sawada/thesis/tipping_points/predictability_tipping_lab/tipping_element/amazon.py:238: RuntimeWarning: invalid value encountered in multiply
  Hprior=(-1)*np.sum(np.where(pri_bin_count <=0,0,pri_bin_count/n_particles*np.log(pri_bin_count/n_particles)))
/Users/amane/Downloads/research/sawada/thesis/tipping_points/predictability_tipping_lab/tipping_element/amazon.py:239: RuntimeWarning: divide by zero encountered in log
  Hpost=(-1)*np.sum(np.where(post_bin_count<=0,0,post_bin_count/n_particles*np.log(post_bin_count/n_particles)))
/Users/amane/Downloads/research/sawada/thesis/tipping_points/predictability_tipping_lab/tipping_element/amazon.py:239: RuntimeWarning: invalid value encountered in multiply
  Hpost=(-1)*np.sum(np.where(post_bin_count<=0,0,post_bin_count/n_particles*np.log(post_bin_count/n_particles)))
[ 2273.  2519.  2404.  2208.  2345.  2181.  2191.  2279.  2205.  2387.
  2368.  2214.  2349.  2331.  2214.  2215.  2353.  2206.  2310.  2362.
  2380.  2195.  2245.  2550.  2099.  2445.  2432.  2273.  2518.  2303.
  2358.  2208.  2289.  2224.  2202.  2365.  2231.  2352.  2244.  2212.
 10000. 10000.  2246.  2250.  2233.  2563.  2393.  2157.  2590.  2387.
  2310.  2343.  2243.  2276.  2453.  2149.  2363.  2185.  2359.  2285.
  2562.  2432.  2294. 10000.  2183.  2252.  2269.  2314.  2299.  2340.
  2274.  2420.  2310.  2468.  2604.  2376.  2137.  2176.  2434.  2242.
  2388.  2249.  2508.  2229.  2359.  2299.  2223.  2236.  2323.  2300.
  2311.  2102.  2252.  2607.  2249.  2309.  2408.  2258.  2227.  2153.
  2179.  2246.  2219.  2232.  2488. 10000.  2237.  2258.  2207.  2589.
  2383.  2349.  2403.  2161.  2471.  2256.  2247.  2671.  2335.  2321.
  2326.  2511.  2321.  2226.  2312.  2342.  2589.  2267.  2297.  2295.
  2302. 10000.  2287.  2276.  2131.  2229.  2430.  2350.  2172.  2272.
  2346.  2359.  2212.  2418.  2269.  2328.  2276.  2228.  2363.  2209.
 10000.  2384. 10000.  2393.  2401.  2330.  2235.  2358.  2234. 10000.
  2195.  2229.  2124.  2315.  2136.  2546.  2378.  2337.  2181.  2366.
  2528.  2399.  2304.  2381.  2131.  2236.  2386.  2370.  2274.  2225.
  2360.  2192.  2380.  2433.  2297.  2326.  2204.  2237.  2296. 10000.
 10000.  2324.  2413.  2377.  2271.  2464.  2366.  2274.  2391.  2257.
  2651.  2495.  2404.  2366.  2388.  2322.  2352.  2206.  2593.  2158.
  2173.  2560.  2203.  2293.  2753.  2207.  2211.  2283.  2349.  2642.
  2324.  2483.  2304.  2319.  2285.  2337.  2417.  2247.  2205.  2214.
  2402.  2170.  2420.  2212.  2227.  2349.  2184.  2258.  2253.  2268.
  2232.  2316.  2204.  2235.  2224.  2366.  2608.  2512.  2337.  2292.
  2324.  2103.  2271.  2400.  2227.  2352.  2304. 10000.  2287.  2160.
  2316.  2445.  2205. 10000.  2240.  2259.  2307.  2116.  2416.  2265.
  2382.  2226.  2170.  2436.  2206.  2573.  2322.  2246.  2364.  2313.
  2280.  2295.  2321.  2381.  2233.  2362.  2315.  2168.  2393.  2326.
  2259.  2633.  2242.  2420.  2180.  2316.  2256.  2282.  2287.  2345.
  2227.  2566.  2297.  2375.  2283.  2306.  2228.  2346.  2357.  2353.
  2649.  2199.  2289.  2305.  2603.  2179.  2658.  2181.  2279.  2307.
  2305. 10000.  2236.  2298.  2495.  2193.  2458.  2331.  2271.  2878.
  2364.  2352.  2282.  2171.  2421.  2480.  2216.  2371.  2676.  2224.
  2257.  2194.  2671.  2123.  2340.  2420.  2432.  2339.  2419.  2286.
  2392.  2350.  2308.  2194.  2181.  2313.  2275.  2422. 10000.  2231.
  2297.  2181.  2213.  2231.  2198.  2465.  2363.  2223.  2188.  2426.
  2274.  2345.  2359.  2429.  2139.  2411. 10000.  2571.  2299.  2437.
  2312.  2719.  2253.  2321.  2242.  2409.  2380.  2180.  2480.  2290.
  2200.  2225.  2158.  2510.  2140.  2696.  2374.  2479.  2209.  2196.
  2685.  2236.  2226.  2377.  2170.  2310.  2287.  2193.  2265.  2231.
  2288.  2206.  2478.  2318.  2361.  2586.  2207.  2285.  2397.  2255.
  2264.  2286.  2551.  2271.  2411.  2231.  2344.  2254.  2255.  2259.
  2194.  2563.  2295.  2316. 10000.  2239.  2529.  2316.  2313.  2227.
  2412.  2278.  2171.  2217.  2211.  2402.  2316.  2346.  2156.  2325.
  2212.  2331.  2388.  2561.  2341.  2432.  2257.  2303.  2493.  2214.
  2287.  2182.  2381.  2268.  2307.  2283.  2223.  2271.  2321.  2652.
  2557.  2537.  2222.  2160.  2254.  2292.  2332.  2352.  2508.  2138.
  2436.  2425.  2317.  2209.  2224.  2464.  2282.  2368.  2100.  2261.
  2329.  2653.  2199.  2235.  2227.  2228.  2449.  2343.  2147.  2176.
  2374.  2359.  2251.  2325.  2231.  2228.  2640.  2275.  2468.  2483.
  2264.  2313.  2159.  2499.  2206.  2234.  2425.  2289.  2758.  2204.
  2302.  2285.  2603.  2286.  2330.  2224.  2288.  2375.  2175.  2201.
  2284.  2404.  2545.  2208.  2298.  2417.  2368.  2121.  2356.  2196.
  2194.  2402.  2338.  2413.  2304.  2296.  2258.  2191.  2179.  2226.
  2363.  2216.  2317.  2207.  2236.  2150.  2229.  2222.  2176.  2282.
  2269.  2355.  2427.  2223.  2332.  2238.  2357.  2372.  2348.  2293.
  2318.  2139.  2499.  2784.  2296.  2171.  2319.  2334.  2241.  2381.
  2228.  2203.  2277.  2203.  2262.  2397.  2330.  2390.  2123.  2276.
  2288.  2281.  2181.  2366.  2232.  2283.  2325.  2591.  2323.  2284.
  2195.  2518.  2390.  2149.  2425.  2797.  2293.  2354.  2280.  2227.
  2221.  2601.  2452.  2508.  2293.  2326.  2293.  2303.  2429.  2347.
  2247.  2692.  2191.  2568.  2205.  2379.  2238.  2383.  2416. 10000.
  2231.  2258.  2161.  2345.  2217.  2361.  2234.  2242.  2232.  2283.
  2259.  2201.  2184.  2420.  2263.  2421.  2207.  2174.  2345.  2200.
  2330.  2389.  2427.  2231.  2299.  2287.  2277.  2352.  2162.  2149.
  2282.  2240.  2318. 10000.  2309.  2391.  2193.  2316.  2252.  2315.
  2249.  2583.  2337.  2369.  2244.  2198.  2256.  2458.  2243.  2399.
  2183.  2269.  2360.  2367.  2291.  2280.  2299.  2248.  2285.  2327.
  2432.  2166.  2235.  2363.  2360.  2159.  2245.  2422.  2254.  2201.
  2284.  2226.  2169.  2795.  2570.  2452.  2239.  2164. 10000.  2294.
  2363.  2194.  2233.  2133.  2570.  2266.  2226.  2353.  2280.  2141.
  2316.  2187.  2369.  2412.  2344.  2295.  2554. 10000.  2240.  2383.
  2217.  2139.  2520.  2416.  2330.  2257.  2306.  2535.  2301.  2197.
  2255.  2360.  2266.  2291.  2211. 10000.  2276.  2454.  2294.  2413.
  2251.  2318.  2230.  2278.  2379.  2242.  2198.  2203.  2255.  2394.
  2295.  2250.  2319.  2374.  2177. 10000.  2294.  2202.  2659.  2461.
  2416.  2485.  2242.  2269.  2364.  2674.  2182.  2287.  2508.  2141.
  2133.  2120.  2348.  2341.  2238.  2261.  2271.  2159.  2281.  2296.
  2211.  2290.  2218.  2281.  2264.  2170.  2382. 10000.  2225.  2208.
  2416.  2534.  2432. 10000.  2381.  2228.  2296.  2184.  2164.  2367.
  2343.  2449.  2254.  2249.  2200.  2272.  2358.  2341.  2216.  2299.
  2195.  2252.  2339.  2195. 10000.  2294.  2263.  2368.  2516.  2364.
  2245.  2275.  2329.  2232.  2197.  2559.  2240.  2243.  2291.  2240.
  2261.  2405.  2326.  2279.  2205.  2233.  2224.  2288.  2332.  2438.
  2215.  2246.  2209.  2170.  2371.  2389.  2114.  2224.  2196.  2171.
  2310.  2417.  2211.  2197.  2364.  2589.  2193.  2238.  2261.  2229.
  2263.  2203.  2218.  2240.  2368.  2289.  2233.  2338.  2223.  2321.
  2556.  2289.  2416.  2302.  2201.  2213.  2642.  2383.  2236. 10000.
  2207.  2254.  2280.  2225.  2163.  2271.  2125.  2793.  2332. 10000.
  2185.  2227.  2419.  2296.  2209.  2562.  2375.  2179.  2294.  2126.
  2243.  2202.  2400.  2234.  2263.  2658.  2245.  2442.  2437.  2221.
  2416.  2214.  2511.  2224.  2333.  2682.  2317.  2387.  2220.  2162.
  2160.  2362.  2269.  2413.  2463.  2375.  2234.  2198.  2220.  2443.
  2311.  2267.  2212.  2351.  2386.  2145.  2328. 10000.  2296.  2299.
  2254.  2582.  2336.  2284.  2266.  2379.  2263.  2273.  2271.  2362.
  2255.  2230.  2431.  2237.  2285.  2212. 10000.  2203.  2158.  2225.
  2341.  2341.  2306.  2203.  2255.  2256.  2299.  2183.  2172.  2343.
  2266.  2321.  2363.  2265.  2173.  2343.  2249.  2344.  2391.  2475.
  2445.  2243.  2629.  2250. 10000.  2250.  2262.  2326.  2285.  2252.]
v range:(0,1.0)
g0 range:(25,35.0)
Topt range:(1.0,3.0)
v range:(0,1.0)
g0 range:(25,35.0)
Topt range:(1.0,3.0)
v range:(0,1.0)
g0 range:(25,35.0)
Topt range:(1.0,3.0)
v range:(0,1.0)
g0 range:(25,35.0)
Topt range:(1.0,3.0)
v range:(0,1.0)
g0 range:(25,35.0)
Topt range:(1.0,3.0)
v range:(0,1.0)
g0 range:(25,35.0)
Topt range:(1.0,3.0)
v range:(0,1.0)
g0 range:(25,35.0)
Topt range:(1.0,3.0)
v range:(0,1.0)
g0 range:(25,35.0)
Topt range:(1.0,3.0)
v range:(0,1.0)
g0 range:(25,35.0)
Topt range:(1.0,3.0)
v range:(0,1.0)
g0 range:(25,35.0)
Topt range:(1.0,3.0)
v range:(0,1.0)
g0 range:(25,35.0)
Topt range:(1.0,3.0)
v range:(0,1.0)
g0 range:(25,35.0)
Topt range:(1.0,3.0)
v range:(0,1.0)
g0 range:(25,35.0)
Topt range:(1.0,3.0)
v range:(0,1.0)
g0 range:(25,35.0)
Topt range:(1.0,3.0)
v range:(0,1.0)
g0 range:(25,35.0)
Topt range:(1.0,3.0)
v range:(0,1.0)
g0 range:(25,35.0)
Topt range:(1.0,3.0)
v range:(0,1.0)
g0 range:(25,35.0)
Topt range:(1.0,3.0)
v range:(0,1.0)
g0 range:(25,35.0)
Topt range:(1.0,3.0)
v range:(0,1.0)
g0 range:(25,35.0)
Topt range:(1.0,3.0)
v range:(0,1.0)
g0 range:(25,35.0)
Topt range:(1.0,3.0)
v range:(0,1.0)
g0 range:(25,35.0)
Topt range:(1.0,3.0)
v range:(0,1.0)
g0 range:(25,35.0)
Topt range:(1.0,3.0)
v range:(0,1.0)
g0 range:(25,35.0)
Topt range:(1.0,3.0)
v range:(0,1.0)
g0 range:(25,35.0)
Topt range:(1.0,3.0)
v range:(0,1.0)
g0 range:(25,35.0)
Topt range:(1.0,3.0)
v range:(0,1.0)
g0 range:(25,35.0)
Topt range:(1.0,3.0)
v range:(0,1.0)
g0 range:(25,35.0)
Topt range:(1.0,3.0)
v range:(0,1.0)
g0 range:(25,35.0)
Topt range:(1.0,3.0)
v range:(0,1.0)
g0 range:(25,35.0)
Topt range:(1.0,3.0)
v range:(0,1.0)
g0 range:(25,35.0)
Topt range:(1.0,3.0)
v range:(0,1.0)
g0 range:(25,35.0)
Topt range:(1.0,3.0)
v range:(0,1.0)
g0 range:(25,35.0)
Topt range:(1.0,3.0)
v range:(0,1.0)
g0 range:(25,35.0)
Topt range:(1.0,3.0)
v range:(0,1.0)
g0 range:(25,35.0)
Topt range:(1.0,3.0)
v range:(0,1.0)
g0 range:(25,35.0)
Topt range:(1.0,3.0)
v range:(0,1.0)
g0 range:(25,35.0)
Topt range:(1.0,3.0)
v range:(0,1.0)
g0 range:(25,35.0)
Topt range:(1.0,3.0)
v range:(0,1.0)
g0 range:(25,35.0)
Topt range:(1.0,3.0)
v range:(0,1.0)
g0 range:(25,35.0)
Topt range:(1.0,3.0)
v range:(0,1.0)
g0 range:(25,35.0)
Topt range:(1.0,3.0)
v range:(0,1.0)
g0 range:(25,35.0)
Topt range:(1.0,3.0)
v range:(0,1.0)
g0 range:(25,35.0)
Topt range:(1.0,3.0)
v range:(0,1.0)
g0 range:(25,35.0)
Topt range:(1.0,3.0)
v range:(0,1.0)
g0 range:(25,35.0)
Topt range:(1.0,3.0)
v range:(0,1.0)
g0 range:(25,35.0)
Topt range:(1.0,3.0)
v range:(0,1.0)
g0 range:(25,35.0)
Topt range:(1.0,3.0)
v range:(0,1.0)
g0 range:(25,35.0)
Topt range:(1.0,3.0)
v range:(0,1.0)
g0 range:(25,35.0)
Topt range:(1.0,3.0)
v range:(0,0.9999999999999999)
g0 range:(25,35.0)
Topt range:(1.0,3.0)
v range:(0,1.0)
g0 range:(25,35.0)
Topt range:(1.0,3.0)
v range:(0,1.0)
g0 range:(25,35.0)
Topt range:(1.0,3.0)
v range:(0,1.0)
g0 range:(25,35.0)
Topt range:(1.0,3.0)
v range:(0,1.0)
g0 range:(25,35.0)
Topt range:(1.0,3.0)
v range:(0,1.0)
g0 range:(25,35.0)
Topt range:(1.0,3.0)
v range:(0,1.0)
g0 range:(25,35.0)
Topt range:(1.0,3.0)
v range:(0,1.0)
g0 range:(25,35.0)
Topt range:(1.0,3.0)
v range:(0,1.0)
g0 range:(25,35.0)
Topt range:(1.0,3.0)
v range:(0,1.0)
g0 range:(25,35.0)
Topt range:(1.0,3.0)
v range:(0,1.0)
g0 range:(25,35.0)
Topt range:(1.0,3.0)
v range:(0,1.0)
g0 range:(25,35.0)
Topt range:(1.0,3.0)
v range:(0,1.0)
g0 range:(25,35.0)
Topt range:(1.0,3.0)
v range:(0,1.0)
g0 range:(25,35.0)
Topt range:(1.0,3.0)
v range:(0,1.0)
g0 range:(25,35.0)
Topt range:(1.0,3.0)
v range:(0,1.0)
g0 range:(25,35.0)
Topt range:(1.0,3.0)
v range:(0,1.0)
g0 range:(25,35.0)
Topt range:(1.0,3.0)
v range:(0,1.0)
g0 range:(25,35.0)
Topt range:(1.0,3.0)
v range:(0,1.0)
g0 range:(25,35.0)
Topt range:(1.0,3.0)
v range:(0,1.0)
g0 range:(25,35.0)
Topt range:(1.0,3.0)
v range:(0,1.0)
g0 range:(25,35.0)
Topt range:(1.0,3.0)
v range:(0,1.0)
g0 range:(25,35.0)
Topt range:(1.0,3.0)
