/Users/amane/Downloads/research/sawada/thesis/tipping_points/predictability_tipping_lab/tipping_element/AMOC.py:546: MatplotlibDeprecationWarning: The get_cmap function was deprecated in Matplotlib 3.7 and will be removed two minor releases later. Use ``matplotlib.colormaps[name]`` or ``matplotlib.colormaps.get_cmap(obj)`` instead.
  cm = plt.cm.get_cmap('RdYlBu')
obs_num:40
s_num:1000
tip time:402.0
temperature noise :0.6324555320336759
tip time:402.0
temperature noise :0.6324555320336759
tip time:402.0
temperature noise :0.6324555320336759
[4259. 4175. 4169. 4146. 4213. 4151. 4226. 4248. 4146. 4295. 4176. 4348.
 4297. 4243. 4177. 4182. 4201. 4158. 4315. 4253. 4343. 4166. 4163. 4291.
 4138. 4177. 4302. 4189. 4165. 4275. 4182. 4222. 4159. 4225. 4166. 4265.
 4259. 4206. 4137. 4164. 4185. 4328. 4259. 4232. 4153. 4320. 4272. 4317.
 4166. 4138. 4348. 4159. 4210. 4172. 4134. 4142. 4198. 4144. 4279. 4206.
 4301. 4217. 4164. 4166. 4160. 4146. 4173. 4191. 4153. 4184. 4163. 4184.
 4161. 4134. 4157. 4168. 4193. 4158. 4141. 4243. 4164. 4175. 4182. 4354.
 4211. 4167. 4166. 4166. 4196. 4277. 4281. 4145. 4143. 4229. 4169. 4140.
 4185. 4159. 4310. 4307. 4145. 4350. 4317. 4139. 4141. 4207. 4159. 4250.
 4150. 4207. 4190. 4356. 4252. 4178. 4135. 4327. 4165. 4137. 4324. 4505.
 4148. 4355. 4192. 4287. 4236. 4306. 4225. 4306. 4285. 4312. 4304. 4190.
 4309. 4265. 4199. 4348. 4157. 4145. 4289. 4183. 4280. 4296. 4319. 4152.
 4298. 4313. 4156. 4185. 4274. 4154. 4154. 4340. 4312. 4150. 4250. 4314.
 4175. 4283. 4168. 4167. 4288. 4319. 4361. 4200. 4221. 4309. 4272. 4313.
 4316. 4290. 4229. 4156. 4224. 4319. 4335. 4287. 4141. 4144. 4333. 4187.
 4262. 4346. 4265. 4143. 4302. 4156. 4204. 4327. 4156. 4129. 4346. 4179.
 4131. 4301. 4264. 4291. 4342. 4344. 4157. 4141. 4202. 4174. 4425. 4334.
 4311. 4163. 4403. 4178. 4196. 4339. 4196. 4348. 4158. 4166. 4210. 4283.
 4294. 4313. 4181. 4152. 4168. 4228. 4320. 4314. 4327. 4221. 4217. 4189.
 4218. 4257. 4190. 4255. 4311. 4205. 4162. 4306. 4137. 4202. 4160. 4155.
 4189. 4315. 4179. 4202. 4311. 4299. 4290. 4176. 4335. 4327. 4171. 4177.
 4299. 4215. 4351. 4198. 4192. 4138. 4186. 4165. 4154. 4325. 4363. 4234.
 4307. 4220. 4154. 4243. 4202. 4221. 4301. 4329. 4138. 4159. 4170. 4283.
 4217. 4277. 4312. 4213. 4331. 4339. 4144. 4190. 4283. 4307. 4173. 4181.
 4159. 4236. 4332. 4306. 4143. 4333. 4429. 4192. 4176. 4154. 4153. 4200.
 4153. 4135. 4202. 4153. 4149. 4279. 4182. 4152. 4298. 4158. 4308. 4243.
 4261. 4158. 4173. 4140. 4167. 4162. 4159. 4316. 4330. 4272. 4160. 4158.
 4323. 4198. 4297. 4198. 4141. 4298. 4176. 4132. 4313. 4137. 4262. 4179.
 4322. 4145. 4175. 4159. 4292. 4189. 4353. 4298. 4323. 4171. 4153. 4298.
 4190. 4199. 4160. 4288. 4161. 4330. 4338. 4141. 4222. 4192. 4309. 4156.
 4159. 4167. 4150. 4169. 4241. 4144. 4233. 4146. 4142. 4223. 4509. 4271.
 4217. 4232. 4269. 4235. 4164. 4164. 4159. 4196. 4166. 4156. 4328. 4195.
 4155. 4291. 4200. 4305. 4216. 4230. 4152. 4155. 4329. 4156. 4282. 4259.
 4163. 4333. 4147. 4189. 4196. 4143. 4330. 4326. 4262. 4359. 4306. 4293.
 4155. 4185. 4237. 4294. 4270. 4151. 4289. 4144. 4261. 4298. 4169. 4333.
 4295. 4174. 4322. 4249. 4325. 4162. 4197. 4158. 4207. 4144. 4298. 4288.
 4323. 4233. 4161. 4284. 4142. 4150. 4161. 4240. 4157. 4152. 4279. 4186.
 4160. 4146. 4224. 4261. 4334. 4191. 4238. 4165. 4272. 4334. 4160. 4170.
 4151. 4211. 4308. 4228. 4274. 4176. 4315. 4213. 4156. 4319. 4176. 4227.
 4343. 4288. 4179. 4220. 4251. 4162. 4186. 4157. 4272. 4312. 4304. 4159.
 4174. 4290. 4176. 4362. 4153. 4312. 4160. 4178. 4309. 4251. 4213. 4168.
 4156. 4262. 4146. 4280. 4190. 4185. 4266. 4252. 4162. 4166. 4166. 4314.
 4158. 4148. 4298. 4294. 4333. 4295. 4235. 4155. 4194. 4166. 4291. 4314.
 4294. 4299. 4150. 4311. 4297. 4161. 4237. 4296. 4148. 4249. 4137. 4158.
 4284. 4371. 4363. 4343. 4128. 4312. 4301. 4175. 4284. 4263. 4178. 4324.
 4174. 4317. 4288. 4333. 4160. 4274. 4314. 4320. 4222. 4156. 4158. 4154.
 4155. 4373. 4201. 4305. 4306. 4237. 4213. 4184. 4198. 4191. 4307. 4142.
 4276. 4150. 4159. 4170. 4330. 4355. 4254. 4177. 4314. 4161. 4237. 4295.
 4193. 4264. 4164. 4233. 4201. 4163. 4218. 4166. 4347. 4322. 4279. 4337.
 4274. 4202. 4293. 4255. 4325. 4139. 4314. 4310. 4311. 4138. 4227. 4294.
 4142. 4291. 4169. 4284. 4134. 4338. 4146. 4187. 4186. 4284. 4422. 4143.
 4142. 4221. 4357. 4141. 4188. 4296. 4311. 4351. 4123. 4276. 4298. 4317.
 4194. 4303. 4167. 4339. 4140. 4324. 4157. 4162. 4135. 4204. 4184. 4175.
 4251. 4168. 4245. 4121. 4359. 4361. 4163. 4165. 4171. 4354. 4265. 4227.
 4138. 4274. 4258. 4181. 4204. 4297. 4162. 4260. 4343. 4176. 4326. 4142.
 4267. 4265. 4148. 4147. 4144. 4323. 4152. 4202. 4184. 4181. 4167. 4212.
 4172. 4192. 4156. 4333. 4142. 4146. 4358. 4313. 4203. 4164. 4249. 4241.
 4300. 4305. 4189. 4224. 4256. 4160. 4151. 4294. 4138. 4155. 4327. 4306.
 4282. 4161. 4146. 4364. 4166. 4299. 4324. 4319. 4249. 4174. 4197. 4127.
 4305. 4193. 4163. 4164. 4304. 4246. 4257. 4223. 4158. 4182. 4279. 4243.
 4304. 4179. 4143. 4221. 4247. 4311. 4315. 4187. 4284. 4260. 4193. 4211.
 4150. 4332. 4221. 4299. 4242. 4368. 4202. 4259. 4185. 4320. 4294. 4135.
 4271. 4283. 4155. 4283. 4321. 4150. 4269. 4178. 4206. 4317. 4317. 4312.
 4171. 4296. 4296. 4214. 4260. 4165. 4168. 4203. 4207. 4196. 4159. 4150.
 4319. 4222. 4303. 4305. 4155. 4159. 4145. 4164. 4199. 4173. 4257. 4197.
 4157. 4182. 4157. 4291. 4310. 4165. 4301. 4301. 4305. 4307. 4234. 4180.
 4225. 4326. 4324. 4192. 4342. 4296. 4142. 4165. 4323. 4265. 4126. 4145.
 4179. 4230. 4323. 4303. 4191. 4285. 4147. 4170. 4264. 4294. 4281. 4160.
 4337. 4158. 4196. 4296. 4232. 4360. 4331. 4285. 4317. 4185. 4302. 4151.
 4322. 4192. 4171. 4179. 4309. 4173. 4305. 4148. 4143. 4368. 4154. 4159.
 4322. 4327. 4141. 4363. 4327. 4310. 4314. 4269. 4161. 4226. 4181. 4202.
 4315. 4152. 4329. 4147. 4231. 4298. 4122. 4168. 4327. 4148. 4146. 4207.
 4365. 4243. 4166. 4161. 4178. 4166. 4297. 4163. 4261. 4140. 4203. 4298.
 4161. 4156. 4315. 4139. 4249. 4350. 4179. 4162. 4165. 4320. 4173. 4248.
 4161. 4157. 4313. 4166. 4321. 4286. 4215. 4282. 4376. 4339. 4296. 4154.
 4293. 4342. 4325. 4210. 4206. 4213. 4173. 4305. 4292. 4203. 4139. 4311.
 4305. 4156. 4142. 4317. 4312. 4204. 4300. 4159. 4284. 4204. 4164. 4258.
 4131. 4238. 4336. 4182. 4164. 4287. 4180. 4161. 4175. 4223. 4148. 4201.
 4294. 4274. 4331. 4320. 4208. 4282. 4144. 4160. 4171. 4251. 4210. 4309.
 4215. 4279. 4140. 4169. 4151. 4149. 4204. 4325. 4204. 4368. 4337. 4238.
 4326. 4170. 4321. 4339. 4162. 4330. 4309. 4324. 4311. 4336. 4168. 4398.
 4332. 4193. 4217. 4185. 4294. 4169. 4162. 4187. 4153. 4278. 4160. 4150.
 4206. 4222. 4152. 4233. 4362. 4261. 4274. 4207. 4157. 4322. 4197. 4297.
 4291. 4268. 4177. 4171.]
/Users/amane/Downloads/research/sawada/thesis/tipping_points/predictability_tipping_lab/tipping_element/AMOC.py:584: MatplotlibDeprecationWarning: The get_cmap function was deprecated in Matplotlib 3.7 and will be removed two minor releases later. Use ``matplotlib.colormaps[name]`` or ``matplotlib.colormaps.get_cmap(obj)`` instead.
  cm = plt.cm.get_cmap('RdYlBu')
[4222. 4180. 4176. 4158. 4203. 4161. 4209. 4217. 4158. 4239. 4181. 4303.
 4241. 4215. 4182. 4186. 4197. 4168. 4258. 4218. 4297. 4174. 4170. 4237.
 4152. 4182. 4245. 4190. 4174. 4228. 4186. 4207. 4169. 4209. 4174. 4224.
 4221. 4201. 4153. 4173. 4188. 4276. 4222. 4211. 4164. 4263. 4226. 4260.
 4174. 4151. 4304. 4169. 4202. 4178. 4149. 4155. 4195. 4158. 4229. 4201.
 4244. 4205. 4173. 4174. 4170. 4160. 4179. 4192. 4163. 4188. 4171. 4187.
 4169. 4149. 4168. 4175. 4193. 4167. 4153. 4215. 4173. 4181. 4186. 4309.
 4202. 4174. 4175. 4174. 4194. 4228. 4231. 4158. 4156. 4210. 4177. 4152.
 4188. 4168. 4252. 4250. 4158. 4305. 4260. 4152. 4155. 4201. 4168. 4218.
 4161. 4201. 4191. 4310. 4218. 4183. 4150. 4274. 4173. 4151. 4269. 4383.
 4160. 4310. 4193. 4234. 4214. 4248. 4208. 4249. 4233. 4255. 4247. 4191.
 4251. 4223. 4196. 4302. 4167. 4158. 4236. 4187. 4231. 4240. 4262. 4163.
 4242. 4256. 4167. 4187. 4227. 4165. 4165. 4292. 4255. 4161. 4218. 4257.
 4180. 4232. 4176. 4174. 4235. 4262. 4316. 4196. 4207. 4251. 4226. 4256.
 4259. 4236. 4210. 4166. 4208. 4263. 4285. 4234. 4155. 4159. 4282. 4189.
 4223. 4301. 4223. 4155. 4245. 4167. 4199. 4275. 4167. 4145. 4300. 4183.
 4148. 4244. 4223. 4237. 4296. 4297. 4167. 4154. 4197. 4180. 4343. 4282.
 4253. 4171. 4336. 4183. 4194. 4290. 4196. 4303. 4167. 4175. 4202. 4232.
 4239. 4256. 4185. 4163. 4178. 4210. 4263. 4257. 4274. 4207. 4205. 4190.
 4206. 4221. 4191. 4220. 4253. 4198. 4170. 4248. 4150. 4197. 4169. 4166.
 4191. 4258. 4184. 4197. 4253. 4243. 4236. 4182. 4284. 4274. 4177. 4181.
 4243. 4205. 4306. 4195. 4191. 4152. 4187. 4173. 4165. 4270. 4318. 4212.
 4250. 4206. 4163. 4215. 4198. 4206. 4244. 4276. 4151. 4168. 4178. 4232.
 4205. 4229. 4255. 4202. 4280. 4291. 4155. 4191. 4231. 4250. 4179. 4185.
 4170. 4213. 4280. 4249. 4156. 4281. 4345. 4193. 4181. 4165. 4163. 4196.
 4163. 4150. 4198. 4166. 4161. 4229. 4186. 4162. 4242. 4168. 4250. 4215.
 4222. 4168. 4180. 4153. 4174. 4171. 4169. 4259. 4278. 4226. 4169. 4167.
 4268. 4194. 4241. 4196. 4153. 4242. 4180. 4148. 4256. 4150. 4222. 4183.
 4266. 4159. 4183. 4168. 4237. 4189. 4308. 4242. 4268. 4178. 4165. 4241.
 4191. 4196. 4170. 4235. 4169. 4279. 4288. 4153. 4207. 4192. 4251. 4166.
 4168. 4174. 4162. 4176. 4214. 4158. 4211. 4157. 4156. 4208. 4385. 4226.
 4205. 4212. 4225. 4212. 4173. 4173. 4168. 4194. 4175. 4166. 4276. 4194.
 4166. 4237. 4197. 4248. 4204. 4211. 4163. 4165. 4277. 4166. 4231. 4221.
 4171. 4281. 4158. 4190. 4194. 4155. 4278. 4272. 4222. 4314. 4248. 4238.
 4165. 4188. 4214. 4239. 4225. 4162. 4236. 4157. 4222. 4242. 4176. 4280.
 4239. 4180. 4267. 4217. 4270. 4171. 4195. 4167. 4201. 4157. 4242. 4235.
 4267. 4211. 4170. 4233. 4154. 4162. 4170. 4214. 4166. 4162. 4230. 4187.
 4169. 4158. 4208. 4222. 4284. 4191. 4213. 4173. 4226. 4282. 4170. 4178.
 4161. 4204. 4250. 4209. 4228. 4180. 4258. 4203. 4166. 4263. 4182. 4208.
 4297. 4235. 4183. 4207. 4218. 4172. 4189. 4168. 4226. 4254. 4247. 4168.
 4180. 4236. 4181. 4317. 4163. 4255. 4169. 4182. 4251. 4218. 4204. 4176.
 4166. 4222. 4157. 4231. 4191. 4187. 4225. 4218. 4170. 4175. 4174. 4257.
 4168. 4161. 4241. 4238. 4281. 4239. 4211. 4164. 4194. 4174. 4237. 4257.
 4239. 4242. 4161. 4253. 4241. 4169. 4213. 4239. 4160. 4217. 4149. 4167.
 4232. 4323. 4318. 4297. 4144. 4255. 4243. 4180. 4232. 4223. 4183. 4269.
 4180. 4261. 4235. 4282. 4169. 4228. 4257. 4263. 4207. 4167. 4168. 4164.
 4165. 4324. 4196. 4248. 4248. 4213. 4203. 4187. 4196. 4192. 4249. 4154.
 4228. 4162. 4168. 4177. 4278. 4310. 4219. 4182. 4257. 4169. 4213. 4239.
 4192. 4223. 4172. 4212. 4197. 4171. 4205. 4174. 4301. 4266. 4230. 4288.
 4228. 4198. 4238. 4220. 4270. 4153. 4257. 4252. 4253. 4151. 4209. 4238.
 4156. 4236. 4176. 4232. 4150. 4289. 4159. 4188. 4188. 4233. 4342. 4154.
 4156. 4207. 4312. 4154. 4189. 4241. 4254. 4306. 4141. 4229. 4242. 4260.
 4194. 4246. 4174. 4291. 4152. 4269. 4167. 4170. 4147. 4199. 4188. 4181.
 4218. 4176. 4215. 4141. 4313. 4315. 4173. 4173. 4178. 4309. 4223. 4209.
 4150. 4227. 4221. 4185. 4198. 4240. 4171. 4222. 4296. 4181. 4273. 4156.
 4224. 4224. 4160. 4160. 4159. 4267. 4162. 4198. 4188. 4185. 4174. 4203.
 4179. 4192. 4166. 4282. 4155. 4158. 4312. 4256. 4199. 4173. 4217. 4214.
 4243. 4248. 4190. 4208. 4220. 4169. 4162. 4239. 4153. 4166. 4274. 4249.
 4231. 4170. 4159. 4318. 4174. 4242. 4269. 4262. 4216. 4180. 4195. 4143.
 4248. 4193. 4171. 4173. 4246. 4216. 4221. 4208. 4168. 4186. 4230. 4216.
 4247. 4183. 4156. 4207. 4216. 4254. 4258. 4189. 4232. 4222. 4193. 4202.
 4163. 4280. 4207. 4243. 4215. 4321. 4198. 4221. 4188. 4263. 4238. 4149.
 4227. 4231. 4165. 4231. 4265. 4160. 4225. 4183. 4199. 4260. 4260. 4254.
 4177. 4240. 4241. 4204. 4222. 4173. 4176. 4199. 4200. 4194. 4168. 4161.
 4262. 4208. 4245. 4248. 4166. 4169. 4158. 4172. 4195. 4179. 4221. 4195.
 4167. 4185. 4168. 4237. 4252. 4173. 4244. 4244. 4248. 4249. 4212. 4184.
 4208. 4272. 4269. 4191. 4295. 4240. 4154. 4174. 4268. 4223. 4143. 4158.
 4183. 4210. 4268. 4246. 4191. 4233. 4159. 4177. 4223. 4239. 4231. 4169.
 4287. 4168. 4195. 4239. 4212. 4315. 4279. 4233. 4260. 4188. 4245. 4163.
 4266. 4193. 4178. 4185. 4251. 4179. 4248. 4161. 4158. 4321. 4165. 4170.
 4266. 4274. 4155. 4318. 4274. 4252. 4257. 4225. 4169. 4208. 4184. 4197.
 4258. 4163. 4277. 4159. 4210. 4242. 4140. 4175. 4274. 4161. 4158. 4201.
 4319. 4216. 4176. 4170. 4183. 4173. 4241. 4171. 4222. 4153. 4198. 4241.
 4169. 4166. 4258. 4152. 4217. 4305. 4184. 4170. 4173. 4263. 4179. 4216.
 4170. 4167. 4256. 4174. 4264. 4233. 4203. 4231. 4325. 4291. 4240. 4163.
 4238. 4295. 4270. 4203. 4199. 4204. 4181. 4248. 4237. 4198. 4151. 4253.
 4247. 4167. 4156. 4260. 4255. 4198. 4243. 4168. 4232. 4199. 4173. 4221.
 4145. 4213. 4285. 4186. 4172. 4234. 4184. 4169. 4179. 4207. 4159. 4198.
 4239. 4227. 4280. 4264. 4201. 4231. 4157. 4169. 4177. 4217. 4202. 4251.
 4204. 4229. 4154. 4177. 4163. 4160. 4198. 4270. 4198. 4321. 4287. 4215.
 4273. 4177. 4265. 4290. 4171. 4278. 4251. 4269. 4253. 4285. 4176. 4334.
 4280. 4193. 4205. 4187. 4238. 4176. 4171. 4189. 4165. 4229. 4169. 4161.
 4200. 4207. 4163. 4212. 4317. 4222. 4228. 4201. 4167. 4266. 4196. 4241.
 4237. 4224. 4182. 4178.]
/Users/amane/Downloads/research/sawada/thesis/tipping_points/predictability_tipping_lab/tipping_element/AMOC.py:622: MatplotlibDeprecationWarning: The get_cmap function was deprecated in Matplotlib 3.7 and will be removed two minor releases later. Use ``matplotlib.colormaps[name]`` or ``matplotlib.colormaps.get_cmap(obj)`` instead.
  cm = plt.cm.get_cmap('RdYlBu')
[ 4526.  4390.  4384.  4338.  4432.  4346.  4446.  4483.  4337. 10000.
  4393. 10000. 10000.  4464.  4395.  4400.  4423.  4365. 10000.  4480.
 10000.  4378.  4371. 10000.  4316.  4394. 10000.  4409.  4379. 10000.
  4405.  4439.  4368.  4447.  4379.  4592.  4512.  4429.  4315.  4377.
  4406. 10000.  4517.  4453.  4356. 10000. 10000. 10000.  4380.  4314.
 10000.  4371.  4429.  4386.  4299.  4326.  4417.  4337. 10000.  4428.
 10000.  4439.  4376.  4379.  4374.  4344.  4391.  4414.  4353.  4408.
  4372.  4405.  4368.  4288.  4367.  4380.  4415.  4363.  4318.  4471.
  4377.  4394.  4403. 10000.  4431.  4377.  4384.  4377.  4414. 10000.
 10000.  4335.  4329.  4450.  4386.  4316.  4407.  4366. 10000. 10000.
  4335. 10000. 10000.  4317.  4326.  4431.  4366.  4484.  4344.  4428.
  4410. 10000.  4476.  4396.  4302. 10000.  4376.  4309. 10000. 10000.
  4342. 10000.  4415. 10000.  4464. 10000.  4444. 10000. 10000. 10000.
 10000.  4411. 10000.  4547.  4418. 10000.  4364.  4335. 10000.  4406.
 10000. 10000. 10000.  4350. 10000. 10000.  4364.  4405. 10000.  4357.
  4359. 10000. 10000.  4347.  4490. 10000.  4391. 10000.  4384.  4378.
 10000. 10000. 10000.  4421.  4441. 10000. 10000. 10000. 10000. 10000.
  4450.  4360.  4441. 10000. 10000. 10000.  4325.  4340. 10000.  4409.
  4555. 10000.  4519.  4328. 10000.  4362.  4427. 10000.  4362.  4245.
 10000.  4397.  4284. 10000.  4569. 10000. 10000. 10000.  4362.  4323.
  4420.  4392. 10000. 10000. 10000.  4373. 10000.  4398.  4415. 10000.
  4424. 10000.  4363.  4382.  4428. 10000. 10000. 10000.  4399.  4351.
  4390.  4452. 10000. 10000. 10000.  4441.  4440.  4410.  4439.  4504.
  4410.  4494. 10000.  4423.  4371. 10000.  4305.  4419.  4366.  4360.
  4412. 10000.  4399.  4422. 10000. 10000. 10000.  4396. 10000. 10000.
  4387.  4394. 10000.  4436. 10000.  4416.  4411.  4312.  4404.  4378.
  4359. 10000. 10000.  4453. 10000.  4438.  4352.  4462.  4423.  4438.
 10000. 10000.  4312.  4363.  4388. 10000.  4437. 10000. 10000.  4430.
 10000. 10000.  4328.  4411. 10000. 10000.  4391.  4400.  4373.  4460.
 10000. 10000.  4330. 10000. 10000.  4416.  4393.  4359.  4353.  4419.
  4353.  4302.  4422.  4362.  4348. 10000.  4406.  4348. 10000.  4366.
 10000.  4465.  4517.  4368.  4393.  4318.  4379.  4375.  4369. 10000.
 10000. 10000.  4366.  4363. 10000.  4415. 10000.  4420.  4320. 10000.
  4391.  4275. 10000.  4306.  4521.  4398. 10000.  4341.  4399.  4366.
 10000.  4407. 10000. 10000. 10000.  4387.  4358. 10000.  4412.  4421.
  4371. 10000.  4365. 10000. 10000.  4320.  4441.  4413. 10000.  4359.
  4363.  4379.  4350.  4384.  4461.  4337.  4452.  4332.  4328.  4444.
 10000. 10000.  4434.  4454. 10000.  4455.  4377.  4378.  4366.  4417.
  4382.  4360. 10000.  4416.  4363. 10000.  4421. 10000.  4434.  4454.
  4351.  4355. 10000.  4362. 10000.  4499.  4371. 10000.  4336.  4410.
  4416.  4328. 10000. 10000.  4538. 10000. 10000. 10000.  4357.  4406.
  4466. 10000.  4587.  4350. 10000.  4333.  4543. 10000.  4383. 10000.
 10000.  4391. 10000.  4479. 10000.  4372.  4416.  4363.  4430.  4332.
 10000. 10000. 10000.  4450.  4372. 10000.  4323.  4348.  4369.  4462.
  4359.  4348. 10000.  4404.  4369.  4335.  4442.  4524. 10000.  4411.
  4459.  4376. 10000. 10000.  4373.  4392.  4345.  4436. 10000.  4445.
 10000.  4391. 10000.  4432.  4360. 10000.  4397.  4440. 10000. 10000.
  4397.  4441.  4484.  4377.  4407.  4369. 10000. 10000. 10000.  4366.
  4391. 10000.  4395. 10000.  4350. 10000.  4365.  4394. 10000.  4483.
  4434.  4382.  4359.  4513.  4332. 10000.  4413.  4405. 10000.  4479.
  4372.  4382.  4379. 10000.  4366.  4346. 10000. 10000. 10000. 10000.
  4450.  4354.  4417.  4379. 10000. 10000. 10000. 10000.  4345. 10000.
 10000.  4368.  4456. 10000.  4344.  4479.  4303.  4363. 10000. 10000.
 10000. 10000.  4216. 10000. 10000.  4391. 10000.  4557.  4399. 10000.
  4391. 10000. 10000. 10000.  4370. 10000. 10000. 10000.  4441.  4362.
  4365.  4355.  4358. 10000.  4420. 10000. 10000.  4454.  4432.  4405.
  4420.  4412. 10000.  4324. 10000.  4352.  4367.  4385. 10000. 10000.
  4488.  4394. 10000.  4366.  4455. 10000.  4411.  4524.  4375.  4457.
  4423.  4371.  4437.  4378. 10000. 10000. 10000. 10000. 10000.  4423.
 10000.  4499. 10000.  4317. 10000. 10000. 10000.  4309.  4446. 10000.
  4330. 10000.  4383. 10000.  4301. 10000.  4338.  4406.  4407. 10000.
 10000.  4324.  4329.  4439. 10000.  4322.  4408. 10000. 10000. 10000.
  4161. 10000. 10000. 10000.  4418. 10000.  4377. 10000.  4318. 10000.
  4364.  4368.  4294.  4426.  4408.  4396.  4479.  4385.  4467.  4141.
 10000. 10000.  4379.  4376.  4388. 10000.  4554.  4450.  4309. 10000.
  4519.  4399.  4423. 10000.  4373.  4520. 10000.  4393. 10000.  4328.
  4548.  4569.  4344.  4341.  4340. 10000.  4347.  4427.  4408.  4400.
  4378.  4432.  4390.  4413.  4359. 10000.  4327.  4337. 10000. 10000.
  4427.  4378.  4473.  4459. 10000. 10000.  4409.  4445.  4494.  4368.
  4349. 10000.  4318.  4361. 10000. 10000. 10000.  4371.  4339. 10000.
  4378. 10000. 10000. 10000.  4467.  4395.  4417.  4242. 10000.  4413.
  4373.  4379. 10000.  4467.  4502.  4443.  4365.  4402. 10000.  4473.
 10000.  4395.  4332.  4441.  4474. 10000. 10000.  4408. 10000.  4538.
  4414.  4428.  4353. 10000.  4441. 10000.  4471. 10000.  4422.  4507.
  4406. 10000. 10000.  4294. 10000. 10000.  4357. 10000. 10000.  4342.
  4618.  4397.  4423. 10000. 10000. 10000.  4385. 10000. 10000.  4434.
  4537.  4377.  4386.  4427.  4426.  4416.  4365.  4346. 10000.  4445.
 10000. 10000.  4359.  4370.  4335.  4374.  4416.  4389.  4517.  4419.
  4364.  4400.  4365. 10000. 10000.  4374. 10000. 10000. 10000. 10000.
  4454.  4398.  4442. 10000. 10000.  4410. 10000. 10000.  4325.  4378.
 10000.  4537.  4227.  4336.  4398.  4451. 10000. 10000.  4412. 10000.
  4341.  4388.  4553. 10000. 10000.  4370. 10000.  4368.  4417. 10000.
  4460. 10000. 10000. 10000. 10000.  4407. 10000.  4354. 10000.  4415.
  4388.  4402. 10000.  4390. 10000.  4348.  4337. 10000.  4356.  4373.
 10000. 10000.  4326. 10000. 10000. 10000. 10000.  4560.  4367.  4441.
  4398.  4422. 10000.  4352. 10000.  4338.  4450. 10000.  4167.  4380.
 10000.  4349.  4337.  4429. 10000.  4471.  4386.  4369.  4398.  4378.
 10000.  4373.  4520.  4320.  4423. 10000.  4366.  4360. 10000.  4314.
  4482. 10000.  4399.  4371.  4376. 10000.  4390.  4467.  4367.  4364.
 10000.  4379. 10000. 10000.  4431. 10000. 10000. 10000. 10000.  4352.
 10000. 10000. 10000.  4434.  4425.  4437.  4397. 10000. 10000.  4423.
  4313. 10000. 10000.  4362.  4329. 10000. 10000.  4423. 10000.  4366.
 10000.  4424.  4378.  4504.  4266.  4457. 10000.  4404.  4375. 10000.
  4400.  4368.  4389.  4441.  4340.  4426. 10000. 10000. 10000. 10000.
  4428. 10000.  4332.  4367.  4385.  4474.  4432. 10000.  4434. 10000.
  4320.  4384.  4357.  4342.  4423. 10000.  4421. 10000. 10000.  4473.
 10000.  4386. 10000. 10000.  4373. 10000. 10000. 10000. 10000. 10000.
  4382. 10000. 10000.  4414.  4437.  4406. 10000.  4384.  4376.  4408.
  4359. 10000.  4370.  4343.  4428.  4441.  4355.  4454. 10000.  4535.
 10000.  4428.  4363. 10000.  4421. 10000. 10000.  4557.  4394.  4387.]
