/Users/amane/Downloads/research/sawada/thesis/tipping_points/predictability_tipping_lab/tipping_element/../particle_filter/particle.py:119: RuntimeWarning: invalid value encountered in divide
  weights /= weights.sum()
s_num:1000
temperature noise :0.9486832980505138
temperature noise :0.9486832980505138
temperature noise :0.9486832980505138
obs_noise:0.1
obs_num:70
fs:20
obs_num:80
fs:20
obs_num:90
fs:20
obs_num:100
fs:20
obs_noise:0.25
obs_num:70
fs:20
obs_num:80
fs:20
obs_num:90
fs:20
obs_num:100
fs:20
obs_noise:0.5
obs_num:70
fs:20
obs_num:80
fs:20
obs_num:90
fs:20
obs_num:100
fs:20
obs_noise:1.0
obs_num:70
fs:20
obs_num:80
fs:20
obs_num:90
fs:20
obs_num:100
fs:20
obs_noise:2.0
obs_num:70
fs:20
obs_num:80
fs:20
obs_num:90
fs:20
obs_num:100
fs:20
