/Users/amane/Downloads/research/sawada/thesis/tipping_points/predictability_tipping_lab/tipping_element/amazon.py:932: MatplotlibDeprecationWarning: The get_cmap function was deprecated in Matplotlib 3.7 and will be removed two minor releases later. Use ``matplotlib.colormaps[name]`` or ``matplotlib.colormaps.get_cmap(obj)`` instead.
  cm = plt.cm.get_cmap('RdYlBu')
obs_num:40
T_start:32.9
Tth:34.7
dTex:0.8
Te:34
dtex:350
r:0.008910891089108933
s:0.004
s_num:1000
start simulation
make obs data
temperature noise :0.0
likelihood sd:0.05
obs_noise:0.05
temperature noise :0.0
temperature noise :0.0
smoothing steps:0
the number of observation is 40
start time devlop
write graphs
num of tipping particles:1000
num of tipping particles2:944
num of tipping particles3:620
 
[2268. 2253. 2135. 2306. 2199. 2141. 2237. 2142. 2225. 2132. 2372. 2305.
 2129. 2375. 2112. 2124. 2221. 2180. 2162. 2293. 2107. 2467. 2484. 2561.
 2285. 2314. 2257. 2304. 2137. 2196. 2259. 2406. 2197. 2179. 2402. 2322.
 2218. 2115. 2547. 2646. 2193. 2342. 2215. 2254. 2121. 2206. 2261. 2233.
 2172. 2345. 2481. 2346. 2261. 2302. 2377. 2597. 2318. 2276. 2315. 2115.
 2381. 2313. 2430. 2302. 2177. 2557. 2290. 2148. 2423. 2316. 2299. 2300.
 2236. 2463. 2172. 2279. 2638. 2134. 2513. 2141. 2257. 2386. 2112. 2274.
 2681. 2538. 2591. 2209. 2161. 2259. 2542. 2307. 2392. 2198. 2129. 2152.
 2274. 2139. 2268. 2094. 2218. 2242. 2214. 2503. 2191. 2109. 2355. 2300.
 2379. 2365. 2208. 2348. 2211. 2397. 2211. 2310. 2128. 2470. 2542. 2377.
 2367. 2277. 2462. 2179. 2212. 2183. 2437. 2200. 2412. 2152. 2187. 2192.
 2143. 2141. 2137. 2082. 2143. 2328. 2211. 2203. 2456. 2343. 2293. 2410.
 2515. 2372. 2441. 2393. 2156. 2214. 2190. 2294. 2339. 2755. 2252. 2187.
 2324. 2252. 2373. 2177. 2279. 2368. 2317. 2172. 2226. 2578. 2294. 2291.
 2272. 2100. 2128. 2192. 2551. 2287. 2141. 2295. 2095. 2162. 2412. 2223.
 2429. 2205. 2341. 2228. 2263. 2152. 2374. 2290. 2155. 2284. 2202. 2095.
 2103. 2365. 2223. 2095. 2143. 2353. 2361. 2247. 2582. 2349. 2335. 2436.
 2238. 2283. 2137. 2258. 2567. 2949. 2114. 2335. 2193. 2097. 2183. 2492.
 2414. 2248. 2203. 2199. 2295. 2473. 2233. 2474. 2162. 2344. 2144. 2367.
 2122. 2388. 2604. 2235. 2248. 2324. 2184. 2079. 2473. 2361. 2292. 2118.
 2169. 2479. 2301. 2390. 2317. 2164. 2460. 2268. 2538. 2374. 2188. 2150.
 2108. 2213. 2144. 2228. 2750. 2263. 2150. 2275. 2196. 2399. 2331. 2335.
 2185. 2229. 2220. 2480. 2509. 2185. 2207. 2138. 2238. 2193. 2559. 2141.
 2227. 2259. 2643. 2214. 2282. 2082. 2183. 2344. 2219. 2284. 2186. 2418.
 2365. 2239. 2221. 2266. 2241. 2298. 2292. 2150. 2119. 2213. 2163. 2230.
 2277. 2153. 2152. 2276. 2142. 2442. 2448. 2159. 2332. 2207. 2485. 2268.
 2374. 2190. 2429. 2219. 2272. 2105. 2239. 2277. 2513. 2097. 2298. 2226.
 2258. 2201. 2173. 2274. 2210. 2241. 2243. 2239. 2114. 2089. 2501. 2474.
 2341. 2144. 2241. 2321. 2215. 2185. 2268. 2192. 2437. 2179. 2156. 2344.
 2465. 2151. 2374. 2423. 2192. 2205. 2153. 2201. 2433. 2186. 2414. 2392.
 2281. 2344. 2190. 2118. 2380. 2175. 2092. 2365. 2305. 2468. 2647. 2102.
 2153. 2457. 2181. 2209. 2267. 2502. 2364. 2363. 2285. 2516. 2179. 2949.
 2131. 2276. 2265. 2378. 2226. 2154. 2362. 2246. 2192. 2277. 2360. 2208.
 2372. 2307. 2199. 2261. 2250. 2287. 2207. 2222. 2176. 2204. 2256. 2781.
 2324. 2756. 2126. 2130. 2398. 2172. 2139. 2102. 2319. 2141. 2248. 2384.
 2446. 2409. 2378. 2175. 2211. 2394. 2234. 2260. 2180. 2480. 2124. 2120.
 2217. 2124. 2178. 2177. 2418. 2174. 2188. 2516. 2290. 2165. 2225. 2280.
 2254. 2397. 2384. 2279. 2749. 2253. 2399. 2099. 2133. 2217. 2239. 2383.
 2094. 2192. 2336. 2091. 2141. 2260. 2264. 2141. 2320. 2250. 2123. 2236.
 2171. 2465. 2111. 2130. 2394. 2163. 2101. 2692. 2234. 2242. 2324. 2138.
 2126. 2179. 2316. 2308. 2174. 2160. 2170. 2541. 2322. 2251. 2107. 2578.
 2220. 2307. 2200. 2168. 2363. 2200. 2408. 2175. 2150. 2153. 2219. 2120.
 2320. 2129. 2380. 2251. 2297. 2165. 2257. 2193. 2193. 2256. 2390. 2246.
 2417. 2121. 2679. 2229. 2185. 2214. 2284. 2184. 2105. 2321. 2302. 2441.
 2325. 2105. 2429. 2164. 2132. 2208. 2234. 2351. 2108. 2261. 2348. 2246.
 2497. 2232. 2158. 2142. 2183. 2266. 2163. 2206. 2436. 2288. 2368. 2299.
 2301. 2235. 2243. 2198. 2422. 2309. 2490. 2331. 2219. 2274. 2129. 2545.
 2225. 2552. 2244. 2325. 2421. 2168. 2215. 2404. 2443. 2299. 2170. 2202.
 2155. 2245. 2328. 2287. 2376. 2164. 2518. 2300. 2110. 2104. 2309. 2258.
 2253. 2207. 2186. 2393. 2300. 2361. 2148. 2430. 2261. 2343. 2380. 2180.
 2232. 2423. 2221. 2418. 2255. 2251. 2219. 2336. 2177. 2238. 2588. 2289.
 2454. 2581. 2150. 2462. 2223. 2395. 2460. 2264. 2307. 2284. 2284. 2388.
 2397. 2228. 2124. 2414. 2181. 2124. 2281. 2466. 2283. 2547. 2336. 2294.
 2412. 2164. 2363. 2451. 2402. 2156. 2439. 2388. 2278. 2291. 2394. 2257.
 2610. 2159. 2331. 2234. 2512. 2118. 2264. 2174. 2173. 2288. 2274. 2532.
 2242. 2464. 2205. 2321. 2112. 2189. 2098. 2285. 2231. 2312. 2130. 2472.
 2222. 2102. 2267. 2359. 2242. 2341. 2234. 2337. 2214. 2450. 2321. 2143.
 2425. 2245. 2232. 2569. 2242. 2121. 2160. 2349. 2158. 2356. 2219. 2263.
 2209. 2101. 2266. 2197. 2244. 2410. 2243. 2214. 2305. 2240. 2544. 2420.
 2437. 2146. 2186. 2394. 2240. 2247. 2309. 2204. 2284. 2596. 2191. 2185.
 2206. 2157. 2199. 2149. 2451. 2283. 2107. 2389. 2260. 2228. 2421. 2245.
 2181. 2123. 2267. 2324. 2219. 2278. 2448. 2221. 2378. 2153. 2126. 2427.
 2326. 2382. 2472. 2169. 2200. 2109. 2132. 2189. 2308. 2174. 2341. 2313.
 2126. 2243. 2217. 2721. 2393. 2198. 2232. 2262. 2211. 2269. 2148. 2220.
 2339. 2126. 2229. 2227. 2306. 2216. 2232. 2160. 2120. 2205. 2434. 2151.
 2093. 2115. 2115. 2276. 2294. 2141. 2219. 2280. 2976. 2226. 2095. 2444.
 2196. 2362. 2321. 2363. 2429. 2190. 2271. 2337. 2351. 2116. 2225. 2102.
 2378. 2494. 2263. 2466. 2374. 2351. 2318. 2274. 2280. 2324. 2374. 2351.
 2392. 2320. 2152. 2156. 2110. 2154. 2568. 2214. 2121. 2380. 2208. 2233.
 2248. 2421. 2172. 2243. 2225. 2285. 2115. 2459. 2251. 2192. 2437. 2369.
 2430. 2370. 2165. 2335. 2214. 2414. 2126. 2316. 2449. 2419. 2262. 2575.
 2266. 2094. 2165. 2754. 2123. 2133. 2438. 2365. 2279. 2139. 2331. 2801.
 2394. 2384. 2099. 2177. 2331. 2428. 2240. 2227. 2277. 2350. 2382. 2475.
 2301. 2110. 2272. 2245. 2291. 2354. 2147. 2121. 2465. 2204. 2207. 2455.
 2096. 2088. 2222. 2321. 2295. 2296. 2345. 2405. 2089. 2306. 2481. 2512.
 2427. 2180. 2241. 2248. 2264. 2646. 2223. 2149. 2325. 2168. 2524. 2803.
 2189. 2312. 2262. 2456. 2113. 2478. 2420. 2248. 2234. 2102. 2386. 2103.
 2372. 2366. 2190. 2213. 2137. 2391. 2214. 2263. 2302. 2379. 2251. 2284.
 2513. 2268. 2422. 2376. 2132. 2235. 2252. 2241. 2216. 2160. 2268. 2090.
 2422. 2180. 2098. 2407. 2203. 2360. 2295. 2380. 2284. 2456. 2175. 2413.
 2273. 2204. 2098. 2340. 2372. 2187. 2288. 2200. 2269. 2263. 2294. 2288.
 2600. 2142. 2254. 2503. 2289. 2446. 2391. 2261. 2273. 2419. 2299. 2146.
 2493. 2196. 2255. 2279. 2084. 2400. 2530. 2409. 2360. 2403. 2220. 2482.
 2291. 2105. 2331. 2477.]
/Users/amane/Downloads/research/sawada/thesis/tipping_points/predictability_tipping_lab/tipping_element/amazon.py:968: MatplotlibDeprecationWarning: The get_cmap function was deprecated in Matplotlib 3.7 and will be removed two minor releases later. Use ``matplotlib.colormaps[name]`` or ``matplotlib.colormaps.get_cmap(obj)`` instead.
  cm = plt.cm.get_cmap('RdYlBu')
/Users/amane/Downloads/research/sawada/thesis/tipping_points/predictability_tipping_lab/tipping_element/amazon.py:1004: MatplotlibDeprecationWarning: The get_cmap function was deprecated in Matplotlib 3.7 and will be removed two minor releases later. Use ``matplotlib.colormaps[name]`` or ``matplotlib.colormaps.get_cmap(obj)`` instead.
  cm = plt.cm.get_cmap('RdYlBu')
/Users/amane/Downloads/research/sawada/thesis/tipping_points/predictability_tipping_lab/tipping_element/amazon.py:238: RuntimeWarning: divide by zero encountered in log
  Hprior=(-1)*np.sum(np.where(pri_bin_count <=0,0,pri_bin_count/n_particles*np.log(pri_bin_count/n_particles)))
/Users/amane/Downloads/research/sawada/thesis/tipping_points/predictability_tipping_lab/tipping_element/amazon.py:238: RuntimeWarning: invalid value encountered in multiply
  Hprior=(-1)*np.sum(np.where(pri_bin_count <=0,0,pri_bin_count/n_particles*np.log(pri_bin_count/n_particles)))
/Users/amane/Downloads/research/sawada/thesis/tipping_points/predictability_tipping_lab/tipping_element/amazon.py:239: RuntimeWarning: divide by zero encountered in log
  Hpost=(-1)*np.sum(np.where(post_bin_count<=0,0,post_bin_count/n_particles*np.log(post_bin_count/n_particles)))
/Users/amane/Downloads/research/sawada/thesis/tipping_points/predictability_tipping_lab/tipping_element/amazon.py:239: RuntimeWarning: invalid value encountered in multiply
  Hpost=(-1)*np.sum(np.where(post_bin_count<=0,0,post_bin_count/n_particles*np.log(post_bin_count/n_particles)))
[ 2268.  2257.  2134.  2308.  2202.  2141.  2234.  2142.  2223.  2139.
  2380.  2306.  2136.  2384.  2118.  2129.  2218.  2178.  2161.  2295.
  2106.  2670.  2643. 10000.  2287.  2313.  2259.  2304.  2141.  2197.
  2253.  2427.  2198.  2178.  2419.  2325.  2218.  2121. 10000. 10000.
  2198.  2346.  2219.  2255.  2119.  2210.  2256.  2231.  2174.  2348.
  2581.  2348.  2258.  2303.  2387. 10000.  2321.  2277.  2318.  2117.
  2391.  2312.  2463.  2302.  2178. 10000.  2292.  2149.  2449.  2314.
  2301.  2300.  2237.  2532.  2175.  2280. 10000.  2125.  2762.  2143.
  2259.  2398.  2107.  2275. 10000. 10000. 10000.  2207.  2158.  2261.
 10000.  2308.  2404.  2203.  2130.  2161.  2277.  2143.  2270.  2090.
  2216.  2243.  2208.  2801.  2184.  2106.  2361.  2301.  2388.  2372.
  2206.  2353.  2203.  2409.  2215.  2312.  2128.  2564. 10000.  2385.
  2375.  2279.  2524.  2181.  2216.  2183.  2478.  2203.  2448.  2148.
  2189.  2190.  2148.  2138.  2145.  2084.  2144.  2328.  2208.  2205.
  2519.  2346.  2297.  2435. 10000.  2383.  2476.  2409.  2153.  2217.
  2191.  2293.  2342. 10000.  2253.  2183.  2325.  2239.  2380.  2180.
  2282.  2373.  2317.  2172.  2224. 10000.  2290.  2290.  2274.  2096.
  2126.  2188. 10000.  2288.  2135.  2296.  2092.  2157.  2430.  2222.
  2479.  2205.  2343.  2226.  2264.  2148.  2382.  2292.  2153.  2286.
  2199.  2097.  2100.  2370.  2227.  2092.  2146.  2358.  2366.  2247.
 10000.  2351.  2340.  2472.  2241.  2282.  2139.  2258. 10000. 10000.
  2119.  2338.  2193.  2099.  2178.  2700.  2437.  2249.  2205.  2197.
  2299.  2562.  2232.  2602.  2162.  2349.  2142.  2374.  2125.  2399.
 10000.  2237.  2250.  2326.  2188.  2079.  2586.  2367.  2290.  2116.
  2169.  2570.  2302.  2402.  2316.  2157.  2512.  2268. 10000.  2383.
  2189.  2151.  2112.  2216.  2145.  2223. 10000.  2262.  2152.  2271.
  2192.  2415.  2334.  2339.  2184.  2232.  2218.  2571.  2702.  2186.
  2207.  2137.  2239.  2187. 10000.  2127.  2228.  2259. 10000.  2216.
  2282.  2082.  2187.  2349.  2222.  2284.  2188.  2441.  2373.  2243.
  2222.  2267.  2239.  2296.  2293.  2154.  2119.  2207.  2165.  2230.
  2275.  2152.  2159.  2271.  2139.  2481.  2488.  2158.  2332.  2209.
  2686.  2258.  2381.  2184.  2469.  2218.  2266.  2102.  2235.  2278.
  2755.  2099.  2296.  2226.  2260.  2199.  2177.  2276.  2214.  2241.
  2244.  2240.  2118.  2089. 10000.  2560.  2348.  2142.  2241.  2322.
  2220.  2185.  2267.  2197.  2468.  2176.  2158.  2349.  2534.  2146.
  2383.  2463.  2194.  2206.  2153.  2199.  2469.  2185.  2434.  2410.
  2280.  2347.  2185.  2120.  2390.  2176.  2091.  2372.  2307.  2543.
 10000.  2100.  2153.  2506.  2177.  2209.  2266.  2692.  2370.  2373.
  2284. 10000.  2176. 10000.  2134.  2279.  2264.  2388.  2230.  2153.
  2368.  2247.  2194.  2278.  2366.  2212.  2380.  2306.  2197.  2261.
  2251.  2289.  2210.  2228.  2179.  2206.  2258. 10000.  2325. 10000.
  2127.  2128.  2415.  2175.  2137.  2099.  2321.  2147.  2250.  2394.
  2489.  2437.  2387.  2178.  2205.  2408.  2232.  2262.  2175.  2636.
  2124.  2116.  2217.  2123.  2186.  2179.  2450.  2170.  2193.  2740.
  2291.  2169.  2230.  2280.  2255.  2413.  2398.  2279. 10000.  2255.
  2420.  2103.  2139.  2215.  2241.  2393.  2095.  2189.  2339.  2089.
  2143.  2266.  2264.  2143.  2321.  2251.  2117.  2232.  2171.  2547.
  2106.  2130.  2413.  2157.  2105. 10000.  2238.  2243.  2327.  2147.
  2125.  2185.  2315.  2311.  2172.  2163.  2171. 10000.  2324.  2253.
  2108. 10000.  2223.  2307.  2194.  2171.  2368.  2208.  2425.  2181.
  2153.  2158.  2224.  2119.  2320.  2120.  2389.  2254.  2298.  2167.
  2257.  2192.  2195.  2259.  2404.  2245.  2448.  2123. 10000.  2223.
  2190.  2218.  2286.  2184.  2105.  2324.  2300.  2478.  2328.  2105.
  2455.  2175.  2129.  2208.  2232.  2357.  2103.  2259.  2352.  2245.
  2641.  2227.  2164.  2147.  2181.  2267.  2160.  2200.  2469.  2287.
  2376.  2302.  2298.  2235.  2240.  2200.  2447.  2310.  2701.  2333.
  2214.  2277.  2127. 10000.  2222. 10000.  2242.  2329.  2445.  2168.
  2214.  2421.  2498.  2299.  2167.  2205.  2154.  2247.  2329.  2288.
  2386.  2155. 10000.  2301.  2108.  2103.  2310.  2255.  2252.  2211.
  2183.  2415.  2300.  2367.  2149.  2459.  2262.  2348.  2388.  2174.
  2231.  2455.  2230.  2446.  2254.  2252.  2220.  2336.  2177.  2239.
 10000.  2291.  2513. 10000.  2153.  2543.  2224.  2410.  2511.  2259.
  2309.  2286.  2285.  2399.  2414.  2234.  2132.  2434.  2180.  2123.
  2283.  2565.  2282. 10000.  2340.  2296.  2432.  2167.  2371.  2517.
  2417.  2158.  2521.  2399.  2277.  2292.  2410.  2249. 10000.  2158.
  2333.  2235.  2808.  2122.  2267.  2174.  2170.  2286.  2277. 10000.
  2244.  2547.  2203.  2323.  2113.  2190.  2103.  2285.  2234.  2312.
  2128.  2557.  2223.  2098.  2269.  2367.  2242.  2346.  2235.  2339.
  2217.  2494.  2324.  2140.  2450.  2241.  2234. 10000.  2240.  2124.
  2163.  2355.  2161.  2360.  2219.  2260.  2211.  2102.  2265.  2200.
  2240.  2428.  2241.  2216.  2302.  2241. 10000.  2453.  2469.  2148.
  2188.  2411.  2237.  2246.  2308.  2202.  2285. 10000.  2193.  2181.
  2201.  2159.  2192.  2137.  2507.  2286.  2104.  2402.  2261.  2231.
  2445.  2245.  2179.  2126.  2264.  2324.  2213.  2278.  2515.  2213.
  2388.  2155.  2124.  2456.  2329.  2393.  2576.  2170.  2200.  2105.
  2130.  2190.  2309.  2177.  2345.  2314.  2126.  2238.  2218. 10000.
  2405.  2192.  2237.  2264.  2212.  2270.  2152.  2226.  2338.  2118.
  2232.  2228.  2307.  2220.  2231.  2164.  2125.  2198.  2465.  2156.
  2092.  2114.  2118.  2275.  2294.  2145.  2216.  2280. 10000.  2223.
  2094.  2493.  2191.  2367.  2322.  2371.  2456.  2189.  2276.  2339.
  2355.  2114.  2224.  2106.  2385.  2611.  2261.  2569.  2385.  2355.
  2322.  2267.  2279.  2326.  2383.  2358.  2404.  2322.  2152.  2151.
  2110.  2158. 10000.  2209.  2121.  2388.  2208.  2237.  2256.  2449.
  2174.  2244.  2219.  2287.  2119.  2524.  2253.  2193.  2469.  2376.
  2464.  2378.  2161.  2338.  2216.  2433.  2135.  2319.  2499.  2452.
  2265. 10000.  2271.  2095.  2164. 10000.  2121.  2139.  2489.  2373.
  2282.  2140.  2331. 10000.  2410.  2399.  2103.  2175.  2336.  2457.
  2240.  2227.  2280.  2355.  2395.  2549.  2304.  2116.  2275.  2247.
  2290.  2359.  2145.  2121.  2531.  2204.  2211.  2511.  2096.  2086.
  2220.  2322.  2294.  2299.  2348.  2421.  2088.  2308.  2651.  2732.
  2455.  2185.  2234.  2248.  2266. 10000.  2228.  2151.  2327.  2165.
 10000. 10000.  2193.  2314.  2261.  2515.  2107.  2567.  2452.  2247.
  2225.  2106.  2398.  2108.  2379.  2370.  2191.  2207.  2137.  2403.
  2212.  2259.  2301.  2389.  2253.  2287.  2723.  2265.  2450.  2385.
  2133.  2236.  2251.  2242.  2217.  2160.  2268.  2091.  2447.  2187.
  2097.  2431.  2203.  2367.  2295.  2388.  2290.  2520.  2173.  2443.
  2272.  2201.  2101.  2344.  2380.  2185.  2288.  2203.  2270.  2268.
  2298.  2286. 10000.  2144.  2252.  2661.  2287.  2482.  2407.  2262.
  2271.  2445.  2298.  2149.  2619.  2206.  2257.  2279.  2081.  2418.
 10000.  2436.  2365.  2419.  2217.  2623.  2292.  2109.  2333.  2584.]
v range:(0,1.0)
g0 range:(25,35.0)
Topt range:(1.0,3.0)
v range:(0,1.0)
g0 range:(25,35.0)
Topt range:(1.0,3.0)
v range:(0,1.0)
g0 range:(25,35.0)
Topt range:(1.0,3.0)
v range:(0,1.0)
g0 range:(25,35.0)
Topt range:(1.0,3.0)
v range:(0,1.0)
g0 range:(25,35.0)
Topt range:(1.0,3.0)
v range:(0,1.0)
g0 range:(25,35.0)
Topt range:(1.0,3.0)
v range:(0,1.0)
g0 range:(25,35.0)
Topt range:(1.0,3.0)
v range:(0,1.0)
g0 range:(25,35.0)
Topt range:(1.0,3.0)
v range:(0,1.0)
g0 range:(25,35.0)
Topt range:(1.0,3.0)
v range:(0,1.0)
g0 range:(25,35.0)
Topt range:(1.0,3.0)
v range:(0,1.0)
g0 range:(25,35.0)
Topt range:(1.0,3.0)
v range:(0,1.0)
g0 range:(25,35.0)
Topt range:(1.0,3.0)
v range:(0,1.0)
g0 range:(25,35.0)
Topt range:(1.0,3.0)
v range:(0,1.0)
g0 range:(25,35.0)
Topt range:(1.0,3.0)
v range:(0,1.0)
g0 range:(25,35.0)
Topt range:(1.0,3.0)
v range:(0,1.0)
g0 range:(25,35.0)
Topt range:(1.0,3.0)
v range:(0,1.0)
g0 range:(25,35.0)
Topt range:(1.0,3.0)
v range:(0,1.0)
g0 range:(25,35.0)
Topt range:(1.0,3.0)
v range:(0,1.0)
g0 range:(25,35.0)
Topt range:(1.0,3.0)
v range:(0,1.0)
g0 range:(25,35.0)
Topt range:(1.0,3.0)
v range:(0,1.0)
g0 range:(25,35.0)
Topt range:(1.0,3.0)
v range:(0,1.0)
g0 range:(25,35.0)
Topt range:(1.0,3.0)
v range:(0,1.0)
g0 range:(25,35.0)
Topt range:(1.0,3.0)
v range:(0,1.0)
g0 range:(25,35.0)
Topt range:(1.0,3.0)
v range:(0,1.0)
g0 range:(25,35.0)
Topt range:(1.0,3.0)
v range:(0,1.0)
g0 range:(25,35.0)
Topt range:(1.0,3.0)
v range:(0,1.0)
g0 range:(25,35.0)
Topt range:(1.0,3.0)
v range:(0,1.0)
g0 range:(25,35.0)
Topt range:(1.0,3.0)
v range:(0,1.0)
g0 range:(25,35.0)
Topt range:(1.0,3.0)
v range:(0,1.0)
g0 range:(25,35.0)
Topt range:(1.0,3.0)
v range:(0,1.0)
g0 range:(25,35.0)
Topt range:(1.0,3.0)
v range:(0,1.0)
g0 range:(25,35.0)
Topt range:(1.0,3.0)
v range:(0,1.0)
g0 range:(25,35.0)
Topt range:(1.0,3.0)
v range:(0,1.0)
g0 range:(25,35.0)
Topt range:(1.0,3.0)
v range:(0,1.0)
g0 range:(25,35.0)
Topt range:(1.0,3.0)
v range:(0,1.0)
g0 range:(25,35.0)
Topt range:(1.0,3.0)
v range:(0,1.0)
g0 range:(25,35.0)
Topt range:(1.0,3.0)
v range:(0,1.0)
g0 range:(25,35.0)
Topt range:(1.0,3.0)
v range:(0,1.0)
g0 range:(25,35.0)
Topt range:(1.0,3.0)
v range:(0,1.0)
g0 range:(25,35.0)
Topt range:(1.0,3.0)
v range:(0,1.0)
g0 range:(25,35.0)
Topt range:(1.0,3.0)
v range:(0,1.0)
g0 range:(25,35.0)
Topt range:(1.0,3.0)
v range:(0,1.0)
g0 range:(25,35.0)
Topt range:(1.0,3.0)
v range:(0,1.0)
g0 range:(25,35.0)
Topt range:(1.0,3.0)
v range:(0,1.0)
g0 range:(25,35.0)
Topt range:(1.0,3.0)
v range:(0,1.0)
g0 range:(25,35.0)
Topt range:(1.0,3.0)
v range:(0,1.0)
g0 range:(25,35.0)
Topt range:(1.0,3.0)
v range:(0,1.0)
g0 range:(25,35.0)
Topt range:(1.0,3.0)
v range:(0,0.9999999999999999)
g0 range:(25,35.0)
Topt range:(1.0,3.0)
v range:(0,1.0)
g0 range:(25,35.0)
Topt range:(1.0,3.0)
v range:(0,1.0)
g0 range:(25,35.0)
Topt range:(1.0,3.0)
v range:(0,1.0)
g0 range:(25,35.0)
Topt range:(1.0,3.0)
v range:(0,1.0)
g0 range:(25,35.0)
Topt range:(1.0,3.0)
v range:(0,1.0)
g0 range:(25,35.0)
Topt range:(1.0,3.0)
v range:(0,1.0)
g0 range:(25,35.0)
Topt range:(1.0,3.0)
v range:(0,1.0)
g0 range:(25,35.0)
Topt range:(1.0,3.0)
v range:(0,1.0)
g0 range:(25,35.0)
Topt range:(1.0,3.0)
v range:(0,1.0)
g0 range:(25,35.0)
Topt range:(1.0,3.0)
v range:(0,1.0)
g0 range:(25,35.0)
Topt range:(1.0,3.0)
v range:(0,1.0)
g0 range:(25,35.0)
Topt range:(1.0,3.0)
v range:(0,1.0)
g0 range:(25,35.0)
Topt range:(1.0,3.0)
v range:(0,1.0)
g0 range:(25,35.0)
Topt range:(1.0,3.0)
v range:(0,1.0)
g0 range:(25,35.0)
Topt range:(1.0,3.0)
v range:(0,1.0)
g0 range:(25,35.0)
Topt range:(1.0,3.0)
v range:(0,1.0)
g0 range:(25,35.0)
Topt range:(1.0,3.0)
v range:(0,1.0)
g0 range:(25,35.0)
Topt range:(1.0,3.0)
v range:(0,1.0)
g0 range:(25,35.0)
Topt range:(1.0,3.0)
v range:(0,1.0)
g0 range:(25,35.0)
Topt range:(1.0,3.0)
v range:(0,1.0)
g0 range:(25,35.0)
Topt range:(1.0,3.0)
v range:(0,1.0)
g0 range:(25,35.0)
Topt range:(1.0,3.0)
