/Users/amane/Downloads/research/sawada/thesis/tipping_points/predictability_tipping_lab/tipping_element/amazon.py:874: MatplotlibDeprecationWarning: The get_cmap function was deprecated in Matplotlib 3.7 and will be removed two minor releases later. Use ``matplotlib.colormaps[name]`` or ``matplotlib.colormaps.get_cmap(obj)`` instead.
  cm = plt.cm.get_cmap('RdYlBu')
obs_num:0
T_start:32.9
Tth:34.7
dTex:0.8
Te:34
dtex:350
r:0.008910891089108933
s:0.004
s_num:1000
start simulation
make obs data
temperature noise :0.2
likelihood sd:0.2
obs_noise:0.2
temperature noise :0.2
temperature noise :0.2
smoothing steps:0
the number of observation is 0
start time devlop
write graphs
num of tipping particles:544
num of tipping particles2:476
num of tipping particles3:460
 
[10000. 10000. 10000. 10000. 10000. 10000. 10000. 10000.  1805.   224.
 10000. 10000.   196.  2561. 10000.   606. 10000.  2193. 10000.   284.
 10000. 10000.  1910.   382. 10000.  2548.   440.  4333.   276.  1458.
  2188. 10000. 10000.  1813.   202.   270.   331.  1504.  2072.  2941.
   349.   254.  1715.   446.  2155. 10000.   402.  1170.   271.  2974.
   171.  1584. 10000.   833.  1343.   349.   266.   325.  1779. 10000.
 10000. 10000.   161.   169.  2879.  2727.   316. 10000. 10000. 10000.
 10000. 10000.   265.   209.   156. 10000.   670. 10000.  2376.  2086.
  1222.   179.   251.   178.  2646.   671.   204.  2141.   975. 10000.
 10000.   290. 10000.   390.   269.  1209. 10000.  1305.  1942. 10000.
  3021. 10000.   605.   542.   548. 10000. 10000. 10000. 10000.   709.
 10000.   300.   714. 10000. 10000.   603. 10000. 10000. 10000. 10000.
  2094.   867.  1172. 10000.   221. 10000.  2257.   249.  2082.   670.
 10000.  2677. 10000. 10000.   661. 10000.  2757. 10000. 10000.   307.
  2038.   412.  1072.   223. 10000. 10000. 10000. 10000. 10000. 10000.
  2372.  1969.   266.  1009.   411.   418.  1043.   220.   190. 10000.
 10000. 10000. 10000.   200.   408. 10000.  2087.  1293. 10000.  3069.
  2363.   344.  2011. 10000. 10000. 10000. 10000. 10000. 10000. 10000.
   271. 10000.   163. 10000. 10000.   792. 10000.   593. 10000. 10000.
   214. 10000.  1503.   195. 10000.   654.  1803.  1802.   376.   577.
 10000. 10000.   421. 10000.   206.  2017. 10000.  2172. 10000.  1879.
  2539. 10000. 10000.  1480.  1173. 10000. 10000.  4045.  2763.   198.
 10000.   512.   233.   177.   253.   139. 10000. 10000.  1931.   426.
   392.   236.  2310. 10000.   170. 10000.  1490. 10000.   445. 10000.
  1895.  1839.   765.  1618.  2255.  2094.  1399. 10000. 10000.  1026.
 10000. 10000.  2929. 10000.   272.  2949. 10000. 10000. 10000. 10000.
 10000.  2103. 10000.   491.  2217.   245. 10000.  2996.   798.   365.
   699. 10000. 10000.  1079. 10000.   851. 10000. 10000. 10000. 10000.
   816.   310. 10000. 10000. 10000.  3301. 10000.  1323. 10000.   706.
   309. 10000. 10000.   976. 10000. 10000. 10000.  2967. 10000. 10000.
   932.   227.   858. 10000.   682.   231.   840.  3261. 10000. 10000.
  3387.   758. 10000.   357. 10000.   213.   353. 10000.  2081.   316.
 10000. 10000.   491.   484.  1111. 10000.  2138.  2396. 10000.   215.
 10000.  2851. 10000. 10000. 10000.   263.  1351.   300. 10000. 10000.
 10000.   394. 10000.   312. 10000.  2224.  2140. 10000.  2486.   720.
 10000. 10000.  3420.   139.   144.  2208.   717. 10000. 10000. 10000.
 10000.   969.   271.  2359.  1740.  2344.   897.  1272. 10000.   147.
 10000. 10000.   282.   304. 10000. 10000. 10000.   584.   209.  3169.
 10000. 10000.   257. 10000.   273. 10000. 10000. 10000.   175.   285.
   265.   269. 10000.   204. 10000.   199. 10000.   675.  2997.   129.
 10000.  2872.   230. 10000. 10000. 10000.  2770.  1249.   272. 10000.
 10000.   450.  2892.  1551. 10000.   260.  3622.  4073.   275.  3189.
 10000. 10000.   417. 10000.   344. 10000.  1509. 10000.   804.   965.
   851. 10000.   307. 10000. 10000. 10000.  3699.  2431. 10000. 10000.
  1492. 10000.  2504.   356. 10000. 10000.   258.   154.   222.   902.
   471.  2792. 10000. 10000.   292.  1050.   280.  1386. 10000. 10000.
 10000.  2379. 10000.   181. 10000.   226.   180.  2405.   133. 10000.
 10000.  2616. 10000. 10000.   221. 10000.  1972. 10000.   334. 10000.
  1209.   175.  1066.   176.   168.  1399. 10000.  1363.  1287.   334.
  1064.   649. 10000.  1971. 10000. 10000.   278. 10000. 10000.  1880.
 10000. 10000.  1182.   994.   232. 10000.  1449.  2784.   229.  2836.
 10000.  3079. 10000.   161.  1420. 10000.  3530. 10000.  1229. 10000.
   542.   885.   281.   727. 10000. 10000.   220.  1253. 10000. 10000.
 10000.   819. 10000.   464. 10000. 10000.   244.   764.  3032. 10000.
   232.  1229.   224.  1099. 10000. 10000. 10000.   363.   262.   264.
  1697. 10000. 10000.   148.   189. 10000.  3299. 10000. 10000. 10000.
 10000. 10000. 10000.  2039. 10000. 10000. 10000.   230.  2357.  2278.
 10000. 10000. 10000. 10000. 10000.   258.   225. 10000. 10000. 10000.
  2982. 10000.  3020.  1101.  2230.  1083. 10000.  3169.  1152.  1085.
   241. 10000. 10000. 10000.   270.  2975. 10000.  2365.  1080.   250.
 10000.   855. 10000.   253. 10000.   169. 10000.   462.  3223.  3088.
   219. 10000.  3000. 10000. 10000. 10000.  1699.  2037. 10000. 10000.
   877.   317. 10000.   688. 10000. 10000. 10000.  2201. 10000.   798.
 10000. 10000.  3426.   677.  1346. 10000.   407. 10000.  1051. 10000.
   703.  2389. 10000. 10000.  2621. 10000. 10000.   202. 10000. 10000.
  3312.  1482. 10000. 10000. 10000. 10000.  3090.   220. 10000. 10000.
 10000. 10000.   743. 10000.  2028.  1934.   257. 10000. 10000.  2973.
 10000.   186.  1610. 10000.  3072.   574.  2846.   489. 10000. 10000.
 10000. 10000. 10000.  2845. 10000. 10000. 10000.   266.   658.   182.
   460.   478. 10000.  1680.  2397. 10000.   289.  3021.  3107. 10000.
  2401.  1281. 10000.   300. 10000. 10000.  3284.   270.   159. 10000.
 10000.   360.   152.   493.   689. 10000.  3062. 10000.  2859.   286.
 10000. 10000. 10000.  1392.  2537. 10000. 10000.   364.  1010.  1539.
  2825.   145. 10000. 10000. 10000.   257. 10000.  2643.   838. 10000.
 10000.   342.   174. 10000.   149. 10000.   156.   217.   227.   495.
 10000. 10000.  2965.   534. 10000.   217. 10000.   174. 10000. 10000.
   284. 10000. 10000.   910.  2755. 10000.   460.   210.   740. 10000.
   891.  2861. 10000. 10000.   233. 10000. 10000.   567.  2436.   256.
   156. 10000. 10000.   233. 10000.   256.   295.   877. 10000.  1732.
 10000. 10000. 10000.   196.  2930.  1465.   674.  2856.  1997.  1865.
 10000. 10000. 10000.   623.   548. 10000. 10000. 10000. 10000.  1139.
 10000. 10000. 10000.   336. 10000. 10000. 10000.  1888.  1369.   322.
 10000.   149. 10000. 10000.  2325.   832.   153.   531.   164.  1498.
   188. 10000. 10000.   565. 10000. 10000.  1693.  3073. 10000.   269.
   318. 10000.  3453.   718.   139.   239.   236. 10000.   397.   267.
   199. 10000. 10000.  2884. 10000.   241. 10000.  2732. 10000.  2612.
 10000. 10000. 10000. 10000.   189.  3175.   368. 10000.  1902. 10000.
 10000.   408. 10000. 10000.   475.  1691. 10000. 10000. 10000. 10000.
 10000.  2892.  1049.   191.   222. 10000. 10000.  2056.   364.   284.
  3195.   455. 10000.  2990. 10000.  1088.  2407. 10000.   223. 10000.
 10000. 10000.   420. 10000.   622.  3285.   167. 10000. 10000. 10000.
 10000. 10000.   144.   135. 10000. 10000. 10000. 10000.  3056.  3099.
 10000. 10000.   145.  3197. 10000.  1492.  1092.  1951. 10000.   753.
 10000. 10000. 10000.   372.   284.   257.   148.   219. 10000.  1913.
 10000. 10000. 10000.   205. 10000. 10000. 10000.   426. 10000.  1974.
 10000. 10000.   248.  1775. 10000. 10000.   233.   214.  1291. 10000.
 10000.   282.  2262.  3242. 10000. 10000. 10000.  2159. 10000. 10000.
 10000. 10000.   875.   203.  3745. 10000.  3421. 10000.   358. 10000.
 10000.   229. 10000. 10000.  1758.   128.  1575.   207.  2167. 10000.
 10000.   297. 10000.   287.   436.   259.  2363.  2173. 10000.  1638.]
/Users/amane/Downloads/research/sawada/thesis/tipping_points/predictability_tipping_lab/tipping_element/amazon.py:910: MatplotlibDeprecationWarning: The get_cmap function was deprecated in Matplotlib 3.7 and will be removed two minor releases later. Use ``matplotlib.colormaps[name]`` or ``matplotlib.colormaps.get_cmap(obj)`` instead.
  cm = plt.cm.get_cmap('RdYlBu')
/Users/amane/Downloads/research/sawada/thesis/tipping_points/predictability_tipping_lab/tipping_element/amazon.py:946: MatplotlibDeprecationWarning: The get_cmap function was deprecated in Matplotlib 3.7 and will be removed two minor releases later. Use ``matplotlib.colormaps[name]`` or ``matplotlib.colormaps.get_cmap(obj)`` instead.
  cm = plt.cm.get_cmap('RdYlBu')
/Users/amane/Downloads/research/sawada/thesis/tipping_points/predictability_tipping_lab/tipping_element/amazon.py:238: RuntimeWarning: divide by zero encountered in log
  Hprior=(-1)*np.sum(np.where(pri_bin_count <=0,0,pri_bin_count/n_particles*np.log(pri_bin_count/n_particles)))
/Users/amane/Downloads/research/sawada/thesis/tipping_points/predictability_tipping_lab/tipping_element/amazon.py:238: RuntimeWarning: invalid value encountered in multiply
  Hprior=(-1)*np.sum(np.where(pri_bin_count <=0,0,pri_bin_count/n_particles*np.log(pri_bin_count/n_particles)))
/Users/amane/Downloads/research/sawada/thesis/tipping_points/predictability_tipping_lab/tipping_element/amazon.py:239: RuntimeWarning: divide by zero encountered in log
  Hpost=(-1)*np.sum(np.where(post_bin_count<=0,0,post_bin_count/n_particles*np.log(post_bin_count/n_particles)))
/Users/amane/Downloads/research/sawada/thesis/tipping_points/predictability_tipping_lab/tipping_element/amazon.py:239: RuntimeWarning: invalid value encountered in multiply
  Hpost=(-1)*np.sum(np.where(post_bin_count<=0,0,post_bin_count/n_particles*np.log(post_bin_count/n_particles)))
[10000. 10000. 10000. 10000. 10000. 10000. 10000. 10000.  1650.   224.
 10000. 10000.   197.  2621. 10000.   595. 10000.  2237. 10000.   285.
 10000. 10000.  1790.   395. 10000.  2622.   439. 10000.   278.  1381.
  2204. 10000. 10000.  1664.   204.   271.   333.  1417.  2108. 10000.
   354.   258.  1529.   446.  2109. 10000.   413.  1116.   271. 10000.
   186.  1401. 10000.   763.  1312.   349.   292.   327.  1689. 10000.
 10000. 10000.   167.   172. 10000. 10000.   319. 10000. 10000. 10000.
 10000. 10000.   267.   240.   160. 10000.   664. 10000.  2396.  2133.
  1120.   185.   252.   182. 10000.   656.   221.  2128.   902. 10000.
 10000.   307. 10000.   399.   272.  1137. 10000.  1248.  1834. 10000.
 10000. 10000.   572.   532.   539. 10000. 10000. 10000. 10000.   669.
 10000.   306.   699. 10000. 10000.   599. 10000. 10000. 10000. 10000.
  2126.   798.  1122. 10000.   220. 10000.  2275.   249.  2120.   588.
 10000.  2904. 10000. 10000.   577. 10000. 10000. 10000. 10000.   325.
  1951.   419.  1037.   223. 10000. 10000. 10000. 10000. 10000. 10000.
  2368.  1924.   279.   977.   419.   427.  1013.   220.   199. 10000.
 10000. 10000. 10000.   201.   410. 10000.  2072.  1271. 10000. 10000.
  2339.   346.  1921. 10000. 10000. 10000. 10000. 10000. 10000. 10000.
   273. 10000.   167. 10000. 10000.   731. 10000.   583. 10000. 10000.
   214. 10000.  1428.   196. 10000.   643.  1646.  1707.   384.   567.
 10000. 10000.   424. 10000.   206.  2036. 10000.  2108. 10000.  1825.
  2745. 10000. 10000.  1400.  1122. 10000. 10000. 10000. 10000.   199.
 10000.   508.   268.   179.   259.   145. 10000. 10000.  1871.   430.
   396.   236.  2326. 10000.   173. 10000.  1404. 10000.   446. 10000.
  1783.  1749.   754.  1558.  2269.  2125.  1336. 10000. 10000.   955.
 10000. 10000. 10000. 10000.   296. 10000. 10000. 10000. 10000. 10000.
 10000.  2153. 10000.   490.  2158.   245. 10000. 10000.   778.   370.
   654. 10000. 10000.  1043. 10000.   825. 10000. 10000. 10000. 10000.
   786.   311. 10000. 10000. 10000. 10000. 10000.  1269. 10000.   689.
   312. 10000. 10000.   921. 10000. 10000. 10000. 10000. 10000. 10000.
   914.   227.   839. 10000.   600.   231.   789. 10000. 10000. 10000.
 10000.   680. 10000.   358. 10000.   213.   353. 10000.  2114.   322.
 10000. 10000.   490.   487.  1060. 10000.  2175.  2410. 10000.   215.
 10000. 10000. 10000. 10000. 10000.   266.  1315.   301. 10000. 10000.
 10000.   406. 10000.   327. 10000.  2251.  2076. 10000.  2575.   702.
 10000. 10000. 10000.   144.   153.  2155.   700. 10000. 10000. 10000.
 10000.   905.   271.  2364.  1559.  2320.   874.  1220. 10000.   160.
 10000. 10000.   285.   321. 10000. 10000. 10000.   573.   210. 10000.
 10000. 10000.   272. 10000.   295. 10000. 10000. 10000.   183.   297.
   274.   279. 10000.   220. 10000.   212. 10000.   665. 10000.   135.
 10000. 10000.   230. 10000. 10000. 10000. 10000.  1172.   273. 10000.
 10000.   451. 10000.  1464. 10000.   263. 10000. 10000.   281. 10000.
 10000. 10000.   420. 10000.   345. 10000.  1435. 10000.   737.   890.
   793. 10000.   307. 10000. 10000. 10000. 10000. 10000. 10000. 10000.
  1401. 10000.  2543.   363. 10000. 10000.   258.   158.   222.   833.
   470. 10000. 10000. 10000.   292.   988.   300.  1328. 10000. 10000.
 10000.  2359. 10000.   183. 10000.   226.   188.  2409.   138. 10000.
 10000.  2793. 10000. 10000.   221. 10000.  1951. 10000.   339. 10000.
  1183.   179.   996.   178.   184.  1351. 10000.  1325.  1251.   337.
   997.   585. 10000.  1868. 10000. 10000.   280. 10000. 10000.  1750.
 10000. 10000.  1124.   930.   236. 10000.  1384. 10000.   229. 10000.
 10000. 10000. 10000.   164.  1348. 10000. 10000. 10000.  1196. 10000.
   533.   823.   282.   647. 10000. 10000.   220.  1190. 10000. 10000.
 10000.   743. 10000.   463. 10000. 10000.   244.   688. 10000. 10000.
   232.  1173.   224.  1029. 10000. 10000. 10000.   364.   264.   287.
  1566. 10000. 10000.   155.   196. 10000. 10000. 10000. 10000. 10000.
 10000. 10000. 10000.  1950. 10000. 10000. 10000.   230.  2337.  2226.
 10000. 10000. 10000. 10000. 10000.   263.   225. 10000. 10000. 10000.
 10000. 10000. 10000.  1036.  2251.  1044. 10000. 10000.  1089.  1047.
   241. 10000. 10000. 10000.   292. 10000. 10000.  2350.  1046.   251.
 10000.   782. 10000.   253. 10000.   173. 10000.   461. 10000. 10000.
   218. 10000. 10000. 10000. 10000. 10000.  1535.  2003. 10000. 10000.
   801.   321. 10000.   672. 10000. 10000. 10000.  2212. 10000.   731.
 10000. 10000. 10000.   653.  1297. 10000.   408. 10000.  1022. 10000.
   621.  2442. 10000. 10000.  2701. 10000. 10000.   205. 10000. 10000.
 10000.  1407. 10000. 10000. 10000. 10000. 10000.   220. 10000. 10000.
 10000. 10000.   665. 10000.  2027.  1817.   260. 10000. 10000. 10000.
 10000.   192.  1421. 10000. 10000.   528. 10000.   472. 10000. 10000.
 10000. 10000. 10000. 10000. 10000. 10000. 10000.   266.   643.   187.
   460.   479. 10000.  1483.  2374. 10000.   301. 10000. 10000. 10000.
  2449.  1253. 10000.   301. 10000. 10000. 10000.   281.   165. 10000.
 10000.   361.   160.   493.   608. 10000. 10000. 10000. 10000.   302.
 10000. 10000. 10000.  1331.  2594. 10000. 10000.   365.   947.  1437.
 10000.   150. 10000. 10000. 10000.   257. 10000. 10000.   791. 10000.
 10000.   344.   184. 10000.   162. 10000.   162.   222.   227.   494.
 10000. 10000. 10000.   526. 10000.   217. 10000.   200. 10000. 10000.
   294. 10000. 10000.   863.  3376. 10000.   459.   211.   729. 10000.
   872. 10000. 10000. 10000.   239. 10000. 10000.   539.  2453.   256.
   160. 10000. 10000.   232. 10000.   279.   296.   808. 10000.  1568.
 10000. 10000. 10000.   200. 10000.  1376.   659. 10000.  1969.  1798.
 10000. 10000. 10000.   564.   536. 10000. 10000. 10000. 10000.  1071.
 10000. 10000. 10000.   340. 10000. 10000. 10000.  1839.  1318.   323.
 10000.   161. 10000. 10000.  2344.   762.   159.   522.   168.  1433.
   191. 10000. 10000.   555. 10000. 10000.  1496. 10000. 10000.   275.
   323. 10000. 10000.   706.   146.   268.   245. 10000.   398.   293.
   200. 10000. 10000. 10000. 10000.   242. 10000. 10000. 10000.  2697.
 10000. 10000. 10000. 10000.   192. 10000.   376. 10000.  1783. 10000.
 10000.   410. 10000. 10000.   474.  1497. 10000. 10000. 10000. 10000.
 10000. 10000.  1009.   193.   222. 10000. 10000.  1976.   365.   292.
 10000.   456. 10000. 10000. 10000.  1040.  2424. 10000.   224. 10000.
 10000. 10000.   426. 10000.   615. 10000.   174. 10000. 10000. 10000.
 10000. 10000.   151.   144. 10000. 10000. 10000. 10000. 10000. 10000.
 10000. 10000.   151. 10000. 10000.  1410.  1046.  1858. 10000.   737.
 10000. 10000. 10000.   373.   285.   264.   153.   218. 10000.  1866.
 10000. 10000. 10000.   223. 10000. 10000. 10000.   429. 10000.  1948.
 10000. 10000.   248.  1701. 10000. 10000.   244.   213.  1267. 10000.
 10000.   282.  2275. 10000. 10000. 10000. 10000.  2155. 10000. 10000.
 10000. 10000.   855.   204. 10000. 10000. 10000. 10000.   371. 10000.
 10000.   230. 10000. 10000.  1607.   135.  1496.   208.  2102. 10000.
 10000.   305. 10000.   302.   438.   260.  2373.  2188. 10000.  1499.]
v range:(0,1.0)
g0 range:(25,35.0)
Topt range:(1.0,3.0)
v range:(0,1.0)
g0 range:(25,35.0)
Topt range:(1.0,3.0)
v range:(0,1.0)
g0 range:(25,35.0)
Topt range:(1.0,3.0)
v range:(0,1.0)
g0 range:(25,35.0)
Topt range:(1.0,3.0)
v range:(0,1.0)
g0 range:(25,35.0)
Topt range:(1.0,3.0)
v range:(0,1.0)
g0 range:(25,35.0)
Topt range:(1.0,3.0)
v range:(0,1.0)
g0 range:(25,35.0)
Topt range:(1.0,3.0)
v range:(0,1.0)
g0 range:(25,35.0)
Topt range:(1.0,3.0)
v range:(0,1.0)
g0 range:(25,35.0)
Topt range:(1.0,3.0)
v range:(0,1.0)
g0 range:(25,35.0)
Topt range:(1.0,3.0)
v range:(0,1.0)
g0 range:(25,35.0)
Topt range:(1.0,3.0)
v range:(0,1.0)
g0 range:(25,35.0)
Topt range:(1.0,3.0)
v range:(0,1.0)
g0 range:(25,35.0)
Topt range:(1.0,3.0)
v range:(0,1.0)
g0 range:(25,35.0)
Topt range:(1.0,3.0)
v range:(0,1.0)
g0 range:(25,35.0)
Topt range:(1.0,3.0)
v range:(0,1.0)
g0 range:(25,35.0)
Topt range:(1.0,3.0)
v range:(0,1.0)
g0 range:(25,35.0)
Topt range:(1.0,3.0)
v range:(0,1.0)
g0 range:(25,35.0)
Topt range:(1.0,3.0)
v range:(0,1.0)
g0 range:(25,35.0)
Topt range:(1.0,3.0)
v range:(0,1.0)
g0 range:(25,35.0)
Topt range:(1.0,3.0)
v range:(0,1.0)
g0 range:(25,35.0)
Topt range:(1.0,3.0)
v range:(0,1.0)
g0 range:(25,35.0)
Topt range:(1.0,3.0)
v range:(0,1.0)
g0 range:(25,35.0)
Topt range:(1.0,3.0)
v range:(0,1.0)
g0 range:(25,35.0)
Topt range:(1.0,3.0)
v range:(0,1.0)
g0 range:(25,35.0)
Topt range:(1.0,3.0)
v range:(0,1.0)
g0 range:(25,35.0)
Topt range:(1.0,3.0)
v range:(0,1.0)
g0 range:(25,35.0)
Topt range:(1.0,3.0)
v range:(0,1.0)
g0 range:(25,35.0)
Topt range:(1.0,3.0)
v range:(0,1.0)
g0 range:(25,35.0)
Topt range:(1.0,3.0)
v range:(0,1.0)
g0 range:(25,35.0)
Topt range:(1.0,3.0)
v range:(0,1.0)
g0 range:(25,35.0)
Topt range:(1.0,3.0)
v range:(0,1.0)
g0 range:(25,35.0)
Topt range:(1.0,3.0)
v range:(0,1.0)
g0 range:(25,35.0)
Topt range:(1.0,3.0)
v range:(0,1.0)
g0 range:(25,35.0)
Topt range:(1.0,3.0)
v range:(0,1.0)
g0 range:(25,35.0)
Topt range:(1.0,3.0)
v range:(0,1.0)
g0 range:(25,35.0)
Topt range:(1.0,3.0)
v range:(0,1.0)
g0 range:(25,35.0)
Topt range:(1.0,3.0)
v range:(0,1.0)
g0 range:(25,35.0)
Topt range:(1.0,3.0)
v range:(0,1.0)
g0 range:(25,35.0)
Topt range:(1.0,3.0)
v range:(0,1.0)
g0 range:(25,35.0)
Topt range:(1.0,3.0)
v range:(0,1.0)
g0 range:(25,35.0)
Topt range:(1.0,3.0)
v range:(0,1.0)
g0 range:(25,35.0)
Topt range:(1.0,3.0)
v range:(0,1.0)
g0 range:(25,35.0)
Topt range:(1.0,3.0)
v range:(0,1.0)
g0 range:(25,35.0)
Topt range:(1.0,3.0)
v range:(0,1.0)
g0 range:(25,35.0)
Topt range:(1.0,3.0)
v range:(0,1.0)
g0 range:(25,35.0)
Topt range:(1.0,3.0)
v range:(0,1.0)
g0 range:(25,35.0)
Topt range:(1.0,3.0)
v range:(0,1.0)
g0 range:(25,35.0)
Topt range:(1.0,3.0)
v range:(0,0.9999999999999999)
g0 range:(25,35.0)
Topt range:(1.0,3.0)
v range:(0,1.0)
g0 range:(25,35.0)
Topt range:(1.0,3.0)
v range:(0,1.0)
g0 range:(25,35.0)
Topt range:(1.0,3.0)
v range:(0,1.0)
g0 range:(25,35.0)
Topt range:(1.0,3.0)
v range:(0,1.0)
g0 range:(25,35.0)
Topt range:(1.0,3.0)
v range:(0,1.0)
g0 range:(25,35.0)
Topt range:(1.0,3.0)
v range:(0,1.0)
g0 range:(25,35.0)
Topt range:(1.0,3.0)
v range:(0,1.0)
g0 range:(25,35.0)
Topt range:(1.0,3.0)
v range:(0,1.0)
g0 range:(25,35.0)
Topt range:(1.0,3.0)
v range:(0,1.0)
g0 range:(25,35.0)
Topt range:(1.0,3.0)
v range:(0,1.0)
g0 range:(25,35.0)
Topt range:(1.0,3.0)
v range:(0,1.0)
g0 range:(25,35.0)
Topt range:(1.0,3.0)
v range:(0,1.0)
g0 range:(25,35.0)
Topt range:(1.0,3.0)
v range:(0,1.0)
g0 range:(25,35.0)
Topt range:(1.0,3.0)
v range:(0,1.0)
g0 range:(25,35.0)
Topt range:(1.0,3.0)
v range:(0,1.0)
g0 range:(25,35.0)
Topt range:(1.0,3.0)
v range:(0,1.0)
g0 range:(25,35.0)
Topt range:(1.0,3.0)
v range:(0,1.0)
g0 range:(25,35.0)
Topt range:(1.0,3.0)
v range:(0,1.0)
g0 range:(25,35.0)
Topt range:(1.0,3.0)
v range:(0,1.0)
g0 range:(25,35.0)
Topt range:(1.0,3.0)
v range:(0,1.0)
g0 range:(25,35.0)
Topt range:(1.0,3.0)
v range:(0,1.0)
g0 range:(25,35.0)
Topt range:(1.0,3.0)
