/Users/amane/Downloads/research/sawada/thesis/tipping_points/predictability_tipping_lab/tipping_element/AMOC.py:546: MatplotlibDeprecationWarning: The get_cmap function was deprecated in Matplotlib 3.7 and will be removed two minor releases later. Use ``matplotlib.colormaps[name]`` or ``matplotlib.colormaps.get_cmap(obj)`` instead.
  cm = plt.cm.get_cmap('RdYlBu')
obs_num:0
s_num:1000
tip time:402.0
temperature noise :0.6324555320336759
tip time:402.0
temperature noise :0.6324555320336759
tip time:402.0
temperature noise :0.6324555320336759
[   58. 10000.    58.  5202.    50.  1122. 10000.    72.    50.   101.
    74. 10000. 10000. 10000. 10000.    50.    51. 10000.  2490.    72.
 10000.    51.    74. 10000.   124. 10000. 10000.    93.    72.   205.
    72. 10000. 10000. 10000.  4461.    72.  2779.    51.   114.   131.
 10000.   210.  3086.    51. 10000.    59.    74. 10000. 10000. 10000.
    99.    75.  3048.    50. 10000. 10000.    58.    93. 10000.    93.
    51.    72. 10000.  4157. 10000.    99.  4704.    99. 10000.    61.
 10000. 10000.  3316.  2653. 10000. 10000. 10000.    58.  1914.    59.
    75. 10000.  1452.  1211.    74. 10000. 10000.    50.   141.  1288.
  3805.   226. 10000.  2455.    76.    59.    51. 10000.    51.    93.
    51.   101. 10000.    99.  1285. 10000.    71.  4212.   430. 10000.
 10000.   144. 10000. 10000. 10000.    51.   114.   613. 10000. 10000.
    72. 10000.  1515.   140.    99. 10000. 10000. 10000. 10000.  3987.
    50.    50.    50. 10000.   155.   217.    93. 10000. 10000.    72.
   102.    59.    51.   101.   158. 10000.    59.    72.    93. 10000.
 10000.    72.    74.    99. 10000.  1539.    71. 10000. 10000. 10000.
    72.    72.   242.  1296. 10000.   131. 10000.    72.    76.   102.
  3828. 10000.    71.    50.  4884. 10000.  3296. 10000.    50. 10000.
 10000.    51.    93. 10000. 10000.  1829.    99. 10000.  2067. 10000.
    99.   128.    59.    74. 10000.  2401. 10000.    74.    50.    72.
 10000.    51.  1139.    72.    72.    93.  1214. 10000.   178.    71.
    72. 10000. 10000.    72.    51. 10000.  1322.   254.    93. 10000.
 10000.    72.  1331.   255. 10000.    51.   171. 10000.    69.   129.
    93.    76. 10000.    72.    72. 10000. 10000.  3622.  3035.  4079.
 10000. 10000.    69.    50.  2030. 10000.    71. 10000. 10000. 10000.
    93. 10000. 10000.   150.  4511.  4789. 10000. 10000.   855.   157.
    72.  3585. 10000.   460. 10000.    50.  3245.    50.    74. 10000.
    51. 10000.    76. 10000.    69.   227.   813. 10000.  2378.    72.
  5365.   137.   136. 10000. 10000. 10000. 10000.    71.  1892. 10000.
    93.    50. 10000. 10000. 10000.   138.    51.    51.    58.   102.
  1248. 10000. 10000.    69.    72.  3819. 10000. 10000.  4079. 10000.
    61.  2497. 10000.    50. 10000.    50.    75. 10000.  1942.    51.
 10000. 10000.    72.  2761. 10000.   345. 10000. 10000.    75.    71.
    61.  1593.    71.    72.   102. 10000. 10000.    50.    75. 10000.
    59.    51.    51.   100.   102. 10000.  5012.    75.    72.   123.
    72.  2380.    50.    58.    99. 10000.    58.    58.  1366.    51.
 10000.    51.  2758.    74.   290.  5343.    59.  5003. 10000. 10000.
 10000.   509.   124.    74. 10000.    93.  5288.    51. 10000. 10000.
   242.    58.    50.   182.   465.   808.    59.   182.  4204.    72.
    71. 10000.  4941.    72.    99. 10000.    50.   133.    59. 10000.
 10000.    93. 10000.    72.  2851.    51. 10000.    72. 10000.    93.
    72. 10000.    74. 10000.    72. 10000.  4989.    72. 10000. 10000.
 10000. 10000.    74. 10000. 10000.    93. 10000.    61.    51.   165.
   114.    74.    99.    71.   877.    72. 10000.   114.    93. 10000.
    51.    74. 10000. 10000.   865.    51. 10000.    59. 10000.  5178.
 10000.   101.  2917. 10000.    50. 10000.    58.    59.   133.    72.
  1576.  2426.    72.   123.   114. 10000.    59. 10000.   128.   114.
 10000. 10000. 10000.    93.  2739.    72.   101.  1132.    74.    72.
    74.    74. 10000.    51.    51. 10000.   141.   414. 10000.    51.
    93. 10000.    58.    50.    51.    50.    50.    58. 10000.   151.
    51. 10000.  4695.  4673.    50.   223.   133. 10000.    59. 10000.
 10000.    51. 10000.    71. 10000.  5381.   114. 10000.    74.    50.
    59.   284. 10000.  3153. 10000.   128.   422.  2414.    71.    51.
 10000.    59.    72. 10000.    50. 10000.  3147.    50.  1885.   101.
   114.    69.  1864.   101. 10000.  3772. 10000.    59.    51.  5379.
    59.   102.    58. 10000.    93.   101. 10000.    71.    51.    93.
    61.  1444. 10000.  2681.    72.    59.   287.    72.    58. 10000.
    76.    72. 10000.    72.    75. 10000.    50. 10000.    51.   133.
    93.   129. 10000.  4409.    99. 10000.  3457. 10000.    72.  4529.
    51.    72.    51.    93.  4085. 10000. 10000.  3091.   366.    51.
 10000.    61.    71.    50. 10000.    74.    74. 10000.    75. 10000.
    72.    58.    51. 10000.    58.    51.  1455.    99. 10000.    74.
 10000.  1511.  1935. 10000.  2934. 10000. 10000.  1490.   254.  4664.
    72. 10000.    74. 10000.  4273.   151.    50. 10000.  1890. 10000.
 10000. 10000. 10000.   469.   101. 10000.  2600.    51.  4220. 10000.
  2460. 10000.    58.    99. 10000.    93.  4119.    50.    69.  3192.
    61.    50.    51. 10000.    51.    76.    59.    59. 10000.    74.
    93. 10000.    58. 10000.   853.    58. 10000.  2576.    59.  1429.
    61.    51. 10000.  4454.    72.    72. 10000.  4817.  1739.    58.
    50.    93.    51.    99. 10000. 10000.    51.   478. 10000. 10000.
  1693. 10000.  1929. 10000.  3819. 10000. 10000.   114.  1601.    72.
    51.   596.    58.   114. 10000.    93.  4108.    72. 10000.    74.
 10000. 10000.    58.    75. 10000.   148.    61.   144.  1666. 10000.
    58.    51. 10000.    93.    74.    76.  1850.    72. 10000.   129.
  4471.   128. 10000.    50. 10000.   102.    72.  4480.  2425.    99.
   100. 10000.   266.    50.    50.    51. 10000. 10000.  4657. 10000.
    72.    76.  1950.  4122.    58.   645.    93. 10000.  1636.    58.
 10000. 10000.    58.    58. 10000.   245.  5019.   216. 10000.   989.
 10000. 10000. 10000.   498.    74.   114. 10000. 10000.    51.    58.
 10000. 10000.  2855.   129.   131.   101. 10000.    51.    51.    59.
    75.   124. 10000. 10000.  1224.    72. 10000.   422.    69.  4125.
  4015.    58. 10000. 10000.    69.    93.    50.    58.  4672.  1027.
    50.    72.  2511.  4977. 10000. 10000. 10000.  4167.    93.    72.
  1376. 10000. 10000.  4108. 10000.  1508. 10000. 10000.    74.    59.
 10000.    58.  4506. 10000.    59.    51. 10000.   332.    58.   101.
 10000. 10000. 10000.   114.    51.   101. 10000. 10000.    76.    93.
 10000.    50.   338. 10000. 10000. 10000.    59.   144. 10000. 10000.
   191. 10000.    61.   124.    72.  4505. 10000. 10000.    93.  1762.
    58.    72. 10000.  1658.  1705.  1355.  3297.  1856.   151. 10000.
    72.    58. 10000. 10000.    72.   101. 10000.  2434.   102.    50.
 10000.  4477.    50.   102.   101.  4483.  4733.    72. 10000. 10000.
 10000.   132. 10000.   206.   101.  6497.    58.  3413. 10000.  1258.
    51.  4693.    72.  3300.   101.  5422.    50.    71.  1120.    93.
 10000.   147. 10000.    93. 10000.    75. 10000.   144.    69. 10000.
 10000. 10000. 10000.    58.    58.  2047.   239.    59.   166.    50.
   217. 10000. 10000.    59.    51.    59. 10000. 10000.    93. 10000.
 10000. 10000.    58. 10000.    51.    59.   100.    72.    93. 10000.
   128.    51.  2808.  2422.    72. 10000.  4108.    50.    59.    50.
 10000.    72.    61. 10000.  2170. 10000.  2721.   680.    50.    58.
 10000. 10000.   644.    72.   131. 10000.  1321.   132.    99.    76.]
/Users/amane/Downloads/research/sawada/thesis/tipping_points/predictability_tipping_lab/tipping_element/AMOC.py:584: MatplotlibDeprecationWarning: The get_cmap function was deprecated in Matplotlib 3.7 and will be removed two minor releases later. Use ``matplotlib.colormaps[name]`` or ``matplotlib.colormaps.get_cmap(obj)`` instead.
  cm = plt.cm.get_cmap('RdYlBu')
[   59. 10000.    58. 10000.    56.   928. 10000.    91.    56.   118.
    91. 10000. 10000. 10000. 10000.    56.    58. 10000.  2473.    68.
 10000.    56.    91. 10000.   132. 10000. 10000.    97.    90.   239.
    91. 10000. 10000. 10000.  4509.    68.  2726.    58.   130.   146.
 10000.   248.  3032.    58. 10000.    61.    91. 10000. 10000. 10000.
    98.    94.  2998.    56. 10000. 10000.    59.    94. 10000.    97.
    58.    91. 10000.  4305. 10000.   115. 10000.   115. 10000.    61.
 10000. 10000.  3224.  2578. 10000. 10000. 10000.    59.  2031.    59.
    92. 10000.  1414.  1207.    91. 10000. 10000.    56.   178.  1306.
  3713.   275. 10000.  2454.    94.    59.    58. 10000.    58.    97.
    56.   118. 10000.   103.  1305. 10000.    63.  4328.   411. 10000.
 10000.   178. 10000. 10000. 10000.    58.   130.   736. 10000. 10000.
    91. 10000.  1466.   168.    98. 10000. 10000. 10000. 10000.  4033.
    56.    56.    56. 10000.   190.   261.    97. 10000. 10000.    68.
   128.    59.    58.   118.   190. 10000.    59.    91.    97. 10000.
 10000.    91.    91.   116. 10000.  1493.    63. 10000. 10000. 10000.
    91.    68.   294.  1314. 10000.   146. 10000.    90.    94.   126.
  3739. 10000.    63.    56. 10000. 10000.  3201. 10000.    56. 10000.
 10000.    56.    98. 10000. 10000.  1783.   103. 10000.  2140. 10000.
   117.   135.    59.    91. 10000.  2412. 10000.    91.    56.    91.
 10000.    58.   958.    91.    91.    97.  1214. 10000.   204.    63.
    91. 10000. 10000.    91.    56. 10000.  1335.   313.    97. 10000.
 10000.    90.  1340.   317. 10000.    56.   203. 10000.    62.   138.
    97.    94. 10000.    90.    91. 10000. 10000.  3672.  2986.  4114.
 10000. 10000.    62.    56.  2130. 10000.    63. 10000. 10000. 10000.
    97. 10000. 10000.   186. 10000. 10000. 10000. 10000.   814.   190.
    68.  3653. 10000.   437. 10000.    56.  3172.    56.    91. 10000.
    58. 10000.    94. 10000.    63.   278.   785. 10000.  2370.    68.
 10000.   166.   155. 10000. 10000. 10000. 10000.    63.  1986. 10000.
    97.    56. 10000. 10000. 10000.   168.    58.    58.    59.   126.
  1271. 10000. 10000.    62.    68.  3727. 10000. 10000.  4114. 10000.
    61.  2475. 10000.    56. 10000.    56.    94. 10000.  2086.    58.
 10000. 10000.    68.  2711. 10000.   370. 10000. 10000.    92.    63.
    61.  1554.    63.    68.   126. 10000. 10000.    56.    92. 10000.
    59.    58.    56.   118.   126. 10000. 10000.    94.    91.   131.
    91.  2375.    56.    58.   115. 10000.    58.    59.  1363.    56.
 10000.    56.  2709.    91.   343. 10000.    59. 10000. 10000. 10000.
 10000.   615.   132.    91. 10000.    97. 10000.    58. 10000. 10000.
   297.    58.    56.   215.   440.   783.    61.   214.  4326.    91.
    63. 10000. 10000.    64.   116. 10000.    56.   155.    59. 10000.
 10000.    94. 10000.    91.  2783.    56. 10000.    64. 10000.    98.
    68. 10000.    91. 10000.    90. 10000. 10000.    91. 10000. 10000.
 10000. 10000.    91. 10000. 10000.    97. 10000.    61.    58.   199.
   129.    91.   117.    63.   825.    90. 10000.   128.    97. 10000.
    56.    91. 10000. 10000.   820.    58. 10000.    59. 10000. 10000.
 10000.   126.  2842. 10000.    56. 10000.    58.    59.   155.    64.
  1536.  2434.    91.   131.   129. 10000.    61. 10000.   135.   130.
 10000. 10000. 10000.    97.  2695.    91.   121.   942.    91.    68.
    91.    91. 10000.    56.    56. 10000.   177.   397. 10000.    58.
    97. 10000.    58.    56.    56.    56.    56.    58. 10000.   186.
    56. 10000. 10000. 10000.    56.   272.   155. 10000.    60. 10000.
 10000.    58. 10000.    63. 10000. 10000.   130. 10000.    91.    56.
    59.   338. 10000.  3129. 10000.   136.   404.  2425.    63.    56.
 10000.    59.    90. 10000.    56. 10000.  3123.    56.  1962.   118.
   130.    62.  1872.   118. 10000.  3697. 10000.    59.    58. 10000.
    59.   128.    59. 10000.    98.   126. 10000.    63.    56.    97.
    61.  1408. 10000.  2636.    91.    59.   343.    91.    59. 10000.
    94.    91. 10000.    90.    92. 10000.    56. 10000.    58.   155.
    97.   136. 10000.  4382.   118. 10000.  3516. 10000.    91. 10000.
    58.    90.    58.    97.  4122. 10000. 10000.  3037.   377.    56.
 10000.    61.    63.    56. 10000.    91.    91. 10000.    94. 10000.
    90.    59.    56. 10000.    58.    58.  1417.   115. 10000.    91.
 10000.  1463.  2076. 10000.  2863. 10000. 10000.  1444.   306. 10000.
    64. 10000.    91. 10000.  4346.   186.    56. 10000.  1978. 10000.
 10000. 10000. 10000.   454.   118. 10000.  2518.    58.  4331. 10000.
  2458. 10000.    59.   116. 10000.    97.  4208.    56.    62.  3154.
    61.    56.    58. 10000.    58.    94.    59.    61. 10000.    91.
    94. 10000.    59. 10000.   813.    58. 10000.  2507.    60.  1401.
    61.    58. 10000.  4484.    91.    91. 10000. 10000.  1715.    59.
    56.    98.    56.   116. 10000. 10000.    58.   497. 10000. 10000.
  1688. 10000.  2068. 10000.  3727. 10000. 10000.   130.  1564.    91.
    58.   724.    59.   130. 10000.    97.  4168.    91. 10000.    91.
 10000. 10000.    58.    94. 10000.   185.    61.   178.  1667. 10000.
    59.    56. 10000.    97.    91.    94.  1820.    90. 10000.   136.
  4545.   135. 10000.    56. 10000.   126.    90.  4595.  2434.   118.
   118. 10000.   326.    56.    56.    56. 10000. 10000. 10000. 10000.
    68.    94.  2093.  4226.    59.   744.    97. 10000.  1626.    58.
 10000. 10000.    59.    58. 10000.   301. 10000.   255. 10000.   860.
 10000. 10000. 10000.   569.    91.   128. 10000. 10000.    56.    58.
 10000. 10000.  2787.   144.   146.   118. 10000.    58.    58.    60.
    92.   132. 10000. 10000.  1235.    91. 10000.   404.    63.  4240.
  4059.    58. 10000. 10000.    62.    97.    56.    59. 10000.   866.
    56.    91.  2482. 10000. 10000. 10000. 10000.  4311.    94.    68.
  1372. 10000. 10000.  4168. 10000.  1460. 10000. 10000.    91.    59.
 10000.    58. 10000. 10000.    60.    56. 10000.   362.    58.   121.
 10000. 10000. 10000.   128.    58.   118. 10000. 10000.    94.    97.
 10000.    56.   367. 10000. 10000. 10000.    61.   178. 10000. 10000.
   234. 10000.    61.   132.    91. 10000. 10000. 10000.    97.  1729.
    58.    64. 10000.  1654.  1693.  1357.  3202.  1839.   186. 10000.
    91.    59. 10000. 10000.    64.   118. 10000.  2440.   128.    56.
 10000.  4572.    56.   128.   118.  4635. 10000.    90. 10000. 10000.
 10000.   147. 10000.   246.   118. 10000.    58.  3444. 10000.  1282.
    58. 10000.    90.  3204.   121. 10000.    56.    63.   926.    94.
 10000.   185. 10000.    97. 10000.    92. 10000.   185.    62. 10000.
 10000. 10000. 10000.    58.    59.  2135.   290.    59.   201.    56.
   261. 10000. 10000.    60.    58.    61. 10000. 10000.    94. 10000.
 10000. 10000.    58. 10000.    56.    61.   118.    68.    94. 10000.
   135.    58.  2749.  2431.    90. 10000.  4168.    56.    61.    56.
 10000.    91.    61. 10000.  2157. 10000.  2683.   753.    56.    58.
 10000. 10000.   743.    91.   147. 10000.  1334.   148.    98.    94.]
/Users/amane/Downloads/research/sawada/thesis/tipping_points/predictability_tipping_lab/tipping_element/AMOC.py:622: MatplotlibDeprecationWarning: The get_cmap function was deprecated in Matplotlib 3.7 and will be removed two minor releases later. Use ``matplotlib.colormaps[name]`` or ``matplotlib.colormaps.get_cmap(obj)`` instead.
  cm = plt.cm.get_cmap('RdYlBu')
[   65. 10000.    65. 10000.    62.  1114. 10000.    74.    62.   104.
    75. 10000. 10000. 10000. 10000.    63.    65. 10000.  2460.    68.
 10000.    63.    75. 10000.   123. 10000. 10000.    85.    71.   209.
    75. 10000. 10000. 10000. 10000.    71.  2764.    63.   117.   129.
 10000.   211.  2987.    63. 10000.    65.    78. 10000. 10000. 10000.
    89.    79.  2957.    62. 10000. 10000.    65.    84. 10000.    85.
    63.    75. 10000.  4232. 10000.    95. 10000.    95. 10000.    65.
 10000. 10000.  3360.  2717. 10000. 10000. 10000.    65.  2060.    65.
    78. 10000.  1452.  1214.    75. 10000. 10000.    62.   153.  1253.
  3808.   241. 10000.  2424.    79.    65.    65. 10000.    63.    85.
    63.   105. 10000.    95.  1252. 10000.    68.  4380.   430. 10000.
 10000.   153. 10000. 10000. 10000.    65.   117.   722. 10000. 10000.
    75. 10000.  1566.   140.    89. 10000. 10000. 10000. 10000.  4002.
    62.    62.    62. 10000.   157.   216.    85. 10000. 10000.    68.
   110.    65.    63.   105.   162. 10000.    65.    75.    85. 10000.
 10000.    75.    75.    95. 10000.  1589.    68. 10000. 10000. 10000.
    75.    71.   249.  1257. 10000.   129. 10000.    73.    79.   105.
  3829. 10000.    68.    62. 10000. 10000.  3340. 10000.    62. 10000.
 10000.    63.    89. 10000. 10000.  1846.    95. 10000.  2181. 10000.
    95.   123.    65.    75. 10000.  2383. 10000.    75.    62.    74.
 10000.    65.  1154.    75.    74.    86.  1214. 10000.   178.    68.
    75. 10000. 10000.    73.    63. 10000.  1272.   264.    85. 10000.
 10000.    73.  1283.   265. 10000.    63.   170. 10000.    67.   128.
    85.    79. 10000.    73.    74. 10000. 10000.  3646.  2947.  4103.
 10000. 10000.    68.    63.  2150. 10000.    68. 10000. 10000. 10000.
    85. 10000. 10000.   155. 10000. 10000. 10000. 10000.   850.   162.
    68.  3591. 10000.   462. 10000.    63.  3161.    62.    75. 10000.
    63. 10000.    79. 10000.    68.   243.   811. 10000.  2367.    71.
 10000.   139.   136. 10000. 10000. 10000. 10000.    68.  2025. 10000.
    85.    62. 10000. 10000. 10000.   139.    63.    65.    65.   105.
  1228. 10000. 10000.    67.    71.  3820. 10000. 10000.  4102. 10000.
    65.  2470. 10000.    62. 10000.    62.    78. 10000.  2090.    65.
 10000. 10000.    68.  2754. 10000.   384. 10000. 10000.    78.    68.
    65.  1634.    68.    68.   105. 10000. 10000.    62.    78. 10000.
    65.    63.    63.    96.   105. 10000. 10000.    78.    75.   122.
    75.  2368.    63.    65.    95. 10000.    65.    65.  1315.    63.
 10000.    63.  2752.    75.   320. 10000.    65. 10000. 10000. 10000.
 10000.   602.   122.    75. 10000.    85. 10000.    65. 10000. 10000.
   251.    65.    63.   183.   465.   805.    65.   183.  4365.    75.
    68. 10000. 10000.    68.    95. 10000.    62.   132.    65. 10000.
 10000.    83. 10000.    75.  2832.    63. 10000.    68. 10000.    89.
    71. 10000.    75. 10000.    73. 10000. 10000.    74. 10000. 10000.
 10000. 10000.    75. 10000. 10000.    85. 10000.    65.    63.   165.
   113.    78.    95.    68.   872.    71. 10000.   113.    85. 10000.
    63.    75. 10000. 10000.   862.    65. 10000.    65. 10000. 10000.
 10000.   105.  2884. 10000.    63. 10000.    65.    65.   133.    68.
  1621.  2401.    75.   122.   113. 10000.    65. 10000.   123.   117.
 10000. 10000. 10000.    85.  2744.    74.   105.  1142.    77.    71.
    75.    75. 10000.    63.    63. 10000.   145.   422. 10000.    63.
    85. 10000.    65.    62.    63.    62.    63.    65. 10000.   155.
    63. 10000. 10000. 10000.    62.   241.   132. 10000.    65. 10000.
 10000.    63. 10000.    68. 10000. 10000.   118. 10000.    75.    63.
    65.   302. 10000.  3040. 10000.   123.   425.  2393.    68.    63.
 10000.    65.    71. 10000.    62. 10000.  3036.    62.  1991.   105.
   117.    67.  1911.   102. 10000.  3788. 10000.    65.    63. 10000.
    65.   109.    65. 10000.    89.   105. 10000.    68.    63.    85.
    65.  1438. 10000.  2724.    75.    65.   310.    74.    65. 10000.
    79.    74. 10000.    71.    78. 10000.    62. 10000.    63.   133.
    85.   125. 10000. 10000.    95. 10000.  3519. 10000.    74. 10000.
    65.    71.    65.    85.  4109. 10000. 10000.  2991.   403.    63.
 10000.    65.    68.    63. 10000.    75.    75. 10000.    79. 10000.
    71.    65.    63. 10000.    65.    65.  1459.    95. 10000.    75.
 10000.  1561.  2084. 10000.  2893. 10000. 10000.  1527.   260. 10000.
    68. 10000.    75. 10000. 10000.   155.    63. 10000.  2013. 10000.
 10000. 10000. 10000.   477.   104. 10000.  2695.    63.  4395. 10000.
  2429. 10000.    65.    95. 10000.    85.  4152.    62.    67.  3072.
    65.    62.    63. 10000.    63.    79.    65.    65. 10000.    75.
    83. 10000.    65. 10000.   849.    65. 10000.  2678.    65.  1408.
    65.    65. 10000. 10000.    75.    74. 10000. 10000.  1773.    65.
    63.    89.    63.    95. 10000. 10000.    65.   506. 10000. 10000.
  1721. 10000.  2080. 10000.  3820. 10000. 10000.   122.  1641.    75.
    63.   709.    65.   116. 10000.    85.  4136.    75. 10000.    78.
 10000. 10000.    65.    78. 10000.   155.    65.   153.  1690. 10000.
    65.    63. 10000.    85.    75.    79.  1879.    71. 10000.   125.
 10000.   123. 10000.    63. 10000.   105.    71. 10000.  2400.    95.
    96. 10000.   273.    62.    63.    63. 10000. 10000. 10000. 10000.
    68.    79.  2095.  4158.    65.   738.    85. 10000.  1665.    65.
 10000. 10000.    65.    65. 10000.   253. 10000.   213. 10000.   944.
 10000. 10000. 10000.   561.    75.   113. 10000. 10000.    63.    65.
 10000. 10000.  2838.   129.   129.   105. 10000.    65.    63.    65.
    78.   123. 10000. 10000.  1218.    74. 10000.   425.    68.  4164.
  4030.    65. 10000. 10000.    68.    85.    63.    65. 10000.   958.
    62.    75.  2495. 10000. 10000. 10000. 10000.  4257.    83.    68.
  1328. 10000. 10000.  4136. 10000.  1556. 10000. 10000.    76.    65.
 10000.    65. 10000. 10000.    65.    63. 10000.   364.    65.   105.
 10000. 10000. 10000.   113.    63.   104. 10000. 10000.    79.    85.
 10000.    62.   375. 10000. 10000. 10000.    65.   153. 10000. 10000.
   200. 10000.    65.   123.    75. 10000. 10000. 10000.    85.  1792.
    65.    68. 10000.  1681.  1733.  1306.  3341.  1890.   155. 10000.
    75.    65. 10000. 10000.    68.   102. 10000.  2407.   110.    62.
 10000. 10000.    62.   110.   104. 10000. 10000.    71. 10000. 10000.
 10000.   129. 10000.   210.   104. 10000.    65.  3425. 10000.  1234.
    65. 10000.    73.  3344.   105. 10000.    63.    68.  1106.    84.
 10000.   155. 10000.    85. 10000.    78. 10000.   153.    67. 10000.
 10000. 10000. 10000.    65.    65.  2164.   247.    65.   168.    63.
   216. 10000. 10000.    65.    65.    65. 10000. 10000.    83. 10000.
 10000. 10000.    65. 10000.    63.    65.    96.    71.    83. 10000.
   123.    65.  2788.  2398.    73. 10000.  4137.    62.    65.    63.
 10000.    75.    65. 10000.  2247. 10000.  2737.   751.    62.    65.
 10000. 10000.   738.    75.   129. 10000.  1272.   130.    89.    79.]
