/Users/amane/Downloads/research/sawada/thesis/tipping_points/predictability_tipping_lab/tipping_element/amazon.py:874: MatplotlibDeprecationWarning: The get_cmap function was deprecated in Matplotlib 3.7 and will be removed two minor releases later. Use ``matplotlib.colormaps[name]`` or ``matplotlib.colormaps.get_cmap(obj)`` instead.
  cm = plt.cm.get_cmap('RdYlBu')
obs_num:40
T_start:32.9
Tth:34.7
dTex:0.8
Te:34
dtex:350
r:0.008910891089108933
s:0.004
s_num:1000
start simulation
make obs data
temperature noise :0.2
likelihood sd:0.2
obs_noise:0.2
temperature noise :0.2
temperature noise :0.2
smoothing steps:0
the number of observation is 40
start time devlop
write graphs
num of tipping particles:462
num of tipping particles2:294
num of tipping particles3:233
 
[ 2286. 10000.  2915. 10000. 10000. 10000. 10000.  2073. 10000. 10000.
 10000. 10000. 10000.  2177.  2076. 10000. 10000.  2091. 10000.  2829.
 10000. 10000.  2085. 10000. 10000.  2455.  3232. 10000.  3086.  3627.
  3347.  2030. 10000. 10000. 10000.  2078.  2171. 10000.  2430.  3256.
 10000. 10000.  2645.  2740. 10000. 10000.  2099.  2249. 10000. 10000.
  2210. 10000.  3007.  2042. 10000.  2430.  2190. 10000.  2704.  2445.
 10000.  2072.  2905. 10000. 10000.  2861. 10000.  2559. 10000.  3644.
 10000. 10000. 10000. 10000. 10000.  2052.  2751.  2485. 10000. 10000.
  2890.  2130. 10000.  2222.  2049. 10000.  3442.  3101. 10000.  2870.
  2260.  2307. 10000. 10000. 10000. 10000.  3514. 10000.  3373. 10000.
 10000.  2246.  2444.  2925. 10000.  2570. 10000.  2836. 10000. 10000.
  3182.  2083. 10000. 10000. 10000.  2042.  2842. 10000.  2076. 10000.
 10000.  2866. 10000. 10000.  2087. 10000. 10000.  3352. 10000. 10000.
 10000. 10000.  2885.  2798.  2108.  2510.  2463. 10000.  2072. 10000.
  2114.  3367. 10000.  2834.  3130. 10000.  3019. 10000. 10000. 10000.
 10000. 10000.  2198. 10000.  2637.  2890.  2082. 10000. 10000.  2142.
 10000. 10000.  2144. 10000. 10000. 10000. 10000.  2523.  2876. 10000.
 10000. 10000. 10000. 10000. 10000. 10000. 10000. 10000. 10000. 10000.
  2031.  2176.  2203.  2060. 10000. 10000. 10000. 10000.  2110. 10000.
  2805.  2743.  2790. 10000. 10000. 10000.  2901. 10000. 10000. 10000.
  3458.  2064. 10000. 10000.  2285. 10000.  3441. 10000. 10000.  2039.
 10000.  2056.  2418.  2204. 10000.  2088. 10000. 10000.  2558. 10000.
 10000.  2084. 10000.  2145. 10000.  2230. 10000.  2087. 10000. 10000.
  2048.  2092.  2076. 10000.  2047.  2114. 10000. 10000.  2232. 10000.
  2890.  3406. 10000.  2072.  2168.  2849.  2052.  2769. 10000. 10000.
 10000.  2394.  2050.  2823.  2185.  3398. 10000. 10000. 10000.  2136.
  2165.  2028.  2581. 10000. 10000. 10000.  2130.  2310.  2345. 10000.
 10000.  3011.  2224.  2233. 10000. 10000. 10000.  2215. 10000. 10000.
  2321. 10000. 10000. 10000.  2332. 10000.  2545. 10000. 10000. 10000.
  2139. 10000. 10000.  2474.  2117.  2423. 10000.  2056.  2061. 10000.
  2088.  2040.  2428. 10000.  2058. 10000. 10000. 10000.  2069. 10000.
 10000. 10000. 10000. 10000.  2827.  2111. 10000. 10000. 10000.  2103.
  2328.  2861.  2444. 10000. 10000. 10000.  2621.  2621. 10000.  2805.
  2245. 10000.  2712. 10000.  2092.  2034.  2053. 10000. 10000.  2184.
 10000.  3112. 10000.  2811. 10000.  2144. 10000. 10000.  2129. 10000.
  2481.  2495. 10000.  2943. 10000. 10000.  2079. 10000.  2974. 10000.
  2252.  2278.  2125. 10000.  2059.  2564. 10000. 10000.  3400. 10000.
 10000.  2189. 10000. 10000. 10000. 10000.  2490.  2325.  3650. 10000.
 10000.  2066. 10000. 10000. 10000.  2045. 10000.  2048.  2874. 10000.
 10000. 10000.  2219. 10000. 10000.  2113.  2903.  2402.  2219.  2229.
 10000.  2835.  2221. 10000.  2299. 10000. 10000.  2637. 10000.  3272.
 10000.  2206.  2521.  3395.  2515. 10000.  2090.  2060. 10000.  2321.
  2812. 10000.  2820. 10000.  2794. 10000. 10000. 10000.  2427. 10000.
  2518.  2371.  2110. 10000. 10000.  2161.  2072.  2439. 10000.  2833.
  2456.  2346.  2829. 10000. 10000. 10000. 10000.  2923.  2065.  2471.
 10000. 10000. 10000. 10000. 10000. 10000.  2124.  2043.  2194. 10000.
  2842.  2272. 10000. 10000.  2067. 10000. 10000.  3576.  2563. 10000.
 10000.  1999. 10000. 10000.  2463.  2471.  2901.  2587. 10000.  2151.
 10000. 10000. 10000. 10000. 10000. 10000.  2513. 10000.  2895. 10000.
  2805. 10000.  2333.  2724.  2191. 10000. 10000. 10000.  2734. 10000.
  2314. 10000.  2227. 10000. 10000. 10000.  2424.  2874.  2249.  2836.
  2145.  2859. 10000.  2812.  2931.  2033. 10000.  2157. 10000. 10000.
  2304. 10000. 10000. 10000. 10000. 10000.  2089.  2190.  2431.  2064.
  2098. 10000. 10000. 10000.  2383. 10000.  2692. 10000. 10000. 10000.
  2143. 10000.  2222.  2270.  2581.  2091. 10000. 10000.  2499. 10000.
  2091.  3336. 10000. 10000. 10000.  2074.  2282.  2318. 10000. 10000.
  2183.  2277. 10000.  2062. 10000.  2086.  2720. 10000. 10000.  2453.
  2422.  2244. 10000. 10000. 10000.  2086. 10000.  2657.  2144. 10000.
  2152.  2567. 10000.  2069. 10000. 10000. 10000. 10000. 10000. 10000.
 10000. 10000.  2216.  2151. 10000. 10000. 10000.  2213. 10000.  2676.
  2426. 10000.  2375.  2154.  3656.  2428.  2204. 10000.  2826. 10000.
  2645. 10000. 10000. 10000.  2180.  2898.  2071. 10000.  2809.  2509.
  2043. 10000. 10000.  2576.  2131. 10000. 10000. 10000. 10000. 10000.
  2012.  2181. 10000. 10000.  2188.  2095. 10000.  2517. 10000.  2814.
 10000.  2636. 10000.  2013. 10000.  2276.  2667. 10000. 10000. 10000.
 10000. 10000. 10000. 10000. 10000. 10000.  2048.  2570. 10000. 10000.
 10000.  2506. 10000. 10000. 10000. 10000.  2793. 10000. 10000.  2269.
  2421. 10000. 10000. 10000.  2523. 10000. 10000.  2079.  2212.  2834.
 10000.  2335. 10000.  2039. 10000. 10000. 10000. 10000. 10000. 10000.
 10000. 10000. 10000.  2059. 10000.  2481.  2495. 10000. 10000.  2172.
 10000. 10000. 10000. 10000.  2866. 10000. 10000. 10000. 10000.  2525.
  2104.  2476. 10000. 10000. 10000.  2596. 10000. 10000.  2587.  2314.
 10000.  2369. 10000.  2487. 10000. 10000.  2069.  3446. 10000. 10000.
 10000. 10000. 10000.  2151. 10000. 10000. 10000.  2053. 10000. 10000.
  2332. 10000.  2178.  2818.  2091. 10000. 10000. 10000. 10000. 10000.
  2192.  2084. 10000.  2355. 10000.  2219.  2079. 10000.  2085.  2097.
 10000. 10000. 10000.  2552.  2472. 10000. 10000. 10000.  2334. 10000.
  2330. 10000. 10000. 10000.  2506. 10000.  2044.  2128.  2739. 10000.
  2922.  2221.  2053. 10000.  2320.  2454. 10000.  2198. 10000.  2062.
  2287. 10000. 10000.  2424.  2037. 10000.  2234.  3044. 10000. 10000.
  2599. 10000. 10000.  2169. 10000. 10000.  2404.  2795.  2081. 10000.
 10000. 10000. 10000.  2229. 10000. 10000.  2050.  2627. 10000. 10000.
 10000. 10000. 10000. 10000.  2020.  2468.  2064. 10000. 10000. 10000.
 10000. 10000. 10000. 10000.  2026.  2494. 10000.  2245.  2225.  2046.
 10000. 10000. 10000. 10000.  2069. 10000. 10000. 10000. 10000.  3777.
 10000.  2239. 10000.  2918.  2293.  2106. 10000.  2302. 10000.  2592.
 10000.  2072.  2177.  2848.  2179.  2068. 10000. 10000.  2434. 10000.
 10000. 10000.  2826.  2172. 10000. 10000.  2857.  2147.  2702. 10000.
 10000.  2534. 10000. 10000. 10000.  2523.  2149.  2087. 10000. 10000.
 10000. 10000. 10000.  2051.  2059. 10000. 10000. 10000. 10000. 10000.
  2893. 10000.  2954. 10000. 10000.  2794. 10000.  3077.  2754. 10000.
 10000.  2287. 10000.  2074. 10000.  2468. 10000.  2052. 10000.  2073.
 10000. 10000. 10000.  2232.  3428.  2110.  2166.  2878. 10000. 10000.
 10000.  2077.  2479. 10000. 10000. 10000.  2181.  2061.  2851. 10000.
  2306. 10000. 10000. 10000. 10000.  2391. 10000. 10000. 10000. 10000.
 10000.  3425.  2167.  2118. 10000.  2256. 10000. 10000. 10000. 10000.
  2043. 10000.  2141. 10000.  2183. 10000. 10000. 10000.  2835. 10000.
 10000. 10000.  2073.  2072. 10000.  2552. 10000.  2084. 10000.  2579.
 10000.  2499.  2861.  2783.  2936.  2230. 10000. 10000. 10000.  2459.
 10000. 10000. 10000.  2327. 10000.  2072.  2749. 10000.  2067.  3409.]
/Users/amane/Downloads/research/sawada/thesis/tipping_points/predictability_tipping_lab/tipping_element/amazon.py:910: MatplotlibDeprecationWarning: The get_cmap function was deprecated in Matplotlib 3.7 and will be removed two minor releases later. Use ``matplotlib.colormaps[name]`` or ``matplotlib.colormaps.get_cmap(obj)`` instead.
  cm = plt.cm.get_cmap('RdYlBu')
/Users/amane/Downloads/research/sawada/thesis/tipping_points/predictability_tipping_lab/tipping_element/amazon.py:946: MatplotlibDeprecationWarning: The get_cmap function was deprecated in Matplotlib 3.7 and will be removed two minor releases later. Use ``matplotlib.colormaps[name]`` or ``matplotlib.colormaps.get_cmap(obj)`` instead.
  cm = plt.cm.get_cmap('RdYlBu')
/Users/amane/Downloads/research/sawada/thesis/tipping_points/predictability_tipping_lab/tipping_element/amazon.py:238: RuntimeWarning: divide by zero encountered in log
  Hprior=(-1)*np.sum(np.where(pri_bin_count <=0,0,pri_bin_count/n_particles*np.log(pri_bin_count/n_particles)))
/Users/amane/Downloads/research/sawada/thesis/tipping_points/predictability_tipping_lab/tipping_element/amazon.py:238: RuntimeWarning: invalid value encountered in multiply
  Hprior=(-1)*np.sum(np.where(pri_bin_count <=0,0,pri_bin_count/n_particles*np.log(pri_bin_count/n_particles)))
/Users/amane/Downloads/research/sawada/thesis/tipping_points/predictability_tipping_lab/tipping_element/amazon.py:239: RuntimeWarning: divide by zero encountered in log
  Hpost=(-1)*np.sum(np.where(post_bin_count<=0,0,post_bin_count/n_particles*np.log(post_bin_count/n_particles)))
/Users/amane/Downloads/research/sawada/thesis/tipping_points/predictability_tipping_lab/tipping_element/amazon.py:239: RuntimeWarning: invalid value encountered in multiply
  Hpost=(-1)*np.sum(np.where(post_bin_count<=0,0,post_bin_count/n_particles*np.log(post_bin_count/n_particles)))
[ 2336. 10000. 10000. 10000. 10000. 10000. 10000.  2076. 10000. 10000.
 10000. 10000. 10000.  2255.  2087. 10000. 10000.  2081. 10000. 10000.
 10000. 10000.  2141. 10000. 10000.  2555. 10000. 10000. 10000. 10000.
 10000.  2064. 10000. 10000. 10000.  2078.  2186. 10000.  2531. 10000.
 10000. 10000. 10000. 10000. 10000. 10000.  2097.  2270. 10000. 10000.
  2249. 10000. 10000.  2055. 10000.  2513.  2202. 10000. 10000.  2522.
 10000.  2073. 10000. 10000. 10000. 10000. 10000. 10000. 10000. 10000.
 10000. 10000. 10000. 10000. 10000.  2072. 10000. 10000. 10000. 10000.
 10000.  2106. 10000.  2260.  2055. 10000. 10000. 10000. 10000. 10000.
  2311.  2357. 10000. 10000. 10000. 10000. 10000. 10000. 10000. 10000.
 10000.  2305.  2613. 10000. 10000. 10000. 10000. 10000. 10000. 10000.
 10000.  2126. 10000. 10000. 10000.  2057. 10000. 10000.  2076. 10000.
 10000. 10000. 10000. 10000.  2128. 10000. 10000. 10000. 10000. 10000.
 10000. 10000. 10000. 10000.  2094. 10000. 10000. 10000.  2097. 10000.
  2098. 10000. 10000. 10000. 10000. 10000. 10000. 10000. 10000. 10000.
 10000. 10000.  2228. 10000. 10000. 10000.  2078. 10000. 10000.  2128.
 10000. 10000.  2136. 10000. 10000. 10000. 10000. 10000. 10000. 10000.
 10000. 10000. 10000. 10000. 10000. 10000. 10000. 10000. 10000. 10000.
  2058.  2175.  2234.  2053. 10000. 10000. 10000. 10000.  2152. 10000.
 10000. 10000. 10000. 10000. 10000. 10000. 10000. 10000. 10000. 10000.
 10000.  2063. 10000. 10000.  2330. 10000. 10000. 10000. 10000.  1674.
 10000.  2051.  2491.  2233. 10000.  2088. 10000. 10000. 10000. 10000.
 10000.  2196. 10000.  2140. 10000.  2278. 10000.  2081. 10000. 10000.
  2074.  2101.  2066. 10000.  2067.  2101. 10000. 10000.  2270. 10000.
 10000. 10000. 10000.  2075.  2187. 10000.  2073. 10000. 10000. 10000.
 10000.  2454.  2052. 10000.  2286. 10000. 10000. 10000. 10000.  2136.
  2170.  2035. 10000. 10000. 10000. 10000.  2114.  2359.  2395. 10000.
 10000. 10000.  2255.  2266. 10000. 10000. 10000.  2232. 10000. 10000.
  2384. 10000. 10000. 10000.  2381. 10000. 10000. 10000. 10000. 10000.
  2137. 10000. 10000. 10000.  2105.  2494. 10000.  2065.  2068. 10000.
  2143.  2051.  2513. 10000.  2059. 10000. 10000. 10000.  2085. 10000.
 10000. 10000. 10000. 10000. 10000.  2100. 10000. 10000. 10000.  2097.
  2379. 10000.  2535. 10000. 10000. 10000. 10000. 10000. 10000. 10000.
  1674. 10000. 10000. 10000.  2102.  2039.  2059. 10000. 10000.  2214.
 10000. 10000. 10000. 10000. 10000.  2139. 10000. 10000.  1674. 10000.
  2689.  2622. 10000. 10000. 10000. 10000.  2115. 10000. 10000. 10000.
  2294.  2351.  2115. 10000.  2101. 10000. 10000. 10000. 10000. 10000.
 10000.  2204. 10000. 10000. 10000. 10000. 10000.  2366. 10000. 10000.
 10000.  2061. 10000. 10000. 10000.  2067. 10000.  2095. 10000. 10000.
 10000. 10000.  2252. 10000. 10000.  2102. 10000.  2470.  2235.  2267.
 10000. 10000.  2265. 10000.  2348. 10000. 10000. 10000. 10000. 10000.
 10000.  2231. 10000. 10000.  2883. 10000.  2143.  2062. 10000.  2373.
 10000. 10000. 10000. 10000. 10000. 10000. 10000. 10000.  2504. 10000.
 10000.  2425.  2099. 10000. 10000.  2219.  2105.  2525. 10000. 10000.
  2582.  2396. 10000. 10000. 10000. 10000. 10000. 10000.  2076.  2664.
 10000. 10000. 10000. 10000. 10000. 10000.  2112.  2050.  2214. 10000.
 10000.  2319. 10000. 10000.  2091. 10000. 10000. 10000. 10000. 10000.
 10000.  2011. 10000. 10000. 10000.  2814. 10000. 10000. 10000.  2150.
 10000. 10000. 10000. 10000. 10000. 10000. 10000. 10000. 10000. 10000.
 10000. 10000.  2384. 10000.  2209. 10000. 10000. 10000. 10000. 10000.
  2355. 10000.  2266. 10000. 10000. 10000.  2510. 10000.  2271. 10000.
  2147. 10000. 10000.  1674. 10000.  2042. 10000.  2155. 10000. 10000.
  2372. 10000. 10000. 10000. 10000. 10000.  2175.  2215.  2511.  2075.
  2197. 10000. 10000. 10000.  2441. 10000. 10000. 10000. 10000. 10000.
  2130. 10000.  2278.  2323. 10000.  2086. 10000. 10000. 10000. 10000.
  2083. 10000. 10000. 10000. 10000.  2075.  2324.  2366. 10000. 10000.
  2173.  2328. 10000.  2061. 10000.  2085. 10000. 10000. 10000.  2534.
  2492.  2300. 10000. 10000. 10000.  2105. 10000. 10000.  1674. 10000.
  2149.  1674. 10000.  2114. 10000. 10000. 10000. 10000. 10000. 10000.
 10000. 10000.  2501.  2136. 10000. 10000. 10000.  2275. 10000. 10000.
  2514. 10000.  2422.  2149. 10000.  2508.  2230. 10000. 10000. 10000.
 10000. 10000. 10000. 10000.  2186. 10000.  2077. 10000. 10000. 10000.
  2065. 10000. 10000. 10000.  2128. 10000. 10000. 10000. 10000. 10000.
  2037.  2203. 10000. 10000.  1674.  2085. 10000. 10000. 10000. 10000.
 10000. 10000. 10000.  2022. 10000.  2322. 10000. 10000. 10000. 10000.
 10000. 10000. 10000. 10000. 10000. 10000.  2076. 10000. 10000. 10000.
 10000. 10000. 10000. 10000. 10000. 10000. 10000. 10000. 10000.  2315.
  2498. 10000. 10000. 10000. 10000. 10000. 10000.  2078.  2234. 10000.
 10000.  2389. 10000.  2042. 10000. 10000. 10000. 10000. 10000. 10000.
 10000. 10000. 10000.  2054. 10000.  2755. 10000. 10000. 10000.  2180.
 10000. 10000. 10000. 10000. 10000. 10000. 10000. 10000. 10000. 10000.
  2104.  2571. 10000. 10000. 10000. 10000. 10000. 10000. 10000.  2380.
 10000.  2420. 10000.  2745. 10000. 10000.  2075. 10000. 10000. 10000.
 10000. 10000. 10000.  2148. 10000. 10000. 10000.  2053. 10000. 10000.
  2374. 10000.  2184. 10000.  2098. 10000. 10000. 10000. 10000. 10000.
  2214.  2075. 10000.  2408. 10000.  2251.  2103. 10000.  2076.  2091.
 10000. 10000. 10000. 10000.  2644. 10000. 10000. 10000.  2383. 10000.
  2382. 10000. 10000. 10000. 10000. 10000.  2062.  2131. 10000. 10000.
 10000.  2259.  2060. 10000.  2369.  2535. 10000.  2213. 10000.  2155.
  2338. 10000. 10000.  2485.  2046. 10000.  2247. 10000. 10000. 10000.
 10000. 10000. 10000.  2172. 10000. 10000.  2467. 10000.  1674. 10000.
 10000. 10000. 10000.  2261. 10000. 10000.  1674. 10000. 10000. 10000.
 10000. 10000. 10000. 10000.  2059.  2596.  2180. 10000. 10000. 10000.
 10000. 10000. 10000. 10000.  2036. 10000. 10000.  2299.  2268.  2064.
 10000. 10000. 10000. 10000.  2109. 10000. 10000. 10000. 10000. 10000.
 10000.  2301. 10000. 10000.  2340.  2098. 10000.  2351. 10000. 10000.
 10000.  2079.  2177.  1674.  2196.  2068. 10000. 10000.  2525. 10000.
 10000. 10000. 10000.  2332. 10000. 10000. 10000.  1674. 10000. 10000.
 10000. 10000. 10000. 10000. 10000. 10000.  2143.  2082. 10000. 10000.
 10000. 10000. 10000.  2080.  2054. 10000. 10000. 10000. 10000. 10000.
 10000. 10000. 10000. 10000. 10000. 10000. 10000. 10000. 10000. 10000.
 10000.  2332. 10000.  2103. 10000. 10000. 10000.  2070. 10000.  2064.
 10000. 10000. 10000.  2268. 10000.  2103.  2168. 10000. 10000. 10000.
 10000.  2074. 10000. 10000. 10000. 10000.  2188.  2067. 10000. 10000.
  2382. 10000. 10000. 10000. 10000.  2451. 10000. 10000. 10000. 10000.
 10000. 10000.  2188.  2107. 10000.  2299. 10000. 10000. 10000. 10000.
  2055. 10000.  2136. 10000.  2193. 10000. 10000. 10000. 10000. 10000.
 10000. 10000.  2063.  2073. 10000. 10000. 10000.  2189. 10000. 10000.
 10000. 10000. 10000. 10000. 10000.  2269. 10000. 10000. 10000. 10000.
 10000. 10000. 10000.  2375. 10000.  2090. 10000. 10000.  2065. 10000.]
v range:(0,1.0)
g0 range:(25,35.0)
Topt range:(1.0,3.0)
v range:(0,1.0)
g0 range:(25,35.0)
Topt range:(1.0,3.0)
v range:(0,1.0)
g0 range:(25,35.0)
Topt range:(1.0,3.0)
v range:(0,1.0)
g0 range:(25,35.0)
Topt range:(1.0,3.0)
v range:(0,1.0)
g0 range:(25,35.0)
Topt range:(1.0,3.0)
v range:(0,1.0)
g0 range:(25,35.0)
Topt range:(1.0,3.0)
v range:(0,1.0)
g0 range:(25,35.0)
Topt range:(1.0,3.0)
v range:(0,1.0)
g0 range:(25,35.0)
Topt range:(1.0,3.0)
v range:(0,1.0)
g0 range:(25,35.0)
Topt range:(1.0,3.0)
v range:(0,1.0)
g0 range:(25,35.0)
Topt range:(1.0,3.0)
v range:(0,1.0)
g0 range:(25,35.0)
Topt range:(1.0,3.0)
v range:(0,1.0)
g0 range:(25,35.0)
Topt range:(1.0,3.0)
v range:(0,1.0)
g0 range:(25,35.0)
Topt range:(1.0,3.0)
v range:(0,1.0)
g0 range:(25,35.0)
Topt range:(1.0,3.0)
v range:(0,1.0)
g0 range:(25,35.0)
Topt range:(1.0,3.0)
v range:(0,1.0)
g0 range:(25,35.0)
Topt range:(1.0,3.0)
v range:(0,1.0)
g0 range:(25,35.0)
Topt range:(1.0,3.0)
v range:(0,1.0)
g0 range:(25,35.0)
Topt range:(1.0,3.0)
v range:(0,1.0)
g0 range:(25,35.0)
Topt range:(1.0,3.0)
v range:(0,1.0)
g0 range:(25,35.0)
Topt range:(1.0,3.0)
v range:(0,1.0)
g0 range:(25,35.0)
Topt range:(1.0,3.0)
v range:(0,1.0)
g0 range:(25,35.0)
Topt range:(1.0,3.0)
v range:(0,1.0)
g0 range:(25,35.0)
Topt range:(1.0,3.0)
v range:(0,1.0)
g0 range:(25,35.0)
Topt range:(1.0,3.0)
v range:(0,1.0)
g0 range:(25,35.0)
Topt range:(1.0,3.0)
v range:(0,1.0)
g0 range:(25,35.0)
Topt range:(1.0,3.0)
v range:(0,1.0)
g0 range:(25,35.0)
Topt range:(1.0,3.0)
v range:(0,1.0)
g0 range:(25,35.0)
Topt range:(1.0,3.0)
v range:(0,1.0)
g0 range:(25,35.0)
Topt range:(1.0,3.0)
v range:(0,1.0)
g0 range:(25,35.0)
Topt range:(1.0,3.0)
v range:(0,1.0)
g0 range:(25,35.0)
Topt range:(1.0,3.0)
v range:(0,1.0)
g0 range:(25,35.0)
Topt range:(1.0,3.0)
v range:(0,1.0)
g0 range:(25,35.0)
Topt range:(1.0,3.0)
v range:(0,1.0)
g0 range:(25,35.0)
Topt range:(1.0,3.0)
v range:(0,1.0)
g0 range:(25,35.0)
Topt range:(1.0,3.0)
v range:(0,1.0)
g0 range:(25,35.0)
Topt range:(1.0,3.0)
v range:(0,1.0)
g0 range:(25,35.0)
Topt range:(1.0,3.0)
v range:(0,1.0)
g0 range:(25,35.0)
Topt range:(1.0,3.0)
v range:(0,1.0)
g0 range:(25,35.0)
Topt range:(1.0,3.0)
v range:(0,1.0)
g0 range:(25,35.0)
Topt range:(1.0,3.0)
v range:(0,1.0)
g0 range:(25,35.0)
Topt range:(1.0,3.0)
v range:(0,1.0)
g0 range:(25,35.0)
Topt range:(1.0,3.0)
v range:(0,1.0)
g0 range:(25,35.0)
Topt range:(1.0,3.0)
v range:(0,1.0)
g0 range:(25,35.0)
Topt range:(1.0,3.0)
v range:(0,1.0)
g0 range:(25,35.0)
Topt range:(1.0,3.0)
v range:(0,1.0)
g0 range:(25,35.0)
Topt range:(1.0,3.0)
v range:(0,1.0)
g0 range:(25,35.0)
Topt range:(1.0,3.0)
v range:(0,1.0)
g0 range:(25,35.0)
Topt range:(1.0,3.0)
v range:(0,0.9999999999999999)
g0 range:(25,35.0)
Topt range:(1.0,3.0)
v range:(0,1.0)
g0 range:(25,35.0)
Topt range:(1.0,3.0)
v range:(0,1.0)
g0 range:(25,35.0)
Topt range:(1.0,3.0)
v range:(0,1.0)
g0 range:(25,35.0)
Topt range:(1.0,3.0)
v range:(0,1.0)
g0 range:(25,35.0)
Topt range:(1.0,3.0)
v range:(0,1.0)
g0 range:(25,35.0)
Topt range:(1.0,3.0)
v range:(0,1.0)
g0 range:(25,35.0)
Topt range:(1.0,3.0)
v range:(0,1.0)
g0 range:(25,35.0)
Topt range:(1.0,3.0)
v range:(0,1.0)
g0 range:(25,35.0)
Topt range:(1.0,3.0)
v range:(0,1.0)
g0 range:(25,35.0)
Topt range:(1.0,3.0)
v range:(0,1.0)
g0 range:(25,35.0)
Topt range:(1.0,3.0)
v range:(0,1.0)
g0 range:(25,35.0)
Topt range:(1.0,3.0)
v range:(0,1.0)
g0 range:(25,35.0)
Topt range:(1.0,3.0)
v range:(0,1.0)
g0 range:(25,35.0)
Topt range:(1.0,3.0)
v range:(0,1.0)
g0 range:(25,35.0)
Topt range:(1.0,3.0)
v range:(0,1.0)
g0 range:(25,35.0)
Topt range:(1.0,3.0)
v range:(0,1.0)
g0 range:(25,35.0)
Topt range:(1.0,3.0)
v range:(0,1.0)
g0 range:(25,35.0)
Topt range:(1.0,3.0)
v range:(0,1.0)
g0 range:(25,35.0)
Topt range:(1.0,3.0)
v range:(0,1.0)
g0 range:(25,35.0)
Topt range:(1.0,3.0)
v range:(0,1.0)
g0 range:(25,35.0)
Topt range:(1.0,3.0)
v range:(0,1.0)
g0 range:(25,35.0)
Topt range:(1.0,3.0)
