/Users/amane/Downloads/research/sawada/thesis/tipping_points/predictability_tipping_lab/tipping_element/amazon.py:932: MatplotlibDeprecationWarning: The get_cmap function was deprecated in Matplotlib 3.7 and will be removed two minor releases later. Use ``matplotlib.colormaps[name]`` or ``matplotlib.colormaps.get_cmap(obj)`` instead.
  cm = plt.cm.get_cmap('RdYlBu')
obs_num:40
T_start:32.9
Tth:34.7
dTex:0.8
Te:34
dtex:350
r:0.008910891089108933
s:0.004
s_num:1000
start simulation
make obs data
temperature noise :0.2
likelihood sd:0.025
obs_noise:0.025
temperature noise :0.2
temperature noise :0.2
smoothing steps:0
the number of observation is 40
start time devlop
write graphs
num of tipping particles:1000
num of tipping particles2:999
num of tipping particles3:938
 
[2287. 2168. 2189. 2358. 2151. 2273. 2115. 2184. 2102. 2218. 2197. 2197.
 2218. 2310. 2133. 2147. 2223. 2211. 2260. 2236. 2228. 2110. 2125. 2265.
 2114. 2192. 2153. 2114. 2194. 2169. 2215. 2243. 2107. 2260. 2247. 2167.
 2220. 2122. 2171. 2178. 2218. 2189. 2285. 2152. 2134. 2106. 2185. 2281.
 2204. 2165. 2200. 2206. 2238. 2263. 2118. 2248. 2166. 2155. 2164. 2166.
 2167. 2556. 2216. 2237. 2206. 2330. 2136. 2166. 2376. 2343. 2165. 2183.
 2359. 2156. 2154. 2196. 2150. 2111. 2314. 2175. 2150. 2148. 2125. 2197.
 2233. 2320. 2210. 2184. 2258. 2125. 2222. 2121. 2364. 2133. 2177. 2210.
 2210. 2199. 2248. 2141. 2237. 2273. 2331. 2105. 2162. 2233. 2182. 2113.
 2199. 2310. 2216. 2182. 2178. 2214. 2124. 2200. 2176. 2120. 2364. 2164.
 2131. 2346. 2176. 2255. 2109. 2104. 2398. 2219. 2198. 2198. 2195. 2314.
 2242. 2181. 2162. 2093. 2161. 2246. 2157. 2150. 2181. 2233. 2205. 2362.
 2267. 2289. 2250. 2212. 2206. 2167. 2225. 2185. 2195. 2250. 2233. 2199.
 2271. 2167. 2315. 2233. 2177. 2170. 2242. 2182. 2136. 2114. 2266. 2103.
 2153. 2126. 2159. 2217. 2263. 2199. 2118. 2241. 2090. 2212. 2157. 2265.
 2153. 2098. 2176. 2207. 2205. 2332. 2322. 2298. 2355. 2224. 2179. 2274.
 2097. 2340. 2266. 2234. 2195. 2178. 2232. 2180. 2166. 2234. 2176. 2220.
 2226. 2247. 2274. 2172. 2154. 2217. 2129. 2191. 2234. 2223. 2241. 2119.
 2268. 2175. 2102. 2266. 2345. 2353. 2353. 2185. 2210. 2271. 2199. 2256.
 2361. 2243. 2114. 2297. 2274. 2236. 2200. 2195. 2221. 2228. 2112. 2195.
 2103. 2205. 2238. 2189. 2242. 2123. 2169. 2127. 2093. 2332. 2236. 2159.
 2158. 2256. 2314. 2224. 2153. 2245. 2202. 2220. 2138. 2172. 2407. 2189.
 2212. 2294. 2269. 2144. 2168. 2113. 2217. 2274. 2299. 2301. 2314. 2144.
 2158. 2153. 2140. 2113. 2344. 2271. 2233. 2160. 2314. 2128. 2250. 2122.
 2217. 2222. 2217. 2141. 2148. 2182. 2261. 2204. 2239. 2234. 2210. 2268.
 2252. 2211. 2281. 2275. 2219. 2167. 2161. 2098. 2280. 2104. 2272. 2122.
 2237. 2215. 2194. 2183. 2136. 2366. 2233. 2231. 2220. 2196. 2352. 2295.
 2125. 2141. 2155. 2231. 2222. 2158. 2129. 2229. 2166. 2134. 2206. 2241.
 2378. 2203. 2129. 2330. 2239. 2318. 2139. 2111. 2088. 2293. 2239. 2217.
 2205. 2346. 2344. 2140. 2179. 2160. 2175. 2203. 2116. 2186. 2179. 2185.
 2217. 2237. 2261. 2163. 2236. 2154. 2327. 2305. 2194. 2234. 2197. 2141.
 2205. 2156. 2207. 2230. 2304. 2119. 2131. 2137. 2165. 2241. 2260. 2260.
 2152. 2388. 2206. 2271. 2150. 2205. 2191. 2186. 2215. 2333. 2176. 2112.
 2261. 2151. 2324. 2126. 2136. 2113. 2153. 2189. 2163. 2261. 2232. 2288.
 2190. 2115. 2123. 2162. 2124. 2183. 2137. 2172. 2305. 2242. 2137. 2147.
 2171. 2113. 2450. 2245. 2262. 2172. 2161. 2155. 2231. 2157. 2103. 2239.
 2157. 2186. 2206. 2182. 2110. 2224. 2238. 2176. 2178. 2188. 2262. 2344.
 2104. 2166. 2119. 2279. 2262. 2155. 2125. 2397. 2157. 2155. 2256. 2236.
 2162. 2152. 2182. 2230. 2130. 2177. 2151. 2185. 2198. 2229. 2139. 2229.
 2266. 2149. 2232. 2182. 2166. 2193. 2151. 2256. 2111. 2188. 2175. 2168.
 2210. 2259. 2244. 2218. 2125. 2167. 2191. 2097. 2216. 2129. 2200. 2227.
 2202. 2241. 2169. 2243. 2190. 2116. 2149. 2241. 2203. 2354. 2126. 2165.
 2245. 2141. 2163. 2201. 2161. 2180. 2185. 2137. 2215. 2084. 2137. 2201.
 2364. 2131. 2127. 2125. 2175. 2369. 2254. 2263. 2198. 2184. 2270. 2160.
 2267. 2308. 2153. 2242. 2182. 2105. 2207. 2184. 2239. 2336. 2252. 2170.
 2166. 2196. 2144. 2144. 2132. 2183. 2390. 2142. 2127. 2125. 2345. 2208.
 2206. 2152. 2277. 2154. 2310. 2238. 2119. 2196. 2152. 2126. 2110. 2364.
 2135. 2179. 2231. 2129. 2385. 2365. 2212. 2139. 2205. 2147. 2366. 2213.
 2227. 2167. 2135. 2199. 2183. 2198. 2311. 2238. 2295. 2185. 2139. 2185.
 2141. 2154. 2169. 2362. 2147. 2256. 2166. 2172. 2223. 2248. 2162. 2250.
 2122. 2201. 2090. 2343. 2280. 2238. 2283. 2355. 2261. 2197. 2212. 2257.
 2303. 2240. 2195. 2310. 2144. 2256. 2159. 2186. 2118. 2178. 2124. 2272.
 2238. 2220. 2183. 2209. 2206. 2175. 2255. 2240. 2191. 2104. 2241. 2237.
 2346. 2220. 2125. 2198. 2150. 2196. 2104. 2164. 2166. 2179. 2138. 2297.
 2113. 2212. 2387. 2293. 2088. 2226. 2102. 2195. 2244. 2284. 2185. 2197.
 2111. 2301. 2093. 2159. 2153. 2307. 2294. 2140. 2147. 2265. 2178. 2166.
 2262. 2130. 2155. 2117. 2182. 2208. 2234. 2128. 2109. 2151. 2240. 2139.
 2243. 2235. 2117. 2167. 2143. 2168. 2240. 2147. 2189. 2115. 2131. 2215.
 2217. 2295. 2159. 2223. 2142. 2153. 2224. 2218. 2147. 2271. 2115. 2190.
 2220. 2182. 2182. 2176. 2275. 2139. 2269. 2153. 2291. 2117. 2143. 2212.
 2205. 2224. 2262. 2280. 2261. 2227. 2229. 2163. 2320. 2288. 2153. 2358.
 2194. 2144. 2369. 2276. 2122. 2103. 2175. 2189. 2196. 2234. 2248. 2213.
 2173. 2201. 2256. 2150. 2262. 2189. 2179. 2254. 2239. 2260. 2159. 2241.
 2103. 2360. 2099. 2347. 2161. 2095. 2219. 2183. 2106. 2354. 2247. 2174.
 2232. 2124. 2151. 2167. 2163. 2231. 2231. 2163. 2135. 2199. 2150. 2175.
 2261. 2179. 2341. 2360. 2241. 2201. 2234. 2185. 2141. 2143. 2141. 2204.
 2222. 2230. 2203. 2262. 2230. 2093. 2287. 2324. 2316. 2231. 2241. 2286.
 2123. 2292. 2167. 2110. 2151. 2206. 2190. 2350. 2231. 2219. 2321. 2135.
 2162. 2135. 2140. 2201. 2116. 2211. 2177. 2272. 2210. 2241. 2150. 2175.
 2172. 2169. 2203. 2157. 2243. 2152. 2359. 2160. 2366. 2195. 2234. 2320.
 2123. 2144. 2260. 2309. 2185. 2176. 2361. 2285. 2197. 2188. 2139. 2372.
 2115. 2258. 2281. 2247. 2107. 2179. 2238. 2263. 2237. 2197. 2106. 2246.
 2240. 2161. 2299. 2105. 2213. 2311. 2132. 2285. 2221. 2218. 2294. 2193.
 2152. 2335. 2145. 2204. 2107. 2127. 2204. 2206. 2272. 2155. 2135. 2234.
 2139. 2355. 2187. 2163. 2142. 2225. 2435. 2365. 2254. 2247. 2119. 2244.
 2275. 2347. 2262. 2168. 2109. 2187. 2218. 2182. 2194. 2142. 2201. 2250.
 2129. 2207. 2281. 2194. 2247. 2243. 2199. 2159. 2178. 2165. 2243. 2346.
 2310. 2262. 2146. 2219. 2258. 2213. 2323. 2219. 2368. 2227. 2277. 2182.
 2113. 2126. 2275. 2199. 2105. 2211. 2141. 2178. 2189. 2198. 2113. 2230.
 2161. 2179. 2306. 2132. 2246. 2137. 2228. 2340. 2215. 2257. 2290. 2215.
 2371. 2179. 2106. 2260. 2139. 2217. 2142. 2138. 2229. 2194. 2112. 2119.
 2126. 2356. 2279. 2136. 2231. 2103. 2158. 2234. 2330. 2126. 2166. 2194.
 2132. 2154. 2151. 2279. 2094. 2124. 2316. 2193. 2381. 2113. 2197. 2126.
 2224. 2308. 2240. 2186.]
/Users/amane/Downloads/research/sawada/thesis/tipping_points/predictability_tipping_lab/tipping_element/amazon.py:968: MatplotlibDeprecationWarning: The get_cmap function was deprecated in Matplotlib 3.7 and will be removed two minor releases later. Use ``matplotlib.colormaps[name]`` or ``matplotlib.colormaps.get_cmap(obj)`` instead.
  cm = plt.cm.get_cmap('RdYlBu')
/Users/amane/Downloads/research/sawada/thesis/tipping_points/predictability_tipping_lab/tipping_element/amazon.py:1004: MatplotlibDeprecationWarning: The get_cmap function was deprecated in Matplotlib 3.7 and will be removed two minor releases later. Use ``matplotlib.colormaps[name]`` or ``matplotlib.colormaps.get_cmap(obj)`` instead.
  cm = plt.cm.get_cmap('RdYlBu')
/Users/amane/Downloads/research/sawada/thesis/tipping_points/predictability_tipping_lab/tipping_element/amazon.py:238: RuntimeWarning: divide by zero encountered in log
  Hprior=(-1)*np.sum(np.where(pri_bin_count <=0,0,pri_bin_count/n_particles*np.log(pri_bin_count/n_particles)))
/Users/amane/Downloads/research/sawada/thesis/tipping_points/predictability_tipping_lab/tipping_element/amazon.py:238: RuntimeWarning: invalid value encountered in multiply
  Hprior=(-1)*np.sum(np.where(pri_bin_count <=0,0,pri_bin_count/n_particles*np.log(pri_bin_count/n_particles)))
/Users/amane/Downloads/research/sawada/thesis/tipping_points/predictability_tipping_lab/tipping_element/amazon.py:239: RuntimeWarning: divide by zero encountered in log
  Hpost=(-1)*np.sum(np.where(post_bin_count<=0,0,post_bin_count/n_particles*np.log(post_bin_count/n_particles)))
/Users/amane/Downloads/research/sawada/thesis/tipping_points/predictability_tipping_lab/tipping_element/amazon.py:239: RuntimeWarning: invalid value encountered in multiply
  Hpost=(-1)*np.sum(np.where(post_bin_count<=0,0,post_bin_count/n_particles*np.log(post_bin_count/n_particles)))
[ 2324.  2263.  2271.  2374.  2251.  2321.  2233.  2269.  2226.  2288.
  2278.  2277.  2288.  2334.  2237.  2251.  2293.  2283.  2309.  2296.
  2299.  2227.  2237.  2317.  2231.  2274.  2255.  2231.  2275.  2260.
  2288.  2303.  2227.  2303.  2306.  2263.  2292.  2234.  2267.  2267.
  2288.  2274.  2323.  2254.  2237.  2223.  2274.  2319.  2278.  2263.
  2277.  2283.  2293.  2311.  2232.  2301.  2263.  2255.  2260.  2261.
  2264. 10000.  2283.  2295.  2282.  2350.  2242.  2262.  2402.  2357.
  2258.  2267.  2376.  2258.  2259.  2276.  2249.  2237.  2327.  2267.
  2253.  2248.  2234.  2279.  2301.  2341.  2280.  2273.  2309.  2237.
  2285.  2237.  2385.  2246.  2268.  2284.  2287.  2278.  2307.  2245.
  2297.  2317.  2347.  2220.  2261.  2297.  2270.  2228.  2280.  2326.
  2289.  2269.  2266.  2292.  2237.  2277.  2267.  2235.  2384.  2260.
  2242.  2362.  2267.  2309.  2228.  2224.  2443.  2288.  2278.  2277.
  2271.  2330.  2303.  2267.  2258.  2209.  2261.  2304.  2260.  2251.
  2269.  2299.  2278.  2383.  2317.  2317.  2303.  2289.  2279.  2261.
  2300.  2268.  2278.  2306.  2302.  2279.  2312.  2262.  2336.  2289.
  2265.  2266.  2303.  2267.  2249.  2231.  2313.  2229.  2252.  2237.
  2255.  2292.  2317.  2277.  2234.  2302.  2212.  2282.  2258.  2307.
  2256.  2218.  2268.  2283.  2281.  2353.  2341.  2324.  2372.  2289.
  2268.  2315.  2224.  2351.  2316.  2301.  2275.  2269.  2297.  2271.
  2263.  2297.  2262.  2289.  2299.  2306.  2311.  2264.  2253.  2282.
  2236.  2274.  2301.  2294.  2298.  2235.  2311.  2263.  2218.  2317.
  2359.  2368.  2370.  2270.  2282.  2308.  2278.  2312.  2379.  2304.
  2229.  2327.  2322.  2306.  2277.  2277.  2288.  2293.  2228.  2274.
  2220.  2282.  2301.  2272.  2305.  2237.  2265.  2240.  2211.  2344.
  2298.  2255.  2255.  2305.  2329.  2292.  2253.  2305.  2277.  2286.
  2246.  2263.  2460.  2274.  2288.  2325.  2314.  2250.  2263.  2228.
  2288.  2311.  2328.  2329.  2339.  2250.  2258.  2255.  2243.  2226.
  2360.  2320.  2297.  2258.  2340.  2236.  2306.  2231.  2291.  2294.
  2286.  2247.  2253.  2268.  2306.  2280.  2300.  2299.  2283.  2314.
  2309.  2283.  2311.  2322.  2296.  2262.  2261.  2219.  2320.  2220.
  2314.  2237.  2297.  2287.  2275.  2268.  2246.  2387.  2296.  2292.
  2288.  2278.  2367.  2326.  2237.  2249.  2260.  2294.  2290.  2261.
  2244.  2296.  2261.  2242.  2282.  2297.  2406.  2282.  2245.  2345.
  2299.  2337.  2244.  2226.  2206.  2326.  2301.  2293.  2282.  2361.
  2361.  2246.  2266.  2257.  2267.  2276.  2228.  2274.  2268.  2271.
  2291.  2297.  2310.  2260.  2301.  2259.  2340.  2325.  2273.  2299.
  2275.  2252.  2278.  2257.  2283.  2300.  2324.  2235.  2240.  2245.
  2261.  2303.  2300.  2303.  2252.  2431.  2278.  2313.  2250.  2278.
  2276.  2271.  2286.  2353.  2265.  2231.  2311.  2254.  2342.  2241.
  2251.  2226.  2257.  2274.  2262.  2309.  2297.  2324.  2271.  2228.
  2236.  2259.  2237.  2268.  2243.  2267.  2328.  2301.  2243.  2251.
  2265.  2230.  2545.  2303.  2306.  2263.  2258.  2255.  2298.  2258.
  2220.  2298.  2254.  2274.  2282.  2271.  2220.  2288.  2300.  2266.
  2266.  2274.  2317.  2359.  2217.  2262.  2229.  2317.  2312.  2258.
  2234.  2442.  2252.  2258.  2313.  2301.  2258.  2252.  2267.  2299.
  2239.  2266.  2255.  2270.  2278.  2298.  2244.  2292.  2311.  2253.
  2296.  2269.  2259.  2277.  2250.  2307.  2227.  2274.  2264.  2262.
  2278.  2302.  2307.  2287.  2239.  2263.  2275.  2210.  2287.  2237.
  2279.  2296.  2278.  2301.  2265.  2299.  2274.  2231.  2254.  2301.
  2280.  2370.  2233.  2260.  2305.  2249.  2260.  2281.  2258.  2270.
  2273.  2245.  2287.  2198.  2246.  2282.  2385.  2242.  2242.  2232.
  2264.  2395.  2311.  2312.  2277.  2269.  2307.  2260.  2319.  2327.
  2252.  2293.  2270.  2219.  2285.  2266.  2303.  2351.  2301.  2263.
  2262.  2272.  2247.  2248.  2243.  2268.  2429.  2249.  2237.  2248.
  2359.  2281.  2279.  2253.  2310.  2254.  2330.  2301.  2236.  2275.
  2257.  2234.  2226.  2385.  2249.  2268.  2297.  2237.  2416.  2386.
  2282.  2246.  2282.  2250.  2389.  2283.  2285.  2262.  2245.  2277.
  2267.  2277.  2335.  2301.  2327.  2273.  2247.  2271.  2249.  2252.
  2261.  2382.  2250.  2309.  2262.  2264.  2288.  2309.  2261.  2305.
  2234.  2278.  2207.  2358.  2323.  2303.  2323.  2371.  2303.  2278.
  2286.  2312.  2318.  2297.  2277.  2335.  2249.  2307.  2257.  2272.
  2230.  2266.  2234.  2315.  2300.  2296.  2268.  2282.  2280.  2266.
  2308.  2300.  2271.  2225.  2305.  2295.  2359.  2292.  2237.  2278.
  2252.  2273.  2221.  2261.  2262.  2268.  2247.  2325.  2224.  2282.
  2423.  2320.  2202.  2299.  2220.  2277.  2303.  2319.  2269.  2274.
  2224.  2324.  2214.  2259.  2254.  2327.  2322.  2249.  2249.  2311.
  2267.  2263.  2311.  2246.  2256.  2228.  2272.  2276.  2301.  2237.
  2228.  2253.  2306.  2246.  2296.  2294.  2227.  2261.  2251.  2262.
  2298.  2248.  2274.  2228.  2237.  2285.  2285.  2320.  2260.  2293.
  2250.  2255.  2291.  2292.  2253.  2314.  2233.  2273.  2289.  2271.
  2270.  2265.  2309.  2246.  2320.  2258.  2323.  2230.  2249.  2283.
  2277.  2292.  2300.  2311.  2312.  2298.  2293.  2259.  2341.  2318.
  2255.  2376.  2277.  2249.  2393.  2322.  2231.  2222.  2264.  2276.
  2278.  2301.  2303.  2282.  2265.  2276.  2298.  2257.  2309.  2274.
  2268.  2307.  2299.  2303.  2258.  2303.  2224.  2379.  2213.  2365.
  2259.  2213.  2292.  2272.  2226.  2370.  2305.  2262.  2297.  2235.
  2254.  2259.  2259.  2294.  2297.  2258.  2242.  2278.  2253.  2264.
  2309.  2268.  2355.  2378.  2303.  2280.  2296.  2270.  2249.  2250.
  2248.  2279.  2290.  2294.  2278.  2309.  2292.  2218.  2320.  2334.
  2329.  2296.  2304.  2316.  2234.  2325.  2264.  2224.  2252.  2281.
  2273.  2363.  2297.  2288.  2339.  2236.  2260.  2243.  2247.  2278.
  2233.  2283.  2266.  2314.  2281.  2300.  2254.  2266.  2265.  2264.
  2279.  2256.  2294.  2253.  2376.  2259.  2389.  2275.  2296.  2339.
  2235.  2251.  2310.  2335.  2270.  2265.  2379.  2322.  2277.  2277.
  2245.  2396.  2225.  2308.  2319.  2305.  2220.  2266.  2301.  2309.
  2297.  2277.  2220.  2304.  2293.  2256.  2323.  2223.  2285.  2331.
  2239.  2324.  2294.  2283.  2319.  2276.  2255.  2351.  2249.  2285.
  2227.  2236.  2278.  2279.  2317.  2259.  2248.  2296.  2248.  2371.
  2271.  2260.  2249.  2293.  2512.  2387.  2306.  2305.  2233.  2299.
  2316.  2361.  2311.  2265.  2224.  2270.  2296.  2268.  2276.  2251.
  2278.  2306.  2237.  2282.  2320.  2272.  2305.  2303.  2276.  2259.
  2269.  2260.  2291.  2361.  2335.  2308.  2249.  2292.  2307.  2289.
  2338.  2290.  2394.  2296.  2316.  2266.  2233.  2243.  2316.  2275.
  2224.  2284.  2248.  2268.  2269.  2275.  2230.  2298.  2259.  2269.
  2330.  2244.  2303.  2242.  2294.  2348.  2288.  2308.  2325.  2290.
  2396.  2271.  2220.  2307.  2248.  2286.  2246.  2245.  2294.  2276.
  2224.  2235.  2235.  2372.  2320.  2248.  2302.  2224.  2257.  2300.
  2347.  2242.  2264.  2273.  2243.  2253.  2252.  2316.  2217.  2235.
  2328.  2277.  2412.  2236.  2276.  2239.  2293.  2333.  2297.  2270.]
v range:(0,1.0)
g0 range:(25,35.0)
Topt range:(1.0,3.0)
v range:(0,1.0)
g0 range:(25,35.0)
Topt range:(1.0,3.0)
v range:(0,1.0)
g0 range:(25,35.0)
Topt range:(1.0,3.0)
v range:(0,1.0)
g0 range:(25,35.0)
Topt range:(1.0,3.0)
v range:(0,1.0)
g0 range:(25,35.0)
Topt range:(1.0,3.0)
v range:(0,1.0)
g0 range:(25,35.0)
Topt range:(1.0,3.0)
v range:(0,1.0)
g0 range:(25,35.0)
Topt range:(1.0,3.0)
v range:(0,1.0)
g0 range:(25,35.0)
Topt range:(1.0,3.0)
v range:(0,1.0)
g0 range:(25,35.0)
Topt range:(1.0,3.0)
v range:(0,1.0)
g0 range:(25,35.0)
Topt range:(1.0,3.0)
v range:(0,1.0)
g0 range:(25,35.0)
Topt range:(1.0,3.0)
v range:(0,1.0)
g0 range:(25,35.0)
Topt range:(1.0,3.0)
v range:(0,1.0)
g0 range:(25,35.0)
Topt range:(1.0,3.0)
v range:(0,1.0)
g0 range:(25,35.0)
Topt range:(1.0,3.0)
v range:(0,1.0)
g0 range:(25,35.0)
Topt range:(1.0,3.0)
v range:(0,1.0)
g0 range:(25,35.0)
Topt range:(1.0,3.0)
v range:(0,1.0)
g0 range:(25,35.0)
Topt range:(1.0,3.0)
v range:(0,1.0)
g0 range:(25,35.0)
Topt range:(1.0,3.0)
v range:(0,1.0)
g0 range:(25,35.0)
Topt range:(1.0,3.0)
v range:(0,1.0)
g0 range:(25,35.0)
Topt range:(1.0,3.0)
v range:(0,1.0)
g0 range:(25,35.0)
Topt range:(1.0,3.0)
v range:(0,1.0)
g0 range:(25,35.0)
Topt range:(1.0,3.0)
v range:(0,1.0)
g0 range:(25,35.0)
Topt range:(1.0,3.0)
v range:(0,1.0)
g0 range:(25,35.0)
Topt range:(1.0,3.0)
v range:(0,1.0)
g0 range:(25,35.0)
Topt range:(1.0,3.0)
v range:(0,1.0)
g0 range:(25,35.0)
Topt range:(1.0,3.0)
v range:(0,1.0)
g0 range:(25,35.0)
Topt range:(1.0,3.0)
v range:(0,1.0)
g0 range:(25,35.0)
Topt range:(1.0,3.0)
v range:(0,1.0)
g0 range:(25,35.0)
Topt range:(1.0,3.0)
v range:(0,1.0)
g0 range:(25,35.0)
Topt range:(1.0,3.0)
v range:(0,1.0)
g0 range:(25,35.0)
Topt range:(1.0,3.0)
v range:(0,1.0)
g0 range:(25,35.0)
Topt range:(1.0,3.0)
v range:(0,1.0)
g0 range:(25,35.0)
Topt range:(1.0,3.0)
v range:(0,1.0)
g0 range:(25,35.0)
Topt range:(1.0,3.0)
v range:(0,1.0)
g0 range:(25,35.0)
Topt range:(1.0,3.0)
v range:(0,1.0)
g0 range:(25,35.0)
Topt range:(1.0,3.0)
v range:(0,1.0)
g0 range:(25,35.0)
Topt range:(1.0,3.0)
v range:(0,1.0)
g0 range:(25,35.0)
Topt range:(1.0,3.0)
v range:(0,1.0)
g0 range:(25,35.0)
Topt range:(1.0,3.0)
v range:(0,1.0)
g0 range:(25,35.0)
Topt range:(1.0,3.0)
v range:(0,1.0)
g0 range:(25,35.0)
Topt range:(1.0,3.0)
v range:(0,1.0)
g0 range:(25,35.0)
Topt range:(1.0,3.0)
v range:(0,1.0)
g0 range:(25,35.0)
Topt range:(1.0,3.0)
v range:(0,1.0)
g0 range:(25,35.0)
Topt range:(1.0,3.0)
v range:(0,1.0)
g0 range:(25,35.0)
Topt range:(1.0,3.0)
v range:(0,1.0)
g0 range:(25,35.0)
Topt range:(1.0,3.0)
v range:(0,1.0)
g0 range:(25,35.0)
Topt range:(1.0,3.0)
v range:(0,1.0)
g0 range:(25,35.0)
Topt range:(1.0,3.0)
v range:(0,0.9999999999999999)
g0 range:(25,35.0)
Topt range:(1.0,3.0)
v range:(0,1.0)
g0 range:(25,35.0)
Topt range:(1.0,3.0)
v range:(0,1.0)
g0 range:(25,35.0)
Topt range:(1.0,3.0)
v range:(0,1.0)
g0 range:(25,35.0)
Topt range:(1.0,3.0)
v range:(0,1.0)
g0 range:(25,35.0)
Topt range:(1.0,3.0)
v range:(0,1.0)
g0 range:(25,35.0)
Topt range:(1.0,3.0)
v range:(0,1.0)
g0 range:(25,35.0)
Topt range:(1.0,3.0)
v range:(0,1.0)
g0 range:(25,35.0)
Topt range:(1.0,3.0)
v range:(0,1.0)
g0 range:(25,35.0)
Topt range:(1.0,3.0)
v range:(0,1.0)
g0 range:(25,35.0)
Topt range:(1.0,3.0)
v range:(0,1.0)
g0 range:(25,35.0)
Topt range:(1.0,3.0)
v range:(0,1.0)
g0 range:(25,35.0)
Topt range:(1.0,3.0)
v range:(0,1.0)
g0 range:(25,35.0)
Topt range:(1.0,3.0)
v range:(0,1.0)
g0 range:(25,35.0)
Topt range:(1.0,3.0)
v range:(0,1.0)
g0 range:(25,35.0)
Topt range:(1.0,3.0)
v range:(0,1.0)
g0 range:(25,35.0)
Topt range:(1.0,3.0)
v range:(0,1.0)
g0 range:(25,35.0)
Topt range:(1.0,3.0)
v range:(0,1.0)
g0 range:(25,35.0)
Topt range:(1.0,3.0)
v range:(0,1.0)
g0 range:(25,35.0)
Topt range:(1.0,3.0)
v range:(0,1.0)
g0 range:(25,35.0)
Topt range:(1.0,3.0)
v range:(0,1.0)
g0 range:(25,35.0)
Topt range:(1.0,3.0)
v range:(0,1.0)
g0 range:(25,35.0)
Topt range:(1.0,3.0)
